<?xml version="1.0" encoding="UTF-8"?>
<testsuites name="Test Suite 2" time="5.632" tests="15" failures="0" errors="0">
   <testsuite name="Test Suite 2" tests="15" failures="0" errors="0" time="5.632" skipped="0" timestamp="09-06-2024T23:53:35" hostname="phongHoai - MSI" id="Test Suites/Test Suites/Test Suite 2">
      <properties>
         <property name="deviceName" value=""/>
         <property name="devicePlatform"/>
         <property name="logFolder" value="D:\\katalon_repo\\Katalon\\Reports\\20240609_235328\\Test Suites\\Test Suite 2\\20240609_235329"/>
         <property name="logFiles" value="D:\\katalon_repo\\Katalon\\Reports\\20240609_235328\\Test Suites\\Test Suite 2\\20240609_235329\\execution0.log"/>
         <property name="attachments" value=""/>
         <property name="hostName" value="phongHoai - MSI"/>
         <property name="hostAddress" value="192.168.1.28"/>
         <property name="os" value="Windows 11 64bit"/>
         <property name="katalonVersion" value="9.5.0.217"/>
      </properties>
      <testcase name="Test Cases/API/API01" time="1.52" classname="Test Cases/API/API01" status="PASSED">
         <system-out><![CDATA[09-06-2024T23:53:35 - [TEST_CASE][PASSED] - Test Cases/API/API01: Test Cases/API/API01

09-06-2024T23:53:35 - [TEST_STEP][PASSED] - a = sendRequest(findTestObject("API/GetUsers")): Send request successfully

09-06-2024T23:53:36 - [MESSAGE][INFO] - HAR: D:\katalon_repo\Katalon\Reports\20240609_235328\Test Suites\Test Suite 2\20240609_235329\requests\main\0.har

09-06-2024T23:53:36 - [MESSAGE][PASSED] - Send request successfully

09-06-2024T23:53:36 - [TEST_STEP][PASSED] - verifyResponseStatusCode(a, 200): Verify response status code successfully

09-06-2024T23:53:36 - [MESSAGE][PASSED] - Verify response status code successfully]]></system-out>
         <system-err><![CDATA[]]></system-err>
      </testcase>
      <testcase name="Test Cases/API/API02" time="0.102" classname="Test Cases/API/API02" status="PASSED">
         <system-out><![CDATA[09-06-2024T23:53:36 - [TEST_CASE][PASSED] - Test Cases/API/API02: Test Cases/API/API02

09-06-2024T23:53:36 - [TEST_STEP][PASSED] - a = sendRequest(findTestObject("API/SingleUser")): Send request successfully

09-06-2024T23:53:36 - [MESSAGE][INFO] - HAR: D:\katalon_repo\Katalon\Reports\20240609_235328\Test Suites\Test Suite 2\20240609_235329\requests\main\1.har

09-06-2024T23:53:36 - [MESSAGE][PASSED] - Send request successfully

09-06-2024T23:53:36 - [TEST_STEP][PASSED] - verifyResponseStatusCode(a, 200): Verify response status code successfully

09-06-2024T23:53:36 - [MESSAGE][PASSED] - Verify response status code successfully]]></system-out>
         <system-err><![CDATA[]]></system-err>
      </testcase>
      <testcase name="Test Cases/API/API03" time="0.105" classname="Test Cases/API/API03" status="PASSED">
         <system-out><![CDATA[09-06-2024T23:53:36 - [TEST_CASE][PASSED] - Test Cases/API/API03: Test Cases/API/API03

09-06-2024T23:53:36 - [TEST_STEP][PASSED] - a = sendRequest(findTestObject("API/ListResource")): Send request successfully

09-06-2024T23:53:36 - [MESSAGE][INFO] - HAR: D:\katalon_repo\Katalon\Reports\20240609_235328\Test Suites\Test Suite 2\20240609_235329\requests\main\2.har

09-06-2024T23:53:36 - [MESSAGE][PASSED] - Send request successfully

09-06-2024T23:53:36 - [TEST_STEP][PASSED] - verifyResponseStatusCode(a, 200): Verify response status code successfully

09-06-2024T23:53:36 - [MESSAGE][PASSED] - Verify response status code successfully]]></system-out>
         <system-err><![CDATA[]]></system-err>
      </testcase>
      <testcase name="Test Cases/API/API04" time="0.095" classname="Test Cases/API/API04" status="PASSED">
         <system-out><![CDATA[09-06-2024T23:53:36 - [TEST_CASE][PASSED] - Test Cases/API/API04: Test Cases/API/API04

09-06-2024T23:53:37 - [TEST_STEP][PASSED] - a = sendRequest(findTestObject("API/SingleResource")): Send request successfully

09-06-2024T23:53:37 - [MESSAGE][INFO] - HAR: D:\katalon_repo\Katalon\Reports\20240609_235328\Test Suites\Test Suite 2\20240609_235329\requests\main\3.har

09-06-2024T23:53:37 - [MESSAGE][PASSED] - Send request successfully

09-06-2024T23:53:37 - [TEST_STEP][PASSED] - verifyResponseStatusCode(a, 200): Verify response status code successfully

09-06-2024T23:53:37 - [MESSAGE][PASSED] - Verify response status code successfully]]></system-out>
         <system-err><![CDATA[]]></system-err>
      </testcase>
      <testcase name="Test Cases/API/API05" time="0.1" classname="Test Cases/API/API05" status="PASSED">
         <system-out><![CDATA[09-06-2024T23:53:37 - [TEST_CASE][PASSED] - Test Cases/API/API05: Test Cases/API/API05

09-06-2024T23:53:37 - [TEST_STEP][PASSED] - a = sendRequest(findTestObject("API/CreateUser")): Send request successfully

09-06-2024T23:53:37 - [MESSAGE][INFO] - HAR: D:\katalon_repo\Katalon\Reports\20240609_235328\Test Suites\Test Suite 2\20240609_235329\requests\main\4.har

09-06-2024T23:53:37 - [MESSAGE][PASSED] - Send request successfully

09-06-2024T23:53:37 - [TEST_STEP][PASSED] - verifyResponseStatusCode(a, 200): Verify response status code successfully

09-06-2024T23:53:37 - [MESSAGE][PASSED] - Verify response status code successfully]]></system-out>
         <system-err><![CDATA[]]></system-err>
      </testcase>
      <testcase name="Test Cases/API/API06" time="0.094" classname="Test Cases/API/API06" status="PASSED">
         <system-out><![CDATA[09-06-2024T23:53:37 - [TEST_CASE][PASSED] - Test Cases/API/API06: Test Cases/API/API06

09-06-2024T23:53:37 - [TEST_STEP][PASSED] - a = sendRequest(findTestObject("API/GetUser3")): Send request successfully

09-06-2024T23:53:37 - [MESSAGE][INFO] - HAR: D:\katalon_repo\Katalon\Reports\20240609_235328\Test Suites\Test Suite 2\20240609_235329\requests\main\5.har

09-06-2024T23:53:37 - [MESSAGE][PASSED] - Send request successfully

09-06-2024T23:53:37 - [TEST_STEP][PASSED] - verifyResponseStatusCode(a, 200): Verify response status code successfully

09-06-2024T23:53:37 - [MESSAGE][PASSED] - Verify response status code successfully]]></system-out>
         <system-err><![CDATA[]]></system-err>
      </testcase>
      <testcase name="Test Cases/API/API07" time="0.089" classname="Test Cases/API/API07" status="PASSED">
         <system-out><![CDATA[09-06-2024T23:53:37 - [TEST_CASE][PASSED] - Test Cases/API/API07: Test Cases/API/API07

09-06-2024T23:53:37 - [TEST_STEP][PASSED] - a = sendRequest(findTestObject("API/GetUser4")): Send request successfully

09-06-2024T23:53:37 - [MESSAGE][INFO] - HAR: D:\katalon_repo\Katalon\Reports\20240609_235328\Test Suites\Test Suite 2\20240609_235329\requests\main\6.har

09-06-2024T23:53:37 - [MESSAGE][PASSED] - Send request successfully

09-06-2024T23:53:37 - [TEST_STEP][PASSED] - verifyResponseStatusCode(a, 200): Verify response status code successfully

09-06-2024T23:53:37 - [MESSAGE][PASSED] - Verify response status code successfully]]></system-out>
         <system-err><![CDATA[]]></system-err>
      </testcase>
      <testcase name="Test Cases/API/API08" time="0.757" classname="Test Cases/API/API08" status="PASSED">
         <system-out><![CDATA[09-06-2024T23:53:37 - [TEST_CASE][PASSED] - Test Cases/API/API08: Test Cases/API/API08

09-06-2024T23:53:37 - [TEST_STEP][PASSED] - a = sendRequest(findTestObject("API/GetUser5")): Send request successfully

09-06-2024T23:53:38 - [MESSAGE][INFO] - HAR: D:\katalon_repo\Katalon\Reports\20240609_235328\Test Suites\Test Suite 2\20240609_235329\requests\main\7.har

09-06-2024T23:53:38 - [MESSAGE][PASSED] - Send request successfully

09-06-2024T23:53:38 - [TEST_STEP][PASSED] - verifyResponseStatusCode(a, 200): Verify response status code successfully

09-06-2024T23:53:38 - [MESSAGE][PASSED] - Verify response status code successfully]]></system-out>
         <system-err><![CDATA[]]></system-err>
      </testcase>
      <testcase name="Test Cases/API/API09" time="0.101" classname="Test Cases/API/API09" status="PASSED">
         <system-out><![CDATA[09-06-2024T23:53:38 - [TEST_CASE][PASSED] - Test Cases/API/API09: Test Cases/API/API09

09-06-2024T23:53:38 - [TEST_STEP][PASSED] - a = sendRequest(findTestObject("API/GetUser6")): Send request successfully

09-06-2024T23:53:38 - [MESSAGE][INFO] - HAR: D:\katalon_repo\Katalon\Reports\20240609_235328\Test Suites\Test Suite 2\20240609_235329\requests\main\8.har

09-06-2024T23:53:38 - [MESSAGE][PASSED] - Send request successfully

09-06-2024T23:53:38 - [TEST_STEP][PASSED] - verifyResponseStatusCode(a, 200): Verify response status code successfully

09-06-2024T23:53:38 - [MESSAGE][PASSED] - Verify response status code successfully]]></system-out>
         <system-err><![CDATA[]]></system-err>
      </testcase>
      <testcase name="Test Cases/API/API10" time="0.083" classname="Test Cases/API/API10" status="PASSED">
         <system-out><![CDATA[09-06-2024T23:53:38 - [TEST_CASE][PASSED] - Test Cases/API/API10: Test Cases/API/API10

09-06-2024T23:53:38 - [TEST_STEP][PASSED] - a = sendRequest(findTestObject("API/GetUser7")): Send request successfully

09-06-2024T23:53:38 - [MESSAGE][INFO] - HAR: D:\katalon_repo\Katalon\Reports\20240609_235328\Test Suites\Test Suite 2\20240609_235329\requests\main\9.har

09-06-2024T23:53:38 - [MESSAGE][PASSED] - Send request successfully

09-06-2024T23:53:38 - [TEST_STEP][PASSED] - verifyResponseStatusCode(a, 200): Verify response status code successfully

09-06-2024T23:53:38 - [MESSAGE][PASSED] - Verify response status code successfully]]></system-out>
         <system-err><![CDATA[]]></system-err>
      </testcase>
      <testcase name="Test Cases/API/API11" time="0.743" classname="Test Cases/API/API11" status="PASSED">
         <system-out><![CDATA[09-06-2024T23:53:38 - [TEST_CASE][PASSED] - Test Cases/API/API11: Test Cases/API/API11

09-06-2024T23:53:38 - [TEST_STEP][PASSED] - a = sendRequest(findTestObject("API/GetUser8")): Send request successfully

09-06-2024T23:53:39 - [MESSAGE][INFO] - HAR: D:\katalon_repo\Katalon\Reports\20240609_235328\Test Suites\Test Suite 2\20240609_235329\requests\main\10.har

09-06-2024T23:53:39 - [MESSAGE][PASSED] - Send request successfully

09-06-2024T23:53:39 - [TEST_STEP][PASSED] - verifyResponseStatusCode(a, 200): Verify response status code successfully

09-06-2024T23:53:39 - [MESSAGE][PASSED] - Verify response status code successfully]]></system-out>
         <system-err><![CDATA[]]></system-err>
      </testcase>
      <testcase name="Test Cases/API/API12" time="0.068" classname="Test Cases/API/API12" status="PASSED">
         <system-out><![CDATA[09-06-2024T23:53:39 - [TEST_CASE][PASSED] - Test Cases/API/API12: Test Cases/API/API12

09-06-2024T23:53:39 - [TEST_STEP][PASSED] - a = sendRequest(findTestObject("API/GetUser8")): Send request successfully

09-06-2024T23:53:39 - [MESSAGE][INFO] - HAR: D:\katalon_repo\Katalon\Reports\20240609_235328\Test Suites\Test Suite 2\20240609_235329\requests\main\11.har

09-06-2024T23:53:39 - [MESSAGE][PASSED] - Send request successfully

09-06-2024T23:53:39 - [TEST_STEP][PASSED] - verifyResponseStatusCode(a, 200): Verify response status code successfully

09-06-2024T23:53:39 - [MESSAGE][PASSED] - Verify response status code successfully]]></system-out>
         <system-err><![CDATA[]]></system-err>
      </testcase>
      <testcase name="Test Cases/API/API13" time="0.768" classname="Test Cases/API/API13" status="PASSED">
         <system-out><![CDATA[09-06-2024T23:53:39 - [TEST_CASE][PASSED] - Test Cases/API/API13: Test Cases/API/API13

09-06-2024T23:53:39 - [TEST_STEP][PASSED] - a = sendRequest(findTestObject("API/GetUser9")): Send request successfully

09-06-2024T23:53:39 - [MESSAGE][INFO] - HAR: D:\katalon_repo\Katalon\Reports\20240609_235328\Test Suites\Test Suite 2\20240609_235329\requests\main\12.har

09-06-2024T23:53:39 - [MESSAGE][PASSED] - Send request successfully

09-06-2024T23:53:39 - [TEST_STEP][PASSED] - verifyResponseStatusCode(a, 200): Verify response status code successfully

09-06-2024T23:53:39 - [MESSAGE][PASSED] - Verify response status code successfully]]></system-out>
         <system-err><![CDATA[]]></system-err>
      </testcase>
      <testcase name="Test Cases/API/API14" time="0.079" classname="Test Cases/API/API14" status="PASSED">
         <system-out><![CDATA[09-06-2024T23:53:39 - [TEST_CASE][PASSED] - Test Cases/API/API14: Test Cases/API/API14

09-06-2024T23:53:39 - [TEST_STEP][PASSED] - a = sendRequest(findTestObject("API/GetUser10")): Send request successfully

09-06-2024T23:53:39 - [MESSAGE][INFO] - HAR: D:\katalon_repo\Katalon\Reports\20240609_235328\Test Suites\Test Suite 2\20240609_235329\requests\main\13.har

09-06-2024T23:53:39 - [MESSAGE][PASSED] - Send request successfully

09-06-2024T23:53:39 - [TEST_STEP][PASSED] - verifyResponseStatusCode(a, 200): Verify response status code successfully

09-06-2024T23:53:39 - [MESSAGE][PASSED] - Verify response status code successfully]]></system-out>
         <system-err><![CDATA[]]></system-err>
      </testcase>
      <testcase name="Test Cases/API/API15" time="0.794" classname="Test Cases/API/API15" status="PASSED">
         <system-out><![CDATA[09-06-2024T23:53:39 - [TEST_CASE][PASSED] - Test Cases/API/API15: Test Cases/API/API15

09-06-2024T23:53:40 - [TEST_STEP][PASSED] - a = sendRequest(findTestObject("API/GetUser11")): Send request successfully

09-06-2024T23:53:40 - [MESSAGE][INFO] - HAR: D:\katalon_repo\Katalon\Reports\20240609_235328\Test Suites\Test Suite 2\20240609_235329\requests\main\14.har

09-06-2024T23:53:40 - [MESSAGE][PASSED] - Send request successfully

09-06-2024T23:53:40 - [TEST_STEP][PASSED] - verifyResponseStatusCode(a, 200): Verify response status code successfully

09-06-2024T23:53:40 - [MESSAGE][PASSED] - Verify response status code successfully]]></system-out>
         <system-err><![CDATA[]]></system-err>
      </testcase>
      <system-out><![CDATA[09-06-2024T23:53:35 - [TEST_SUITE][PASSED] - Test Suite 2: Test Cases/API/API15]]></system-out>
      <system-err><![CDATA[]]></system-err>
   </testsuite>
</testsuites>
