<?xml version="1.0" encoding="UTF-8"?>
<testsuites name="Test Suite 3" time="12.282" tests="1" failures="0" errors="0">
   <testsuite name="Test Suite 3" tests="1" failures="0" errors="0" time="12.282" skipped="0" timestamp="10-06-2024T21:59:40" hostname="phongHoai - MSI" id="Test Suites/Test Suites/Test Suite 3">
      <properties>
         <property name="deviceName" value=""/>
         <property name="devicePlatform"/>
         <property name="logFolder" value="D:\\katalon_repo\\Katalon\\Reports\\20240610_215734\\Test Suites\\Test Suite 3\\20240610_215739"/>
         <property name="logFiles" value="D:\\katalon_repo\\Katalon\\Reports\\20240610_215734\\Test Suites\\Test Suite 3\\20240610_215739\\execution0.log"/>
         <property name="attachments" value="keyes\keyes-current_viewport.png, keyes\keyes-current_viewport1.png, keyes\keyes-current_viewport2.png, keyes\keyes-current_viewport3.png, keyes\keyes-current_viewport4.png, keyes\keyes-current_viewport5.png, keyes\keyes-current_viewport6.png, keyes\keyes-current_viewport7.png, keyes\keyes-current_viewport8.png, keyes\keyes-current_viewport9.png, keyes\keyes-current_viewport10.png, keyes\keyes-current_viewport11.png, keyes\keyes-current_viewport13.png"/>
         <property name="hostName" value="phongHoai - MSI"/>
         <property name="os" value="Windows 11 64bit"/>
         <property name="katalonVersion" value="9.5.0.217"/>
         <property name="browser" value="Chrome 125.0.0.0"/>
         <property name="hostAddress" value="192.168.1.28"/>
         <property name="sessionId" value="072a6b8370bffd2b31b4d759a3f9f6e7"/>
         <property name="seleniumVersion" value="3.141.59"/>
         <property name="proxyInformation" value="ProxyInformation { proxyOption=NO_PROXY, proxyServerType=HTTP, username=, password=********, proxyServerAddress=, proxyServerPort=0, executionList=&quot;&quot;, isApplyToDesiredCapabilities=true }"/>
         <property name="platform" value="Windows 11"/>
      </properties>
      <testcase name="Test Cases/WEB/VisualTesting" time="12.191" classname="Test Cases/WEB/VisualTesting" status="PASSED">
         <system-out><![CDATA[10-06-2024T21:59:40 - [TEST_CASE][PASSED] - Test Cases/WEB/VisualTesting: Test Cases/WEB/VisualTesting

10-06-2024T21:59:40 - [TEST_STEP][PASSED] - openBrowser(""): Browser is opened with url: ''

10-06-2024T21:59:40 - [MESSAGE][INFO] - Starting 'Chrome' driver

10-06-2024T21:59:40 - [MESSAGE][INFO] - Action delay is set to 0 milliseconds

10-06-2024T21:59:42 - [MESSAGE][PASSED] - Browser is opened with url: ''

10-06-2024T21:59:42 - [TEST_STEP][PASSED] - navigateToUrl("https://katalon-demo-cura.herokuapp.com/"): Navigate to 'https://katalon-demo-cura.herokuapp.com/' successfully

10-06-2024T21:59:44 - [MESSAGE][PASSED] - Navigate to 'https://katalon-demo-cura.herokuapp.com/' successfully

10-06-2024T21:59:44 - [TEST_STEP][PASSED] - verifyElementPresent(findTestObject("Object Repository/Page_CURA Healthcare Service/a_Make Appointment"), 0): Object 'Object Repository/Page_CURA Healthcare Service/a_Make Appointment' is present

10-06-2024T21:59:44 - [MESSAGE][WARNING] - Timeout '0' is invalid. Using default page load timeout: '30'

10-06-2024T21:59:44 - [MESSAGE][PASSED] - Object 'Object Repository/Page_CURA Healthcare Service/a_Make Appointment' is present

10-06-2024T21:59:44 - [TEST_STEP][PASSED] - takeScreenshotAsCheckpoint("current_viewport"): Taking screenshot successfully

10-06-2024T21:59:45 - [MESSAGE][INFO] - 0 hidden object(s)

10-06-2024T21:59:45 - [MESSAGE][PASSED] - Taking screenshot successfully
[[ATTACHMENT|keyes\keyes-current_viewport.png]]

10-06-2024T21:59:45 - [TEST_STEP][PASSED] - takeScreenshotAsCheckpoint("current_viewport1"): Taking screenshot successfully

10-06-2024T21:59:46 - [MESSAGE][INFO] - 0 hidden object(s)

10-06-2024T21:59:46 - [MESSAGE][PASSED] - Taking screenshot successfully
[[ATTACHMENT|keyes\keyes-current_viewport1.png]]

10-06-2024T21:59:46 - [TEST_STEP][PASSED] - takeScreenshotAsCheckpoint("current_viewport2"): Taking screenshot successfully

10-06-2024T21:59:46 - [MESSAGE][INFO] - 0 hidden object(s)

10-06-2024T21:59:46 - [MESSAGE][PASSED] - Taking screenshot successfully
[[ATTACHMENT|keyes\keyes-current_viewport2.png]]

10-06-2024T21:59:46 - [TEST_STEP][PASSED] - takeScreenshotAsCheckpoint("current_viewport3"): Taking screenshot successfully

10-06-2024T21:59:47 - [MESSAGE][INFO] - 0 hidden object(s)

10-06-2024T21:59:47 - [MESSAGE][PASSED] - Taking screenshot successfully
[[ATTACHMENT|keyes\keyes-current_viewport3.png]]

10-06-2024T21:59:47 - [TEST_STEP][PASSED] - takeScreenshotAsCheckpoint("current_viewport4"): Taking screenshot successfully

10-06-2024T21:59:47 - [MESSAGE][INFO] - 0 hidden object(s)

10-06-2024T21:59:47 - [MESSAGE][PASSED] - Taking screenshot successfully
[[ATTACHMENT|keyes\keyes-current_viewport4.png]]

10-06-2024T21:59:47 - [TEST_STEP][PASSED] - takeScreenshotAsCheckpoint("current_viewport5"): Taking screenshot successfully

10-06-2024T21:59:48 - [MESSAGE][INFO] - 0 hidden object(s)

10-06-2024T21:59:48 - [MESSAGE][PASSED] - Taking screenshot successfully
[[ATTACHMENT|keyes\keyes-current_viewport5.png]]

10-06-2024T21:59:48 - [TEST_STEP][PASSED] - takeScreenshotAsCheckpoint("current_viewport6"): Taking screenshot successfully

10-06-2024T21:59:49 - [MESSAGE][INFO] - 0 hidden object(s)

10-06-2024T21:59:49 - [MESSAGE][PASSED] - Taking screenshot successfully
[[ATTACHMENT|keyes\keyes-current_viewport6.png]]

10-06-2024T21:59:49 - [TEST_STEP][PASSED] - takeScreenshotAsCheckpoint("current_viewport7"): Taking screenshot successfully

10-06-2024T21:59:49 - [MESSAGE][INFO] - 0 hidden object(s)

10-06-2024T21:59:49 - [MESSAGE][PASSED] - Taking screenshot successfully
[[ATTACHMENT|keyes\keyes-current_viewport7.png]]

10-06-2024T21:59:49 - [TEST_STEP][PASSED] - takeScreenshotAsCheckpoint("current_viewport8"): Taking screenshot successfully

10-06-2024T21:59:50 - [MESSAGE][INFO] - 0 hidden object(s)

10-06-2024T21:59:50 - [MESSAGE][PASSED] - Taking screenshot successfully
[[ATTACHMENT|keyes\keyes-current_viewport8.png]]

10-06-2024T21:59:50 - [TEST_STEP][PASSED] - takeScreenshotAsCheckpoint("current_viewport9"): Taking screenshot successfully

10-06-2024T21:59:50 - [MESSAGE][INFO] - 0 hidden object(s)

10-06-2024T21:59:50 - [MESSAGE][PASSED] - Taking screenshot successfully
[[ATTACHMENT|keyes\keyes-current_viewport9.png]]

10-06-2024T21:59:50 - [TEST_STEP][PASSED] - takeScreenshotAsCheckpoint("current_viewport10"): Taking screenshot successfully

10-06-2024T21:59:51 - [MESSAGE][INFO] - 0 hidden object(s)

10-06-2024T21:59:51 - [MESSAGE][PASSED] - Taking screenshot successfully
[[ATTACHMENT|keyes\keyes-current_viewport10.png]]

10-06-2024T21:59:51 - [TEST_STEP][PASSED] - takeScreenshotAsCheckpoint("current_viewport11"): Taking screenshot successfully

10-06-2024T21:59:51 - [MESSAGE][INFO] - 0 hidden object(s)

10-06-2024T21:59:52 - [MESSAGE][PASSED] - Taking screenshot successfully
[[ATTACHMENT|keyes\keyes-current_viewport11.png]]

10-06-2024T21:59:52 - [TEST_STEP][PASSED] - takeScreenshotAsCheckpoint("current_viewport13"): Taking screenshot successfully

10-06-2024T21:59:52 - [MESSAGE][INFO] - 0 hidden object(s)

10-06-2024T21:59:52 - [MESSAGE][PASSED] - Taking screenshot successfully
[[ATTACHMENT|keyes\keyes-current_viewport13.png]]

10-06-2024T21:59:52 - [TEST_STEP][PASSED] - closeBrowser(): Browser is closed

10-06-2024T21:59:52 - [MESSAGE][PASSED] - Browser is closed]]></system-out>
         <system-err><![CDATA[]]></system-err>
      </testcase>
      <system-out><![CDATA[10-06-2024T21:59:40 - [TEST_SUITE][PASSED] - Test Suite 3: Test Cases/WEB/VisualTesting]]></system-out>
      <system-err><![CDATA[]]></system-err>
   </testsuite>
</testsuites>
