<?xml version="1.0" encoding="UTF-8"?>
<testsuites name="Test Suite 1" time="81.193" tests="16" failures="0" errors="0">
   <testsuite name="Test Suite 1" tests="16" failures="0" errors="0" time="81.193" skipped="0" timestamp="14-06-2024T17:33:44" hostname="phongHoai - MSI" id="Test Suites/Test Suites/Test Suite 1">
      <properties>
         <property name="deviceName" value=""/>
         <property name="devicePlatform"/>
         <property name="logFolder" value="D:\\katalon_repo\\Katalon\\Reports\\20240614_173336\\Test Suites\\Test Suite 1\\20240614_173337"/>
         <property name="logFiles" value="D:\\katalon_repo\\Katalon\\Reports\\20240614_173336\\Test Suites\\Test Suite 1\\20240614_173337\\execution0.log"/>
         <property name="attachments" value=""/>
         <property name="hostName" value="phongHoai - MSI"/>
         <property name="os" value="Windows 11 64bit"/>
         <property name="katalonVersion" value="9.5.0.217"/>
         <property name="browser" value="Chrome 125.0.0.0"/>
         <property name="hostAddress" value="192.168.1.11"/>
         <property name="sessionId" value="2af145b20b5f999b699045262e49b0fe"/>
         <property name="seleniumVersion" value="3.141.59"/>
         <property name="proxyInformation" value="ProxyInformation { proxyOption=NO_PROXY, proxyServerType=HTTP, username=, password=********, proxyServerAddress=, proxyServerPort=0, executionList=&quot;&quot;, isApplyToDesiredCapabilities=true }"/>
         <property name="platform" value="Windows 11"/>
      </properties>
      <testcase name="Test Cases/WEB/Web01" time="7.496" classname="Test Cases/WEB/Web01" status="PASSED">
         <system-out><![CDATA[14-06-2024T17:33:44 - [TEST_CASE][PASSED] - Test Cases/WEB/Web01: Test Cases/WEB/Web01

14-06-2024T17:33:44 - [TEST_STEP][PASSED] - openBrowser(""): Browser is opened with url: ''

14-06-2024T17:33:44 - [MESSAGE][INFO] - Starting 'Chrome' driver

14-06-2024T17:33:44 - [MESSAGE][INFO] - Action delay is set to 0 milliseconds

14-06-2024T17:33:47 - [MESSAGE][PASSED] - Browser is opened with url: ''

14-06-2024T17:33:47 - [TEST_STEP][PASSED] - navigateToUrl("https://katalon-demo-cura.herokuapp.com/"): Navigate to 'https://katalon-demo-cura.herokuapp.com/' successfully

14-06-2024T17:33:51 - [MESSAGE][PASSED] - Navigate to 'https://katalon-demo-cura.herokuapp.com/' successfully

14-06-2024T17:33:51 - [TEST_STEP][PASSED] - verifyElementPresent(findTestObject("Object Repository/Page_CURA Healthcare Service/h1_CURA Healthcare Service"), 0): Object 'Object Repository/Page_CURA Healthcare Service/h1_CURA Healthcare Service' is present

14-06-2024T17:33:51 - [MESSAGE][WARNING] - Timeout '0' is invalid. Using default page load timeout: '30'

14-06-2024T17:33:51 - [MESSAGE][PASSED] - Object 'Object Repository/Page_CURA Healthcare Service/h1_CURA Healthcare Service' is present

14-06-2024T17:33:51 - [TEST_STEP][PASSED] - closeBrowser(): Browser is closed

14-06-2024T17:33:51 - [MESSAGE][PASSED] - Browser is closed]]></system-out>
         <system-err><![CDATA[]]></system-err>
      </testcase>
      <testcase name="Test Cases/WEB/Web02" time="6.499" classname="Test Cases/WEB/Web02" status="PASSED">
         <system-out><![CDATA[14-06-2024T17:33:51 - [TEST_CASE][PASSED] - Test Cases/WEB/Web02: Test Cases/WEB/Web02

14-06-2024T17:33:51 - [TEST_STEP][PASSED] - openBrowser(""): Browser is opened with url: ''

14-06-2024T17:33:51 - [MESSAGE][INFO] - Starting 'Chrome' driver

14-06-2024T17:33:51 - [MESSAGE][INFO] - Action delay is set to 0 milliseconds

14-06-2024T17:33:52 - [MESSAGE][PASSED] - Browser is opened with url: ''

14-06-2024T17:33:52 - [TEST_STEP][PASSED] - navigateToUrl("https://katalon-demo-cura.herokuapp.com/"): Navigate to 'https://katalon-demo-cura.herokuapp.com/' successfully

14-06-2024T17:33:55 - [MESSAGE][PASSED] - Navigate to 'https://katalon-demo-cura.herokuapp.com/' successfully

14-06-2024T17:33:55 - [TEST_STEP][PASSED] - click(findTestObject("Object Repository/Page_CURA Healthcare Service/a_Make Appointment")): Object: 'Object Repository/Page_CURA Healthcare Service/a_Make Appointment' is clicked on

14-06-2024T17:33:56 - [MESSAGE][PASSED] - Object: 'Object Repository/Page_CURA Healthcare Service/a_Make Appointment' is clicked on

14-06-2024T17:33:56 - [TEST_STEP][PASSED] - click(findTestObject("Object Repository/Page_CURA Healthcare Service/button_Login")): Object: 'Object Repository/Page_CURA Healthcare Service/button_Login' is clicked on

14-06-2024T17:33:57 - [MESSAGE][PASSED] - Object: 'Object Repository/Page_CURA Healthcare Service/button_Login' is clicked on

14-06-2024T17:33:57 - [TEST_STEP][PASSED] - verifyElementPresent(findTestObject("Object Repository/Page_CURA Healthcare Service/p_Login failed Please ensure the username a_eb55b5"), 0): Object 'Object Repository/Page_CURA Healthcare Service/p_Login failed Please ensure the username a_eb55b5' is present

14-06-2024T17:33:57 - [MESSAGE][WARNING] - Timeout '0' is invalid. Using default page load timeout: '30'

14-06-2024T17:33:58 - [MESSAGE][PASSED] - Object 'Object Repository/Page_CURA Healthcare Service/p_Login failed Please ensure the username a_eb55b5' is present

14-06-2024T17:33:58 - [TEST_STEP][PASSED] - closeBrowser(): Browser is closed

14-06-2024T17:33:58 - [MESSAGE][PASSED] - Browser is closed]]></system-out>
         <system-err><![CDATA[]]></system-err>
      </testcase>
      <testcase name="Test Cases/WEB/Web03" time="4.294" classname="Test Cases/WEB/Web03" status="PASSED">
         <system-out><![CDATA[14-06-2024T17:33:58 - [TEST_CASE][PASSED] - Test Cases/WEB/Web03: Test Cases/WEB/Web03

14-06-2024T17:33:58 - [TEST_STEP][PASSED] - openBrowser(""): Browser is opened with url: ''

14-06-2024T17:33:58 - [MESSAGE][INFO] - Starting 'Chrome' driver

14-06-2024T17:33:58 - [MESSAGE][INFO] - Action delay is set to 0 milliseconds

14-06-2024T17:33:59 - [MESSAGE][PASSED] - Browser is opened with url: ''

14-06-2024T17:33:59 - [TEST_STEP][PASSED] - navigateToUrl("https://katalon-demo-cura.herokuapp.com/"): Navigate to 'https://katalon-demo-cura.herokuapp.com/' successfully

14-06-2024T17:34:02 - [MESSAGE][PASSED] - Navigate to 'https://katalon-demo-cura.herokuapp.com/' successfully

14-06-2024T17:34:02 - [TEST_STEP][PASSED] - waitForElementPresent(findTestObject("Page_CURA Healthcare Service/p_Atlanta 550 Pharr Road NE Suite 525Atlant_8f4c85"), 0): Object 'Object Repository/Page_CURA Healthcare Service/p_Atlanta 550 Pharr Road NE Suite 525Atlant_8f4c85' is present

14-06-2024T17:34:02 - [MESSAGE][WARNING] - Timeout '0' is invalid. Using default page load timeout: '30'

14-06-2024T17:34:02 - [MESSAGE][PASSED] - Object 'Object Repository/Page_CURA Healthcare Service/p_Atlanta 550 Pharr Road NE Suite 525Atlant_8f4c85' is present

14-06-2024T17:34:02 - [TEST_STEP][PASSED] - closeBrowser(): Browser is closed

14-06-2024T17:34:02 - [MESSAGE][PASSED] - Browser is closed]]></system-out>
         <system-err><![CDATA[]]></system-err>
      </testcase>
      <testcase name="Test Cases/WEB/Web04" time="4.609" classname="Test Cases/WEB/Web04" status="PASSED">
         <system-out><![CDATA[14-06-2024T17:34:02 - [TEST_CASE][PASSED] - Test Cases/WEB/Web04: Test Cases/WEB/Web04

14-06-2024T17:34:02 - [TEST_STEP][PASSED] - openBrowser(""): Browser is opened with url: ''

14-06-2024T17:34:02 - [MESSAGE][INFO] - Starting 'Chrome' driver

14-06-2024T17:34:02 - [MESSAGE][INFO] - Action delay is set to 0 milliseconds

14-06-2024T17:34:03 - [MESSAGE][PASSED] - Browser is opened with url: ''

14-06-2024T17:34:03 - [TEST_STEP][PASSED] - navigateToUrl("https://katalon-demo-cura.herokuapp.com/"): Navigate to 'https://katalon-demo-cura.herokuapp.com/' successfully

14-06-2024T17:34:06 - [MESSAGE][PASSED] - Navigate to 'https://katalon-demo-cura.herokuapp.com/' successfully

14-06-2024T17:34:06 - [TEST_STEP][PASSED] - click(findTestObject("Object Repository/Page_CURA Healthcare Service/a_CURA Healthcare_menu-toggle")): Object: 'Object Repository/Page_CURA Healthcare Service/a_CURA Healthcare_menu-toggle' is clicked on

14-06-2024T17:34:06 - [MESSAGE][PASSED] - Object: 'Object Repository/Page_CURA Healthcare Service/a_CURA Healthcare_menu-toggle' is clicked on

14-06-2024T17:34:06 - [TEST_STEP][PASSED] - verifyElementPresent(findTestObject("Page_CURA Healthcare Service/a_CURA Healthcare"), 0): Object 'Object Repository/Page_CURA Healthcare Service/a_CURA Healthcare' is present

14-06-2024T17:34:06 - [MESSAGE][WARNING] - Timeout '0' is invalid. Using default page load timeout: '30'

14-06-2024T17:34:06 - [MESSAGE][PASSED] - Object 'Object Repository/Page_CURA Healthcare Service/a_CURA Healthcare' is present

14-06-2024T17:34:06 - [TEST_STEP][PASSED] - closeBrowser(): Browser is closed

14-06-2024T17:34:07 - [MESSAGE][PASSED] - Browser is closed]]></system-out>
         <system-err><![CDATA[]]></system-err>
      </testcase>
      <testcase name="Test Cases/WEB/Web05" time="4.537" classname="Test Cases/WEB/Web05" status="PASSED">
         <system-out><![CDATA[14-06-2024T17:34:07 - [TEST_CASE][PASSED] - Test Cases/WEB/Web05: Test Cases/WEB/Web05

14-06-2024T17:34:07 - [TEST_STEP][PASSED] - openBrowser(""): Browser is opened with url: ''

14-06-2024T17:34:07 - [MESSAGE][INFO] - Starting 'Chrome' driver

14-06-2024T17:34:07 - [MESSAGE][INFO] - Action delay is set to 0 milliseconds

14-06-2024T17:34:07 - [MESSAGE][PASSED] - Browser is opened with url: ''

14-06-2024T17:34:07 - [TEST_STEP][PASSED] - navigateToUrl("https://katalon-demo-cura.herokuapp.com/"): Navigate to 'https://katalon-demo-cura.herokuapp.com/' successfully

14-06-2024T17:34:10 - [MESSAGE][PASSED] - Navigate to 'https://katalon-demo-cura.herokuapp.com/' successfully

14-06-2024T17:34:10 - [TEST_STEP][PASSED] - click(findTestObject("Object Repository/Page_CURA Healthcare Service/i_infokatalon.com_fa fa-facebook fa-fw fa-3x")): Object: 'Object Repository/Page_CURA Healthcare Service/i_infokatalon.com_fa fa-facebook fa-fw fa-3x' is clicked on

14-06-2024T17:34:11 - [MESSAGE][PASSED] - Object: 'Object Repository/Page_CURA Healthcare Service/i_infokatalon.com_fa fa-facebook fa-fw fa-3x' is clicked on

14-06-2024T17:34:11 - [TEST_STEP][PASSED] - verifyElementPresent(findTestObject("Page_CURA Healthcare Service/a_Home"), 0): Object 'Object Repository/Page_CURA Healthcare Service/a_Home' is present

14-06-2024T17:34:11 - [MESSAGE][WARNING] - Timeout '0' is invalid. Using default page load timeout: '30'

14-06-2024T17:34:11 - [MESSAGE][PASSED] - Object 'Object Repository/Page_CURA Healthcare Service/a_Home' is present

14-06-2024T17:34:11 - [TEST_STEP][PASSED] - closeBrowser(): Browser is closed

14-06-2024T17:34:11 - [MESSAGE][PASSED] - Browser is closed]]></system-out>
         <system-err><![CDATA[]]></system-err>
      </testcase>
      <testcase name="Test Cases/WEB/Web06" time="4.125" classname="Test Cases/WEB/Web06" status="PASSED">
         <system-out><![CDATA[14-06-2024T17:34:11 - [TEST_CASE][PASSED] - Test Cases/WEB/Web06: Test Cases/WEB/Web06

14-06-2024T17:34:11 - [TEST_STEP][PASSED] - openBrowser(""): Browser is opened with url: ''

14-06-2024T17:34:11 - [MESSAGE][INFO] - Starting 'Chrome' driver

14-06-2024T17:34:11 - [MESSAGE][INFO] - Action delay is set to 0 milliseconds

14-06-2024T17:34:12 - [MESSAGE][PASSED] - Browser is opened with url: ''

14-06-2024T17:34:12 - [TEST_STEP][PASSED] - navigateToUrl("https://katalon-demo-cura.herokuapp.com/"): Navigate to 'https://katalon-demo-cura.herokuapp.com/' successfully

14-06-2024T17:34:15 - [MESSAGE][PASSED] - Navigate to 'https://katalon-demo-cura.herokuapp.com/' successfully

14-06-2024T17:34:15 - [TEST_STEP][PASSED] - verifyElementPresent(findTestObject("Page_CURA Healthcare Service/li_(678) 813-1KMS"), 0): Object 'Object Repository/Page_CURA Healthcare Service/li_(678) 813-1KMS' is present

14-06-2024T17:34:15 - [MESSAGE][WARNING] - Timeout '0' is invalid. Using default page load timeout: '30'

14-06-2024T17:34:15 - [MESSAGE][PASSED] - Object 'Object Repository/Page_CURA Healthcare Service/li_(678) 813-1KMS' is present

14-06-2024T17:34:15 - [TEST_STEP][PASSED] - closeBrowser(): Browser is closed

14-06-2024T17:34:15 - [MESSAGE][PASSED] - Browser is closed]]></system-out>
         <system-err><![CDATA[]]></system-err>
      </testcase>
      <testcase name="Test Cases/WEB/Web07" time="4.3" classname="Test Cases/WEB/Web07" status="PASSED">
         <system-out><![CDATA[14-06-2024T17:34:15 - [TEST_CASE][PASSED] - Test Cases/WEB/Web07: Test Cases/WEB/Web07

14-06-2024T17:34:15 - [TEST_STEP][PASSED] - openBrowser(""): Browser is opened with url: ''

14-06-2024T17:34:15 - [MESSAGE][INFO] - Starting 'Chrome' driver

14-06-2024T17:34:15 - [MESSAGE][INFO] - Action delay is set to 0 milliseconds

14-06-2024T17:34:16 - [MESSAGE][PASSED] - Browser is opened with url: ''

14-06-2024T17:34:16 - [TEST_STEP][PASSED] - navigateToUrl("https://katalon-demo-cura.herokuapp.com/"): Navigate to 'https://katalon-demo-cura.herokuapp.com/' successfully

14-06-2024T17:34:19 - [MESSAGE][PASSED] - Navigate to 'https://katalon-demo-cura.herokuapp.com/' successfully

14-06-2024T17:34:19 - [TEST_STEP][PASSED] - verifyTextPresent("", false): Text '' is present on page 

14-06-2024T17:34:19 - [MESSAGE][PASSED] - Text '' is present on page 

14-06-2024T17:34:19 - [TEST_STEP][PASSED] - closeBrowser(): Browser is closed

14-06-2024T17:34:20 - [MESSAGE][PASSED] - Browser is closed]]></system-out>
         <system-err><![CDATA[]]></system-err>
      </testcase>
      <testcase name="Test Cases/WEB/Web08" time="4.099" classname="Test Cases/WEB/Web08" status="PASSED">
         <system-out><![CDATA[14-06-2024T17:34:20 - [TEST_CASE][PASSED] - Test Cases/WEB/Web08: Test Cases/WEB/Web08

14-06-2024T17:34:20 - [TEST_STEP][PASSED] - openBrowser(""): Browser is opened with url: ''

14-06-2024T17:34:20 - [MESSAGE][INFO] - Starting 'Chrome' driver

14-06-2024T17:34:20 - [MESSAGE][INFO] - Action delay is set to 0 milliseconds

14-06-2024T17:34:20 - [MESSAGE][PASSED] - Browser is opened with url: ''

14-06-2024T17:34:20 - [TEST_STEP][PASSED] - navigateToUrl("https://katalon-demo-cura.herokuapp.com/"): Navigate to 'https://katalon-demo-cura.herokuapp.com/' successfully

14-06-2024T17:34:23 - [MESSAGE][PASSED] - Navigate to 'https://katalon-demo-cura.herokuapp.com/' successfully

14-06-2024T17:34:23 - [TEST_STEP][PASSED] - waitForElementPresent(findTestObject("Page_CURA Healthcare Service/i_infokatalon.com_fa fa-facebook fa-fw fa-3x"), 0): Object 'Object Repository/Page_CURA Healthcare Service/i_infokatalon.com_fa fa-facebook fa-fw fa-3x' is present

14-06-2024T17:34:23 - [MESSAGE][WARNING] - Timeout '0' is invalid. Using default page load timeout: '30'

14-06-2024T17:34:24 - [MESSAGE][PASSED] - Object 'Object Repository/Page_CURA Healthcare Service/i_infokatalon.com_fa fa-facebook fa-fw fa-3x' is present

14-06-2024T17:34:24 - [TEST_STEP][PASSED] - closeBrowser(): Browser is closed

14-06-2024T17:34:24 - [MESSAGE][PASSED] - Browser is closed]]></system-out>
         <system-err><![CDATA[]]></system-err>
      </testcase>
      <testcase name="Test Cases/WEB/Web09" time="4.182" classname="Test Cases/WEB/Web09" status="PASSED">
         <system-out><![CDATA[14-06-2024T17:34:24 - [TEST_CASE][PASSED] - Test Cases/WEB/Web09: Test Cases/WEB/Web09

14-06-2024T17:34:24 - [TEST_STEP][PASSED] - openBrowser(""): Browser is opened with url: ''

14-06-2024T17:34:24 - [MESSAGE][INFO] - Starting 'Chrome' driver

14-06-2024T17:34:24 - [MESSAGE][INFO] - Action delay is set to 0 milliseconds

14-06-2024T17:34:25 - [MESSAGE][PASSED] - Browser is opened with url: ''

14-06-2024T17:34:25 - [TEST_STEP][PASSED] - navigateToUrl("https://katalon-demo-cura.herokuapp.com/"): Navigate to 'https://katalon-demo-cura.herokuapp.com/' successfully

14-06-2024T17:34:27 - [MESSAGE][PASSED] - Navigate to 'https://katalon-demo-cura.herokuapp.com/' successfully

14-06-2024T17:34:27 - [TEST_STEP][PASSED] - verifyElementPresent(findTestObject("Page_CURA Healthcare Service/p_Copyright  CURA Healthcare Service 2024"), 0): Object 'Object Repository/Page_CURA Healthcare Service/p_Copyright  CURA Healthcare Service 2024' is present

14-06-2024T17:34:27 - [MESSAGE][WARNING] - Timeout '0' is invalid. Using default page load timeout: '30'

14-06-2024T17:34:28 - [MESSAGE][PASSED] - Object 'Object Repository/Page_CURA Healthcare Service/p_Copyright  CURA Healthcare Service 2024' is present

14-06-2024T17:34:28 - [TEST_STEP][PASSED] - closeBrowser(): Browser is closed

14-06-2024T17:34:28 - [MESSAGE][PASSED] - Browser is closed]]></system-out>
         <system-err><![CDATA[]]></system-err>
      </testcase>
      <testcase name="Test Cases/WEB/Web10" time="4.907" classname="Test Cases/WEB/Web10" status="PASSED">
         <system-out><![CDATA[14-06-2024T17:34:28 - [TEST_CASE][PASSED] - Test Cases/WEB/Web10: Test Cases/WEB/Web10

14-06-2024T17:34:28 - [TEST_STEP][PASSED] - openBrowser(""): Browser is opened with url: ''

14-06-2024T17:34:28 - [MESSAGE][INFO] - Starting 'Chrome' driver

14-06-2024T17:34:28 - [MESSAGE][INFO] - Action delay is set to 0 milliseconds

14-06-2024T17:34:29 - [MESSAGE][PASSED] - Browser is opened with url: ''

14-06-2024T17:34:29 - [TEST_STEP][PASSED] - navigateToUrl("https://katalon-demo-cura.herokuapp.com/"): Navigate to 'https://katalon-demo-cura.herokuapp.com/' successfully

14-06-2024T17:34:32 - [MESSAGE][PASSED] - Navigate to 'https://katalon-demo-cura.herokuapp.com/' successfully

14-06-2024T17:34:32 - [TEST_STEP][PASSED] - verifyElementPresent(findTestObject("Page_CURA Healthcare Service/div_CURA Healthcare Service        We Care _b17f12"), 0): Object 'Object Repository/Page_CURA Healthcare Service/div_CURA Healthcare Service        We Care _b17f12' is present

14-06-2024T17:34:32 - [MESSAGE][WARNING] - Timeout '0' is invalid. Using default page load timeout: '30'

14-06-2024T17:34:32 - [MESSAGE][PASSED] - Object 'Object Repository/Page_CURA Healthcare Service/div_CURA Healthcare Service        We Care _b17f12' is present

14-06-2024T17:34:32 - [TEST_STEP][PASSED] - closeBrowser(): Browser is closed

14-06-2024T17:34:33 - [MESSAGE][PASSED] - Browser is closed]]></system-out>
         <system-err><![CDATA[]]></system-err>
      </testcase>
      <testcase name="Test Cases/WEB/Web11" time="4.548" classname="Test Cases/WEB/Web11" status="PASSED">
         <system-out><![CDATA[14-06-2024T17:34:33 - [TEST_CASE][PASSED] - Test Cases/WEB/Web11: Test Cases/WEB/Web11

14-06-2024T17:34:33 - [TEST_STEP][PASSED] - openBrowser(""): Browser is opened with url: ''

14-06-2024T17:34:33 - [MESSAGE][INFO] - Starting 'Chrome' driver

14-06-2024T17:34:33 - [MESSAGE][INFO] - Action delay is set to 0 milliseconds

14-06-2024T17:34:34 - [MESSAGE][PASSED] - Browser is opened with url: ''

14-06-2024T17:34:34 - [TEST_STEP][PASSED] - navigateToUrl("https://katalon-demo-cura.herokuapp.com/"): Navigate to 'https://katalon-demo-cura.herokuapp.com/' successfully

14-06-2024T17:34:37 - [MESSAGE][PASSED] - Navigate to 'https://katalon-demo-cura.herokuapp.com/' successfully

14-06-2024T17:34:37 - [TEST_STEP][PASSED] - click(findTestObject("Object Repository/Page_CURA Healthcare Service/a_CURA Healthcare_menu-toggle")): Object: 'Object Repository/Page_CURA Healthcare Service/a_CURA Healthcare_menu-toggle' is clicked on

14-06-2024T17:34:37 - [MESSAGE][PASSED] - Object: 'Object Repository/Page_CURA Healthcare Service/a_CURA Healthcare_menu-toggle' is clicked on

14-06-2024T17:34:37 - [TEST_STEP][PASSED] - verifyElementPresent(findTestObject("Page_CURA Healthcare Service/a_Login"), 0): Object 'Object Repository/Page_CURA Healthcare Service/a_Login' is present

14-06-2024T17:34:37 - [MESSAGE][WARNING] - Timeout '0' is invalid. Using default page load timeout: '30'

14-06-2024T17:34:37 - [MESSAGE][PASSED] - Object 'Object Repository/Page_CURA Healthcare Service/a_Login' is present

14-06-2024T17:34:37 - [TEST_STEP][PASSED] - closeBrowser(): Browser is closed

14-06-2024T17:34:37 - [MESSAGE][PASSED] - Browser is closed]]></system-out>
         <system-err><![CDATA[]]></system-err>
      </testcase>
      <testcase name="Test Cases/WEB/Web12" time="5.865" classname="Test Cases/WEB/Web12" status="PASSED">
         <system-out><![CDATA[14-06-2024T17:34:37 - [TEST_CASE][PASSED] - Test Cases/WEB/Web12: Test Cases/WEB/Web12

14-06-2024T17:34:37 - [TEST_STEP][PASSED] - openBrowser(""): Browser is opened with url: ''

14-06-2024T17:34:37 - [MESSAGE][INFO] - Starting 'Chrome' driver

14-06-2024T17:34:37 - [MESSAGE][INFO] - Action delay is set to 0 milliseconds

14-06-2024T17:34:38 - [MESSAGE][PASSED] - Browser is opened with url: ''

14-06-2024T17:34:38 - [TEST_STEP][PASSED] - navigateToUrl("https://katalon-demo-cura.herokuapp.com/"): Navigate to 'https://katalon-demo-cura.herokuapp.com/' successfully

14-06-2024T17:34:42 - [MESSAGE][PASSED] - Navigate to 'https://katalon-demo-cura.herokuapp.com/' successfully

14-06-2024T17:34:42 - [TEST_STEP][PASSED] - click(findTestObject("Object Repository/Page_CURA Healthcare Service/a_CURA Healthcare_menu-toggle")): Object: 'Object Repository/Page_CURA Healthcare Service/a_CURA Healthcare_menu-toggle' is clicked on

14-06-2024T17:34:42 - [MESSAGE][PASSED] - Object: 'Object Repository/Page_CURA Healthcare Service/a_CURA Healthcare_menu-toggle' is clicked on

14-06-2024T17:34:42 - [TEST_STEP][PASSED] - click(findTestObject("Object Repository/Page_CURA Healthcare Service/a_Login")): Object: 'Object Repository/Page_CURA Healthcare Service/a_Login' is clicked on

14-06-2024T17:34:43 - [MESSAGE][PASSED] - Object: 'Object Repository/Page_CURA Healthcare Service/a_Login' is clicked on

14-06-2024T17:34:43 - [TEST_STEP][PASSED] - verifyElementPresent(findTestObject("Page_CURA Healthcare Service/h2_Login"), 0): Object 'Object Repository/Page_CURA Healthcare Service/h2_Login' is present

14-06-2024T17:34:43 - [MESSAGE][WARNING] - Timeout '0' is invalid. Using default page load timeout: '30'

14-06-2024T17:34:43 - [MESSAGE][PASSED] - Object 'Object Repository/Page_CURA Healthcare Service/h2_Login' is present

14-06-2024T17:34:43 - [TEST_STEP][PASSED] - closeBrowser(): Browser is closed

14-06-2024T17:34:43 - [MESSAGE][PASSED] - Browser is closed]]></system-out>
         <system-err><![CDATA[]]></system-err>
      </testcase>
      <testcase name="Test Cases/WEB/Web13" time="5.222" classname="Test Cases/WEB/Web13" status="PASSED">
         <system-out><![CDATA[14-06-2024T17:34:43 - [TEST_CASE][PASSED] - Test Cases/WEB/Web13: Test Cases/WEB/Web13

14-06-2024T17:34:43 - [TEST_STEP][PASSED] - openBrowser(""): Browser is opened with url: ''

14-06-2024T17:34:43 - [MESSAGE][INFO] - Starting 'Chrome' driver

14-06-2024T17:34:43 - [MESSAGE][INFO] - Action delay is set to 0 milliseconds

14-06-2024T17:34:44 - [MESSAGE][PASSED] - Browser is opened with url: ''

14-06-2024T17:34:44 - [TEST_STEP][PASSED] - navigateToUrl("https://katalon-demo-cura.herokuapp.com/"): Navigate to 'https://katalon-demo-cura.herokuapp.com/' successfully

14-06-2024T17:34:47 - [MESSAGE][PASSED] - Navigate to 'https://katalon-demo-cura.herokuapp.com/' successfully

14-06-2024T17:34:47 - [TEST_STEP][PASSED] - click(findTestObject("Object Repository/Page_CURA Healthcare Service/a_CURA Healthcare_menu-toggle")): Object: 'Object Repository/Page_CURA Healthcare Service/a_CURA Healthcare_menu-toggle' is clicked on

14-06-2024T17:34:47 - [MESSAGE][PASSED] - Object: 'Object Repository/Page_CURA Healthcare Service/a_CURA Healthcare_menu-toggle' is clicked on

14-06-2024T17:34:47 - [TEST_STEP][PASSED] - click(findTestObject("Object Repository/Page_CURA Healthcare Service/a_Login")): Object: 'Object Repository/Page_CURA Healthcare Service/a_Login' is clicked on

14-06-2024T17:34:48 - [MESSAGE][PASSED] - Object: 'Object Repository/Page_CURA Healthcare Service/a_Login' is clicked on

14-06-2024T17:34:48 - [TEST_STEP][PASSED] - verifyElementPresent(findTestObject("Page_CURA Healthcare Service/p_Please login to make appointment"), 0): Object 'Object Repository/Page_CURA Healthcare Service/p_Please login to make appointment' is present

14-06-2024T17:34:48 - [MESSAGE][WARNING] - Timeout '0' is invalid. Using default page load timeout: '30'

14-06-2024T17:34:48 - [MESSAGE][PASSED] - Object 'Object Repository/Page_CURA Healthcare Service/p_Please login to make appointment' is present

14-06-2024T17:34:48 - [TEST_STEP][PASSED] - closeBrowser(): Browser is closed

14-06-2024T17:34:48 - [MESSAGE][PASSED] - Browser is closed]]></system-out>
         <system-err><![CDATA[]]></system-err>
      </testcase>
      <testcase name="Test Cases/WEB/Web14" time="5.702" classname="Test Cases/WEB/Web14" status="PASSED">
         <system-out><![CDATA[14-06-2024T17:34:48 - [TEST_CASE][PASSED] - Test Cases/WEB/Web14: Test Cases/WEB/Web14

14-06-2024T17:34:48 - [TEST_STEP][PASSED] - openBrowser(""): Browser is opened with url: ''

14-06-2024T17:34:48 - [MESSAGE][INFO] - Starting 'Chrome' driver

14-06-2024T17:34:48 - [MESSAGE][INFO] - Action delay is set to 0 milliseconds

14-06-2024T17:34:49 - [MESSAGE][PASSED] - Browser is opened with url: ''

14-06-2024T17:34:49 - [TEST_STEP][PASSED] - navigateToUrl("https://katalon-demo-cura.herokuapp.com/"): Navigate to 'https://katalon-demo-cura.herokuapp.com/' successfully

14-06-2024T17:34:52 - [MESSAGE][PASSED] - Navigate to 'https://katalon-demo-cura.herokuapp.com/' successfully

14-06-2024T17:34:52 - [TEST_STEP][PASSED] - click(findTestObject("Object Repository/Page_CURA Healthcare Service/i_infokatalon.com_fa fa-facebook fa-fw fa-3x")): Object: 'Object Repository/Page_CURA Healthcare Service/i_infokatalon.com_fa fa-facebook fa-fw fa-3x' is clicked on

14-06-2024T17:34:53 - [MESSAGE][PASSED] - Object: 'Object Repository/Page_CURA Healthcare Service/i_infokatalon.com_fa fa-facebook fa-fw fa-3x' is clicked on

14-06-2024T17:34:53 - [TEST_STEP][PASSED] - click(findTestObject("Object Repository/Page_CURA Healthcare Service/a_Login")): Object: 'Object Repository/Page_CURA Healthcare Service/a_Login' is clicked on

14-06-2024T17:34:54 - [MESSAGE][PASSED] - Object: 'Object Repository/Page_CURA Healthcare Service/a_Login' is clicked on

14-06-2024T17:34:54 - [TEST_STEP][PASSED] - verifyElementPresent(findTestObject("Page_CURA Healthcare Service/label_Demo account"), 0): Object 'Object Repository/Page_CURA Healthcare Service/label_Demo account' is present

14-06-2024T17:34:54 - [MESSAGE][WARNING] - Timeout '0' is invalid. Using default page load timeout: '30'

14-06-2024T17:34:54 - [MESSAGE][PASSED] - Object 'Object Repository/Page_CURA Healthcare Service/label_Demo account' is present

14-06-2024T17:34:54 - [TEST_STEP][PASSED] - closeBrowser(): Browser is closed

14-06-2024T17:34:54 - [MESSAGE][PASSED] - Browser is closed]]></system-out>
         <system-err><![CDATA[]]></system-err>
      </testcase>
      <testcase name="Test Cases/WEB/Web15" time="5.169" classname="Test Cases/WEB/Web15" status="PASSED">
         <system-out><![CDATA[14-06-2024T17:34:54 - [TEST_CASE][PASSED] - Test Cases/WEB/Web15: Test Cases/WEB/Web15

14-06-2024T17:34:54 - [TEST_STEP][PASSED] - openBrowser(""): Browser is opened with url: ''

14-06-2024T17:34:54 - [MESSAGE][INFO] - Starting 'Chrome' driver

14-06-2024T17:34:54 - [MESSAGE][INFO] - Action delay is set to 0 milliseconds

14-06-2024T17:34:55 - [MESSAGE][PASSED] - Browser is opened with url: ''

14-06-2024T17:34:55 - [TEST_STEP][PASSED] - navigateToUrl("https://katalon-demo-cura.herokuapp.com/"): Navigate to 'https://katalon-demo-cura.herokuapp.com/' successfully

14-06-2024T17:34:58 - [MESSAGE][PASSED] - Navigate to 'https://katalon-demo-cura.herokuapp.com/' successfully

14-06-2024T17:34:58 - [TEST_STEP][PASSED] - click(findTestObject("Object Repository/Page_CURA Healthcare Service/i_infokatalon.com_fa fa-facebook fa-fw fa-3x")): Object: 'Object Repository/Page_CURA Healthcare Service/i_infokatalon.com_fa fa-facebook fa-fw fa-3x' is clicked on

14-06-2024T17:34:58 - [MESSAGE][PASSED] - Object: 'Object Repository/Page_CURA Healthcare Service/i_infokatalon.com_fa fa-facebook fa-fw fa-3x' is clicked on

14-06-2024T17:34:58 - [TEST_STEP][PASSED] - click(findTestObject("Object Repository/Page_CURA Healthcare Service/a_Login")): Object: 'Object Repository/Page_CURA Healthcare Service/a_Login' is clicked on

14-06-2024T17:34:59 - [MESSAGE][PASSED] - Object: 'Object Repository/Page_CURA Healthcare Service/a_Login' is clicked on

14-06-2024T17:34:59 - [TEST_STEP][PASSED] - verifyElementPresent(findTestObject("Page_CURA Healthcare Service/input_Demo account_form-control"), 0): Object 'Object Repository/Page_CURA Healthcare Service/input_Demo account_form-control' is present

14-06-2024T17:34:59 - [MESSAGE][WARNING] - Timeout '0' is invalid. Using default page load timeout: '30'

14-06-2024T17:34:59 - [MESSAGE][PASSED] - Object 'Object Repository/Page_CURA Healthcare Service/input_Demo account_form-control' is present

14-06-2024T17:34:59 - [TEST_STEP][PASSED] - closeBrowser(): Browser is closed

14-06-2024T17:34:59 - [MESSAGE][PASSED] - Browser is closed]]></system-out>
         <system-err><![CDATA[]]></system-err>
      </testcase>
      <testcase name="Test Cases/WEB/Web16" time="5.416" classname="Test Cases/WEB/Web16" status="PASSED">
         <system-out><![CDATA[14-06-2024T17:34:59 - [TEST_CASE][PASSED] - Test Cases/WEB/Web16: Test Cases/WEB/Web16

14-06-2024T17:34:59 - [TEST_STEP][PASSED] - openBrowser(""): Browser is opened with url: ''

14-06-2024T17:34:59 - [MESSAGE][INFO] - Starting 'Chrome' driver

14-06-2024T17:34:59 - [MESSAGE][INFO] - Action delay is set to 0 milliseconds

14-06-2024T17:35:00 - [MESSAGE][PASSED] - Browser is opened with url: ''

14-06-2024T17:35:00 - [TEST_STEP][PASSED] - navigateToUrl("https://katalon-demo-cura.herokuapp.com/"): Navigate to 'https://katalon-demo-cura.herokuapp.com/' successfully

14-06-2024T17:35:03 - [MESSAGE][PASSED] - Navigate to 'https://katalon-demo-cura.herokuapp.com/' successfully

14-06-2024T17:35:03 - [TEST_STEP][PASSED] - click(findTestObject("Object Repository/Page_CURA Healthcare Service/a_CURA Healthcare_menu-toggle")): Object: 'Object Repository/Page_CURA Healthcare Service/a_CURA Healthcare_menu-toggle' is clicked on

14-06-2024T17:35:03 - [MESSAGE][PASSED] - Object: 'Object Repository/Page_CURA Healthcare Service/a_CURA Healthcare_menu-toggle' is clicked on

14-06-2024T17:35:03 - [TEST_STEP][PASSED] - click(findTestObject("Object Repository/Page_CURA Healthcare Service/a_Login")): Object: 'Object Repository/Page_CURA Healthcare Service/a_Login' is clicked on

14-06-2024T17:35:04 - [MESSAGE][PASSED] - Object: 'Object Repository/Page_CURA Healthcare Service/a_Login' is clicked on

14-06-2024T17:35:04 - [TEST_STEP][PASSED] - verifyElementPresent(findTestObject("Page_CURA Healthcare Service/button_Login"), 0): Object 'Object Repository/Page_CURA Healthcare Service/button_Login' is present

14-06-2024T17:35:04 - [MESSAGE][WARNING] - Timeout '0' is invalid. Using default page load timeout: '30'

14-06-2024T17:35:05 - [MESSAGE][PASSED] - Object 'Object Repository/Page_CURA Healthcare Service/button_Login' is present

14-06-2024T17:35:05 - [TEST_STEP][PASSED] - closeBrowser(): Browser is closed

14-06-2024T17:35:05 - [MESSAGE][PASSED] - Browser is closed]]></system-out>
         <system-err><![CDATA[]]></system-err>
      </testcase>
      <system-out><![CDATA[14-06-2024T17:33:44 - [TEST_SUITE][PASSED] - Test Suite 1: Test Cases/WEB/Web16]]></system-out>
      <system-err><![CDATA[]]></system-err>
   </testsuite>
</testsuites>
