<?xml version="1.0" encoding="UTF-8"?>
<testsuites name="Test Suite 1" time="87.899" tests="16" failures="0" errors="0">
   <testsuite name="Test Suite 1" tests="16" failures="0" errors="0" time="87.899" skipped="0" timestamp="14-06-2024T18:30:44" hostname="phongHoai - MSI" id="Test Suites/Test Suites/Test Suite 1">
      <properties>
         <property name="deviceName" value=""/>
         <property name="devicePlatform"/>
         <property name="logFolder" value="D:\\katalon_repo\\Katalon\\Reports\\20240614_183037\\Test Suites\\Test Suite 1\\20240614_183038"/>
         <property name="logFiles" value="D:\\katalon_repo\\Katalon\\Reports\\20240614_183037\\Test Suites\\Test Suite 1\\20240614_183038\\execution0.log"/>
         <property name="attachments" value=""/>
         <property name="hostName" value="phongHoai - MSI"/>
         <property name="os" value="Windows 11 64bit"/>
         <property name="katalonVersion" value="9.5.0.217"/>
         <property name="browser" value="Chrome 125.0.0.0"/>
         <property name="hostAddress" value="192.168.1.11"/>
         <property name="sessionId" value="de5e147178e3b3e93cfb9de15c7f0079"/>
         <property name="seleniumVersion" value="3.141.59"/>
         <property name="proxyInformation" value="ProxyInformation { proxyOption=NO_PROXY, proxyServerType=HTTP, username=, password=********, proxyServerAddress=, proxyServerPort=0, executionList=&quot;&quot;, isApplyToDesiredCapabilities=true }"/>
         <property name="platform" value="Windows 11"/>
      </properties>
      <testcase name="Test Cases/WEB/Web01" time="7.591" classname="Test Cases/WEB/Web01" status="PASSED">
         <system-out><![CDATA[14-06-2024T18:30:45 - [TEST_CASE][PASSED] - Test Cases/WEB/Web01: Test Cases/WEB/Web01

14-06-2024T18:30:45 - [TEST_STEP][PASSED] - openBrowser(""): Browser is opened with url: ''

14-06-2024T18:30:45 - [MESSAGE][INFO] - Starting 'Chrome' driver

14-06-2024T18:30:45 - [MESSAGE][INFO] - Action delay is set to 0 milliseconds

14-06-2024T18:30:46 - [MESSAGE][PASSED] - Browser is opened with url: ''

14-06-2024T18:30:46 - [TEST_STEP][PASSED] - navigateToUrl("https://katalon-demo-cura.herokuapp.com/"): Navigate to 'https://katalon-demo-cura.herokuapp.com/' successfully

14-06-2024T18:30:51 - [MESSAGE][PASSED] - Navigate to 'https://katalon-demo-cura.herokuapp.com/' successfully

14-06-2024T18:30:51 - [TEST_STEP][PASSED] - verifyElementPresent(findTestObject("Object Repository/Page_CURA Healthcare Service/h1_CURA Healthcare Service"), 0): Object 'Object Repository/Page_CURA Healthcare Service/h1_CURA Healthcare Service' is present

14-06-2024T18:30:52 - [MESSAGE][WARNING] - Timeout '0' is invalid. Using default page load timeout: '30'

14-06-2024T18:30:52 - [MESSAGE][PASSED] - Object 'Object Repository/Page_CURA Healthcare Service/h1_CURA Healthcare Service' is present

14-06-2024T18:30:52 - [TEST_STEP][PASSED] - closeBrowser(): Browser is closed

14-06-2024T18:30:52 - [MESSAGE][PASSED] - Browser is closed]]></system-out>
         <system-err><![CDATA[]]></system-err>
      </testcase>
      <testcase name="Test Cases/WEB/Web02" time="6.608" classname="Test Cases/WEB/Web02" status="PASSED">
         <system-out><![CDATA[14-06-2024T18:30:52 - [TEST_CASE][PASSED] - Test Cases/WEB/Web02: Test Cases/WEB/Web02

14-06-2024T18:30:52 - [TEST_STEP][PASSED] - openBrowser(""): Browser is opened with url: ''

14-06-2024T18:30:52 - [MESSAGE][INFO] - Starting 'Chrome' driver

14-06-2024T18:30:52 - [MESSAGE][INFO] - Action delay is set to 0 milliseconds

14-06-2024T18:30:53 - [MESSAGE][PASSED] - Browser is opened with url: ''

14-06-2024T18:30:53 - [TEST_STEP][PASSED] - navigateToUrl("https://katalon-demo-cura.herokuapp.com/"): Navigate to 'https://katalon-demo-cura.herokuapp.com/' successfully

14-06-2024T18:30:56 - [MESSAGE][PASSED] - Navigate to 'https://katalon-demo-cura.herokuapp.com/' successfully

14-06-2024T18:30:56 - [TEST_STEP][PASSED] - click(findTestObject("Object Repository/Page_CURA Healthcare Service/a_Make Appointment")): Object: 'Object Repository/Page_CURA Healthcare Service/a_Make Appointment' is clicked on

14-06-2024T18:30:57 - [MESSAGE][PASSED] - Object: 'Object Repository/Page_CURA Healthcare Service/a_Make Appointment' is clicked on

14-06-2024T18:30:57 - [TEST_STEP][PASSED] - click(findTestObject("Object Repository/Page_CURA Healthcare Service/button_Login")): Object: 'Object Repository/Page_CURA Healthcare Service/button_Login' is clicked on

14-06-2024T18:30:58 - [MESSAGE][PASSED] - Object: 'Object Repository/Page_CURA Healthcare Service/button_Login' is clicked on

14-06-2024T18:30:58 - [TEST_STEP][PASSED] - verifyElementPresent(findTestObject("Object Repository/Page_CURA Healthcare Service/p_Login failed Please ensure the username a_eb55b5"), 0): Object 'Object Repository/Page_CURA Healthcare Service/p_Login failed Please ensure the username a_eb55b5' is present

14-06-2024T18:30:58 - [MESSAGE][WARNING] - Timeout '0' is invalid. Using default page load timeout: '30'

14-06-2024T18:30:59 - [MESSAGE][PASSED] - Object 'Object Repository/Page_CURA Healthcare Service/p_Login failed Please ensure the username a_eb55b5' is present

14-06-2024T18:30:59 - [TEST_STEP][PASSED] - closeBrowser(): Browser is closed

14-06-2024T18:30:59 - [MESSAGE][PASSED] - Browser is closed]]></system-out>
         <system-err><![CDATA[]]></system-err>
      </testcase>
      <testcase name="Test Cases/WEB/Web03" time="4.293" classname="Test Cases/WEB/Web03" status="PASSED">
         <system-out><![CDATA[14-06-2024T18:30:59 - [TEST_CASE][PASSED] - Test Cases/WEB/Web03: Test Cases/WEB/Web03

14-06-2024T18:30:59 - [TEST_STEP][PASSED] - openBrowser(""): Browser is opened with url: ''

14-06-2024T18:30:59 - [MESSAGE][INFO] - Starting 'Chrome' driver

14-06-2024T18:30:59 - [MESSAGE][INFO] - Action delay is set to 0 milliseconds

14-06-2024T18:31:00 - [MESSAGE][PASSED] - Browser is opened with url: ''

14-06-2024T18:31:00 - [TEST_STEP][PASSED] - navigateToUrl("https://katalon-demo-cura.herokuapp.com/"): Navigate to 'https://katalon-demo-cura.herokuapp.com/' successfully

14-06-2024T18:31:03 - [MESSAGE][PASSED] - Navigate to 'https://katalon-demo-cura.herokuapp.com/' successfully

14-06-2024T18:31:03 - [TEST_STEP][PASSED] - waitForElementPresent(findTestObject("Page_CURA Healthcare Service/p_Atlanta 550 Pharr Road NE Suite 525Atlant_8f4c85"), 0): Object 'Object Repository/Page_CURA Healthcare Service/p_Atlanta 550 Pharr Road NE Suite 525Atlant_8f4c85' is present

14-06-2024T18:31:03 - [MESSAGE][WARNING] - Timeout '0' is invalid. Using default page load timeout: '30'

14-06-2024T18:31:03 - [MESSAGE][PASSED] - Object 'Object Repository/Page_CURA Healthcare Service/p_Atlanta 550 Pharr Road NE Suite 525Atlant_8f4c85' is present

14-06-2024T18:31:03 - [TEST_STEP][PASSED] - closeBrowser(): Browser is closed

14-06-2024T18:31:03 - [MESSAGE][PASSED] - Browser is closed]]></system-out>
         <system-err><![CDATA[]]></system-err>
      </testcase>
      <testcase name="Test Cases/WEB/Web04" time="5.224" classname="Test Cases/WEB/Web04" status="PASSED">
         <system-out><![CDATA[14-06-2024T18:31:03 - [TEST_CASE][PASSED] - Test Cases/WEB/Web04: Test Cases/WEB/Web04

14-06-2024T18:31:03 - [TEST_STEP][PASSED] - openBrowser(""): Browser is opened with url: ''

14-06-2024T18:31:03 - [MESSAGE][INFO] - Starting 'Chrome' driver

14-06-2024T18:31:03 - [MESSAGE][INFO] - Action delay is set to 0 milliseconds

14-06-2024T18:31:04 - [MESSAGE][PASSED] - Browser is opened with url: ''

14-06-2024T18:31:04 - [TEST_STEP][PASSED] - navigateToUrl("https://katalon-demo-cura.herokuapp.com/"): Navigate to 'https://katalon-demo-cura.herokuapp.com/' successfully

14-06-2024T18:31:08 - [MESSAGE][PASSED] - Navigate to 'https://katalon-demo-cura.herokuapp.com/' successfully

14-06-2024T18:31:08 - [TEST_STEP][PASSED] - click(findTestObject("Object Repository/Page_CURA Healthcare Service/a_CURA Healthcare_menu-toggle")): Object: 'Object Repository/Page_CURA Healthcare Service/a_CURA Healthcare_menu-toggle' is clicked on

14-06-2024T18:31:08 - [MESSAGE][PASSED] - Object: 'Object Repository/Page_CURA Healthcare Service/a_CURA Healthcare_menu-toggle' is clicked on

14-06-2024T18:31:08 - [TEST_STEP][PASSED] - verifyElementPresent(findTestObject("Page_CURA Healthcare Service/a_CURA Healthcare"), 0): Object 'Object Repository/Page_CURA Healthcare Service/a_CURA Healthcare' is present

14-06-2024T18:31:08 - [MESSAGE][WARNING] - Timeout '0' is invalid. Using default page load timeout: '30'

14-06-2024T18:31:08 - [MESSAGE][PASSED] - Object 'Object Repository/Page_CURA Healthcare Service/a_CURA Healthcare' is present

14-06-2024T18:31:08 - [TEST_STEP][PASSED] - closeBrowser(): Browser is closed

14-06-2024T18:31:08 - [MESSAGE][PASSED] - Browser is closed]]></system-out>
         <system-err><![CDATA[]]></system-err>
      </testcase>
      <testcase name="Test Cases/WEB/Web05" time="5.05" classname="Test Cases/WEB/Web05" status="PASSED">
         <system-out><![CDATA[14-06-2024T18:31:08 - [TEST_CASE][PASSED] - Test Cases/WEB/Web05: Test Cases/WEB/Web05

14-06-2024T18:31:08 - [TEST_STEP][PASSED] - openBrowser(""): Browser is opened with url: ''

14-06-2024T18:31:08 - [MESSAGE][INFO] - Starting 'Chrome' driver

14-06-2024T18:31:08 - [MESSAGE][INFO] - Action delay is set to 0 milliseconds

14-06-2024T18:31:09 - [MESSAGE][PASSED] - Browser is opened with url: ''

14-06-2024T18:31:09 - [TEST_STEP][PASSED] - navigateToUrl("https://katalon-demo-cura.herokuapp.com/"): Navigate to 'https://katalon-demo-cura.herokuapp.com/' successfully

14-06-2024T18:31:13 - [MESSAGE][PASSED] - Navigate to 'https://katalon-demo-cura.herokuapp.com/' successfully

14-06-2024T18:31:13 - [TEST_STEP][PASSED] - click(findTestObject("Object Repository/Page_CURA Healthcare Service/i_infokatalon.com_fa fa-facebook fa-fw fa-3x")): Object: 'Object Repository/Page_CURA Healthcare Service/i_infokatalon.com_fa fa-facebook fa-fw fa-3x' is clicked on

14-06-2024T18:31:13 - [MESSAGE][PASSED] - Object: 'Object Repository/Page_CURA Healthcare Service/i_infokatalon.com_fa fa-facebook fa-fw fa-3x' is clicked on

14-06-2024T18:31:13 - [TEST_STEP][PASSED] - verifyElementPresent(findTestObject("Page_CURA Healthcare Service/a_Home"), 0): Object 'Object Repository/Page_CURA Healthcare Service/a_Home' is present

14-06-2024T18:31:13 - [MESSAGE][WARNING] - Timeout '0' is invalid. Using default page load timeout: '30'

14-06-2024T18:31:13 - [MESSAGE][PASSED] - Object 'Object Repository/Page_CURA Healthcare Service/a_Home' is present

14-06-2024T18:31:13 - [TEST_STEP][PASSED] - closeBrowser(): Browser is closed

14-06-2024T18:31:13 - [MESSAGE][PASSED] - Browser is closed]]></system-out>
         <system-err><![CDATA[]]></system-err>
      </testcase>
      <testcase name="Test Cases/WEB/Web06" time="5.297" classname="Test Cases/WEB/Web06" status="PASSED">
         <system-out><![CDATA[14-06-2024T18:31:13 - [TEST_CASE][PASSED] - Test Cases/WEB/Web06: Test Cases/WEB/Web06

14-06-2024T18:31:13 - [TEST_STEP][PASSED] - openBrowser(""): Browser is opened with url: ''

14-06-2024T18:31:13 - [MESSAGE][INFO] - Starting 'Chrome' driver

14-06-2024T18:31:13 - [MESSAGE][INFO] - Action delay is set to 0 milliseconds

14-06-2024T18:31:14 - [MESSAGE][PASSED] - Browser is opened with url: ''

14-06-2024T18:31:14 - [TEST_STEP][PASSED] - navigateToUrl("https://katalon-demo-cura.herokuapp.com/"): Navigate to 'https://katalon-demo-cura.herokuapp.com/' successfully

14-06-2024T18:31:18 - [MESSAGE][PASSED] - Navigate to 'https://katalon-demo-cura.herokuapp.com/' successfully

14-06-2024T18:31:18 - [TEST_STEP][PASSED] - verifyElementPresent(findTestObject("Page_CURA Healthcare Service/li_(678) 813-1KMS"), 0): Object 'Object Repository/Page_CURA Healthcare Service/li_(678) 813-1KMS' is present

14-06-2024T18:31:18 - [MESSAGE][WARNING] - Timeout '0' is invalid. Using default page load timeout: '30'

14-06-2024T18:31:18 - [MESSAGE][PASSED] - Object 'Object Repository/Page_CURA Healthcare Service/li_(678) 813-1KMS' is present

14-06-2024T18:31:18 - [TEST_STEP][PASSED] - closeBrowser(): Browser is closed

14-06-2024T18:31:19 - [MESSAGE][PASSED] - Browser is closed]]></system-out>
         <system-err><![CDATA[]]></system-err>
      </testcase>
      <testcase name="Test Cases/WEB/Web07" time="4.413" classname="Test Cases/WEB/Web07" status="PASSED">
         <system-out><![CDATA[14-06-2024T18:31:19 - [TEST_CASE][PASSED] - Test Cases/WEB/Web07: Test Cases/WEB/Web07

14-06-2024T18:31:19 - [TEST_STEP][PASSED] - openBrowser(""): Browser is opened with url: ''

14-06-2024T18:31:19 - [MESSAGE][INFO] - Starting 'Chrome' driver

14-06-2024T18:31:19 - [MESSAGE][INFO] - Action delay is set to 0 milliseconds

14-06-2024T18:31:19 - [MESSAGE][PASSED] - Browser is opened with url: ''

14-06-2024T18:31:19 - [TEST_STEP][PASSED] - navigateToUrl("https://katalon-demo-cura.herokuapp.com/"): Navigate to 'https://katalon-demo-cura.herokuapp.com/' successfully

14-06-2024T18:31:23 - [MESSAGE][PASSED] - Navigate to 'https://katalon-demo-cura.herokuapp.com/' successfully

14-06-2024T18:31:23 - [TEST_STEP][PASSED] - verifyTextPresent("", false): Text '' is present on page 

14-06-2024T18:31:23 - [MESSAGE][PASSED] - Text '' is present on page 

14-06-2024T18:31:23 - [TEST_STEP][PASSED] - closeBrowser(): Browser is closed

14-06-2024T18:31:23 - [MESSAGE][PASSED] - Browser is closed]]></system-out>
         <system-err><![CDATA[]]></system-err>
      </testcase>
      <testcase name="Test Cases/WEB/Web08" time="6.083" classname="Test Cases/WEB/Web08" status="PASSED">
         <system-out><![CDATA[14-06-2024T18:31:23 - [TEST_CASE][PASSED] - Test Cases/WEB/Web08: Test Cases/WEB/Web08

14-06-2024T18:31:23 - [TEST_STEP][PASSED] - openBrowser(""): Browser is opened with url: ''

14-06-2024T18:31:23 - [MESSAGE][INFO] - Starting 'Chrome' driver

14-06-2024T18:31:23 - [MESSAGE][INFO] - Action delay is set to 0 milliseconds

14-06-2024T18:31:24 - [MESSAGE][PASSED] - Browser is opened with url: ''

14-06-2024T18:31:24 - [TEST_STEP][PASSED] - navigateToUrl("https://katalon-demo-cura.herokuapp.com/"): Navigate to 'https://katalon-demo-cura.herokuapp.com/' successfully

14-06-2024T18:31:29 - [MESSAGE][PASSED] - Navigate to 'https://katalon-demo-cura.herokuapp.com/' successfully

14-06-2024T18:31:29 - [TEST_STEP][PASSED] - waitForElementPresent(findTestObject("Page_CURA Healthcare Service/i_infokatalon.com_fa fa-facebook fa-fw fa-3x"), 0): Object 'Object Repository/Page_CURA Healthcare Service/i_infokatalon.com_fa fa-facebook fa-fw fa-3x' is present

14-06-2024T18:31:29 - [MESSAGE][WARNING] - Timeout '0' is invalid. Using default page load timeout: '30'

14-06-2024T18:31:29 - [MESSAGE][PASSED] - Object 'Object Repository/Page_CURA Healthcare Service/i_infokatalon.com_fa fa-facebook fa-fw fa-3x' is present

14-06-2024T18:31:29 - [TEST_STEP][PASSED] - closeBrowser(): Browser is closed

14-06-2024T18:31:29 - [MESSAGE][PASSED] - Browser is closed]]></system-out>
         <system-err><![CDATA[]]></system-err>
      </testcase>
      <testcase name="Test Cases/WEB/Web09" time="6.378" classname="Test Cases/WEB/Web09" status="PASSED">
         <system-out><![CDATA[14-06-2024T18:31:29 - [TEST_CASE][PASSED] - Test Cases/WEB/Web09: Test Cases/WEB/Web09

14-06-2024T18:31:29 - [TEST_STEP][PASSED] - openBrowser(""): Browser is opened with url: ''

14-06-2024T18:31:29 - [MESSAGE][INFO] - Starting 'Chrome' driver

14-06-2024T18:31:29 - [MESSAGE][INFO] - Action delay is set to 0 milliseconds

14-06-2024T18:31:30 - [MESSAGE][PASSED] - Browser is opened with url: ''

14-06-2024T18:31:30 - [TEST_STEP][PASSED] - navigateToUrl("https://katalon-demo-cura.herokuapp.com/"): Navigate to 'https://katalon-demo-cura.herokuapp.com/' successfully

14-06-2024T18:31:35 - [MESSAGE][PASSED] - Navigate to 'https://katalon-demo-cura.herokuapp.com/' successfully

14-06-2024T18:31:35 - [TEST_STEP][PASSED] - verifyElementPresent(findTestObject("Page_CURA Healthcare Service/p_Copyright  CURA Healthcare Service 2024"), 0): Object 'Object Repository/Page_CURA Healthcare Service/p_Copyright  CURA Healthcare Service 2024' is present

14-06-2024T18:31:35 - [MESSAGE][WARNING] - Timeout '0' is invalid. Using default page load timeout: '30'

14-06-2024T18:31:35 - [MESSAGE][PASSED] - Object 'Object Repository/Page_CURA Healthcare Service/p_Copyright  CURA Healthcare Service 2024' is present

14-06-2024T18:31:35 - [TEST_STEP][PASSED] - closeBrowser(): Browser is closed

14-06-2024T18:31:36 - [MESSAGE][PASSED] - Browser is closed]]></system-out>
         <system-err><![CDATA[]]></system-err>
      </testcase>
      <testcase name="Test Cases/WEB/Web10" time="4.839" classname="Test Cases/WEB/Web10" status="PASSED">
         <system-out><![CDATA[14-06-2024T18:31:36 - [TEST_CASE][PASSED] - Test Cases/WEB/Web10: Test Cases/WEB/Web10

14-06-2024T18:31:36 - [TEST_STEP][PASSED] - openBrowser(""): Browser is opened with url: ''

14-06-2024T18:31:36 - [MESSAGE][INFO] - Starting 'Chrome' driver

14-06-2024T18:31:36 - [MESSAGE][INFO] - Action delay is set to 0 milliseconds

14-06-2024T18:31:36 - [MESSAGE][PASSED] - Browser is opened with url: ''

14-06-2024T18:31:36 - [TEST_STEP][PASSED] - navigateToUrl("https://katalon-demo-cura.herokuapp.com/"): Navigate to 'https://katalon-demo-cura.herokuapp.com/' successfully

14-06-2024T18:31:40 - [MESSAGE][PASSED] - Navigate to 'https://katalon-demo-cura.herokuapp.com/' successfully

14-06-2024T18:31:40 - [TEST_STEP][PASSED] - verifyElementPresent(findTestObject("Page_CURA Healthcare Service/div_CURA Healthcare Service        We Care _b17f12"), 0): Object 'Object Repository/Page_CURA Healthcare Service/div_CURA Healthcare Service        We Care _b17f12' is present

14-06-2024T18:31:40 - [MESSAGE][WARNING] - Timeout '0' is invalid. Using default page load timeout: '30'

14-06-2024T18:31:40 - [MESSAGE][PASSED] - Object 'Object Repository/Page_CURA Healthcare Service/div_CURA Healthcare Service        We Care _b17f12' is present

14-06-2024T18:31:40 - [TEST_STEP][PASSED] - closeBrowser(): Browser is closed

14-06-2024T18:31:40 - [MESSAGE][PASSED] - Browser is closed]]></system-out>
         <system-err><![CDATA[]]></system-err>
      </testcase>
      <testcase name="Test Cases/WEB/Web11" time="4.54" classname="Test Cases/WEB/Web11" status="PASSED">
         <system-out><![CDATA[14-06-2024T18:31:40 - [TEST_CASE][PASSED] - Test Cases/WEB/Web11: Test Cases/WEB/Web11

14-06-2024T18:31:40 - [TEST_STEP][PASSED] - openBrowser(""): Browser is opened with url: ''

14-06-2024T18:31:40 - [MESSAGE][INFO] - Starting 'Chrome' driver

14-06-2024T18:31:40 - [MESSAGE][INFO] - Action delay is set to 0 milliseconds

14-06-2024T18:31:41 - [MESSAGE][PASSED] - Browser is opened with url: ''

14-06-2024T18:31:41 - [TEST_STEP][PASSED] - navigateToUrl("https://katalon-demo-cura.herokuapp.com/"): Navigate to 'https://katalon-demo-cura.herokuapp.com/' successfully

14-06-2024T18:31:44 - [MESSAGE][PASSED] - Navigate to 'https://katalon-demo-cura.herokuapp.com/' successfully

14-06-2024T18:31:44 - [TEST_STEP][PASSED] - click(findTestObject("Object Repository/Page_CURA Healthcare Service/a_CURA Healthcare_menu-toggle")): Object: 'Object Repository/Page_CURA Healthcare Service/a_CURA Healthcare_menu-toggle' is clicked on

14-06-2024T18:31:44 - [MESSAGE][PASSED] - Object: 'Object Repository/Page_CURA Healthcare Service/a_CURA Healthcare_menu-toggle' is clicked on

14-06-2024T18:31:44 - [TEST_STEP][PASSED] - verifyElementPresent(findTestObject("Page_CURA Healthcare Service/a_Login"), 0): Object 'Object Repository/Page_CURA Healthcare Service/a_Login' is present

14-06-2024T18:31:44 - [MESSAGE][WARNING] - Timeout '0' is invalid. Using default page load timeout: '30'

14-06-2024T18:31:45 - [MESSAGE][PASSED] - Object 'Object Repository/Page_CURA Healthcare Service/a_Login' is present

14-06-2024T18:31:45 - [TEST_STEP][PASSED] - closeBrowser(): Browser is closed

14-06-2024T18:31:45 - [MESSAGE][PASSED] - Browser is closed]]></system-out>
         <system-err><![CDATA[]]></system-err>
      </testcase>
      <testcase name="Test Cases/WEB/Web12" time="5.329" classname="Test Cases/WEB/Web12" status="PASSED">
         <system-out><![CDATA[14-06-2024T18:31:45 - [TEST_CASE][PASSED] - Test Cases/WEB/Web12: Test Cases/WEB/Web12

14-06-2024T18:31:45 - [TEST_STEP][PASSED] - openBrowser(""): Browser is opened with url: ''

14-06-2024T18:31:45 - [MESSAGE][INFO] - Starting 'Chrome' driver

14-06-2024T18:31:45 - [MESSAGE][INFO] - Action delay is set to 0 milliseconds

14-06-2024T18:31:46 - [MESSAGE][PASSED] - Browser is opened with url: ''

14-06-2024T18:31:46 - [TEST_STEP][PASSED] - navigateToUrl("https://katalon-demo-cura.herokuapp.com/"): Navigate to 'https://katalon-demo-cura.herokuapp.com/' successfully

14-06-2024T18:31:49 - [MESSAGE][PASSED] - Navigate to 'https://katalon-demo-cura.herokuapp.com/' successfully

14-06-2024T18:31:49 - [TEST_STEP][PASSED] - click(findTestObject("Object Repository/Page_CURA Healthcare Service/a_CURA Healthcare_menu-toggle")): Object: 'Object Repository/Page_CURA Healthcare Service/a_CURA Healthcare_menu-toggle' is clicked on

14-06-2024T18:31:49 - [MESSAGE][PASSED] - Object: 'Object Repository/Page_CURA Healthcare Service/a_CURA Healthcare_menu-toggle' is clicked on

14-06-2024T18:31:49 - [TEST_STEP][PASSED] - click(findTestObject("Object Repository/Page_CURA Healthcare Service/a_Login")): Object: 'Object Repository/Page_CURA Healthcare Service/a_Login' is clicked on

14-06-2024T18:31:50 - [MESSAGE][PASSED] - Object: 'Object Repository/Page_CURA Healthcare Service/a_Login' is clicked on

14-06-2024T18:31:50 - [TEST_STEP][PASSED] - verifyElementPresent(findTestObject("Page_CURA Healthcare Service/h2_Login"), 0): Object 'Object Repository/Page_CURA Healthcare Service/h2_Login' is present

14-06-2024T18:31:50 - [MESSAGE][WARNING] - Timeout '0' is invalid. Using default page load timeout: '30'

14-06-2024T18:31:50 - [MESSAGE][PASSED] - Object 'Object Repository/Page_CURA Healthcare Service/h2_Login' is present

14-06-2024T18:31:50 - [TEST_STEP][PASSED] - closeBrowser(): Browser is closed

14-06-2024T18:31:50 - [MESSAGE][PASSED] - Browser is closed]]></system-out>
         <system-err><![CDATA[]]></system-err>
      </testcase>
      <testcase name="Test Cases/WEB/Web13" time="5.354" classname="Test Cases/WEB/Web13" status="PASSED">
         <system-out><![CDATA[14-06-2024T18:31:50 - [TEST_CASE][PASSED] - Test Cases/WEB/Web13: Test Cases/WEB/Web13

14-06-2024T18:31:50 - [TEST_STEP][PASSED] - openBrowser(""): Browser is opened with url: ''

14-06-2024T18:31:50 - [MESSAGE][INFO] - Starting 'Chrome' driver

14-06-2024T18:31:50 - [MESSAGE][INFO] - Action delay is set to 0 milliseconds

14-06-2024T18:31:51 - [MESSAGE][PASSED] - Browser is opened with url: ''

14-06-2024T18:31:51 - [TEST_STEP][PASSED] - navigateToUrl("https://katalon-demo-cura.herokuapp.com/"): Navigate to 'https://katalon-demo-cura.herokuapp.com/' successfully

14-06-2024T18:31:54 - [MESSAGE][PASSED] - Navigate to 'https://katalon-demo-cura.herokuapp.com/' successfully

14-06-2024T18:31:54 - [TEST_STEP][PASSED] - click(findTestObject("Object Repository/Page_CURA Healthcare Service/a_CURA Healthcare_menu-toggle")): Object: 'Object Repository/Page_CURA Healthcare Service/a_CURA Healthcare_menu-toggle' is clicked on

14-06-2024T18:31:54 - [MESSAGE][PASSED] - Object: 'Object Repository/Page_CURA Healthcare Service/a_CURA Healthcare_menu-toggle' is clicked on

14-06-2024T18:31:54 - [TEST_STEP][PASSED] - click(findTestObject("Object Repository/Page_CURA Healthcare Service/a_Login")): Object: 'Object Repository/Page_CURA Healthcare Service/a_Login' is clicked on

14-06-2024T18:31:55 - [MESSAGE][PASSED] - Object: 'Object Repository/Page_CURA Healthcare Service/a_Login' is clicked on

14-06-2024T18:31:55 - [TEST_STEP][PASSED] - verifyElementPresent(findTestObject("Page_CURA Healthcare Service/p_Please login to make appointment"), 0): Object 'Object Repository/Page_CURA Healthcare Service/p_Please login to make appointment' is present

14-06-2024T18:31:55 - [MESSAGE][WARNING] - Timeout '0' is invalid. Using default page load timeout: '30'

14-06-2024T18:31:55 - [MESSAGE][PASSED] - Object 'Object Repository/Page_CURA Healthcare Service/p_Please login to make appointment' is present

14-06-2024T18:31:55 - [TEST_STEP][PASSED] - closeBrowser(): Browser is closed

14-06-2024T18:31:56 - [MESSAGE][PASSED] - Browser is closed]]></system-out>
         <system-err><![CDATA[]]></system-err>
      </testcase>
      <testcase name="Test Cases/WEB/Web14" time="5.331" classname="Test Cases/WEB/Web14" status="PASSED">
         <system-out><![CDATA[14-06-2024T18:31:56 - [TEST_CASE][PASSED] - Test Cases/WEB/Web14: Test Cases/WEB/Web14

14-06-2024T18:31:56 - [TEST_STEP][PASSED] - openBrowser(""): Browser is opened with url: ''

14-06-2024T18:31:56 - [MESSAGE][INFO] - Starting 'Chrome' driver

14-06-2024T18:31:56 - [MESSAGE][INFO] - Action delay is set to 0 milliseconds

14-06-2024T18:31:56 - [MESSAGE][PASSED] - Browser is opened with url: ''

14-06-2024T18:31:56 - [TEST_STEP][PASSED] - navigateToUrl("https://katalon-demo-cura.herokuapp.com/"): Navigate to 'https://katalon-demo-cura.herokuapp.com/' successfully

14-06-2024T18:31:59 - [MESSAGE][PASSED] - Navigate to 'https://katalon-demo-cura.herokuapp.com/' successfully

14-06-2024T18:31:59 - [TEST_STEP][PASSED] - click(findTestObject("Object Repository/Page_CURA Healthcare Service/i_infokatalon.com_fa fa-facebook fa-fw fa-3x")): Object: 'Object Repository/Page_CURA Healthcare Service/i_infokatalon.com_fa fa-facebook fa-fw fa-3x' is clicked on

14-06-2024T18:32:00 - [MESSAGE][PASSED] - Object: 'Object Repository/Page_CURA Healthcare Service/i_infokatalon.com_fa fa-facebook fa-fw fa-3x' is clicked on

14-06-2024T18:32:00 - [TEST_STEP][PASSED] - click(findTestObject("Object Repository/Page_CURA Healthcare Service/a_Login")): Object: 'Object Repository/Page_CURA Healthcare Service/a_Login' is clicked on

14-06-2024T18:32:00 - [MESSAGE][PASSED] - Object: 'Object Repository/Page_CURA Healthcare Service/a_Login' is clicked on

14-06-2024T18:32:00 - [TEST_STEP][PASSED] - verifyElementPresent(findTestObject("Page_CURA Healthcare Service/label_Demo account"), 0): Object 'Object Repository/Page_CURA Healthcare Service/label_Demo account' is present

14-06-2024T18:32:00 - [MESSAGE][WARNING] - Timeout '0' is invalid. Using default page load timeout: '30'

14-06-2024T18:32:01 - [MESSAGE][PASSED] - Object 'Object Repository/Page_CURA Healthcare Service/label_Demo account' is present

14-06-2024T18:32:01 - [TEST_STEP][PASSED] - closeBrowser(): Browser is closed

14-06-2024T18:32:01 - [MESSAGE][PASSED] - Browser is closed]]></system-out>
         <system-err><![CDATA[]]></system-err>
      </testcase>
      <testcase name="Test Cases/WEB/Web15" time="5.44" classname="Test Cases/WEB/Web15" status="PASSED">
         <system-out><![CDATA[14-06-2024T18:32:01 - [TEST_CASE][PASSED] - Test Cases/WEB/Web15: Test Cases/WEB/Web15

14-06-2024T18:32:01 - [TEST_STEP][PASSED] - openBrowser(""): Browser is opened with url: ''

14-06-2024T18:32:01 - [MESSAGE][INFO] - Starting 'Chrome' driver

14-06-2024T18:32:01 - [MESSAGE][INFO] - Action delay is set to 0 milliseconds

14-06-2024T18:32:02 - [MESSAGE][PASSED] - Browser is opened with url: ''

14-06-2024T18:32:02 - [TEST_STEP][PASSED] - navigateToUrl("https://katalon-demo-cura.herokuapp.com/"): Navigate to 'https://katalon-demo-cura.herokuapp.com/' successfully

14-06-2024T18:32:05 - [MESSAGE][PASSED] - Navigate to 'https://katalon-demo-cura.herokuapp.com/' successfully

14-06-2024T18:32:05 - [TEST_STEP][PASSED] - click(findTestObject("Object Repository/Page_CURA Healthcare Service/i_infokatalon.com_fa fa-facebook fa-fw fa-3x")): Object: 'Object Repository/Page_CURA Healthcare Service/i_infokatalon.com_fa fa-facebook fa-fw fa-3x' is clicked on

14-06-2024T18:32:05 - [MESSAGE][PASSED] - Object: 'Object Repository/Page_CURA Healthcare Service/i_infokatalon.com_fa fa-facebook fa-fw fa-3x' is clicked on

14-06-2024T18:32:05 - [TEST_STEP][PASSED] - click(findTestObject("Object Repository/Page_CURA Healthcare Service/a_Login")): Object: 'Object Repository/Page_CURA Healthcare Service/a_Login' is clicked on

14-06-2024T18:32:06 - [MESSAGE][PASSED] - Object: 'Object Repository/Page_CURA Healthcare Service/a_Login' is clicked on

14-06-2024T18:32:06 - [TEST_STEP][PASSED] - verifyElementPresent(findTestObject("Page_CURA Healthcare Service/input_Demo account_form-control"), 0): Object 'Object Repository/Page_CURA Healthcare Service/input_Demo account_form-control' is present

14-06-2024T18:32:06 - [MESSAGE][WARNING] - Timeout '0' is invalid. Using default page load timeout: '30'

14-06-2024T18:32:06 - [MESSAGE][PASSED] - Object 'Object Repository/Page_CURA Healthcare Service/input_Demo account_form-control' is present

14-06-2024T18:32:06 - [TEST_STEP][PASSED] - closeBrowser(): Browser is closed

14-06-2024T18:32:06 - [MESSAGE][PASSED] - Browser is closed]]></system-out>
         <system-err><![CDATA[]]></system-err>
      </testcase>
      <testcase name="Test Cases/WEB/Web16" time="5.981" classname="Test Cases/WEB/Web16" status="PASSED">
         <system-out><![CDATA[14-06-2024T18:32:06 - [TEST_CASE][PASSED] - Test Cases/WEB/Web16: Test Cases/WEB/Web16

14-06-2024T18:32:06 - [TEST_STEP][PASSED] - openBrowser(""): Browser is opened with url: ''

14-06-2024T18:32:06 - [MESSAGE][INFO] - Starting 'Chrome' driver

14-06-2024T18:32:06 - [MESSAGE][INFO] - Action delay is set to 0 milliseconds

14-06-2024T18:32:07 - [MESSAGE][PASSED] - Browser is opened with url: ''

14-06-2024T18:32:07 - [TEST_STEP][PASSED] - navigateToUrl("https://katalon-demo-cura.herokuapp.com/"): Navigate to 'https://katalon-demo-cura.herokuapp.com/' successfully

14-06-2024T18:32:11 - [MESSAGE][PASSED] - Navigate to 'https://katalon-demo-cura.herokuapp.com/' successfully

14-06-2024T18:32:11 - [TEST_STEP][PASSED] - click(findTestObject("Object Repository/Page_CURA Healthcare Service/a_CURA Healthcare_menu-toggle")): Object: 'Object Repository/Page_CURA Healthcare Service/a_CURA Healthcare_menu-toggle' is clicked on

14-06-2024T18:32:11 - [MESSAGE][PASSED] - Object: 'Object Repository/Page_CURA Healthcare Service/a_CURA Healthcare_menu-toggle' is clicked on

14-06-2024T18:32:11 - [TEST_STEP][PASSED] - click(findTestObject("Object Repository/Page_CURA Healthcare Service/a_Login")): Object: 'Object Repository/Page_CURA Healthcare Service/a_Login' is clicked on

14-06-2024T18:32:12 - [MESSAGE][PASSED] - Object: 'Object Repository/Page_CURA Healthcare Service/a_Login' is clicked on

14-06-2024T18:32:12 - [TEST_STEP][PASSED] - verifyElementPresent(findTestObject("Page_CURA Healthcare Service/button_Login"), 0): Object 'Object Repository/Page_CURA Healthcare Service/button_Login' is present

14-06-2024T18:32:12 - [MESSAGE][WARNING] - Timeout '0' is invalid. Using default page load timeout: '30'

14-06-2024T18:32:12 - [MESSAGE][PASSED] - Object 'Object Repository/Page_CURA Healthcare Service/button_Login' is present

14-06-2024T18:32:12 - [TEST_STEP][PASSED] - closeBrowser(): Browser is closed

14-06-2024T18:32:12 - [MESSAGE][PASSED] - Browser is closed]]></system-out>
         <system-err><![CDATA[]]></system-err>
      </testcase>
      <system-out><![CDATA[14-06-2024T18:30:44 - [TEST_SUITE][PASSED] - Test Suite 1: Test Cases/WEB/Web16]]></system-out>
      <system-err><![CDATA[]]></system-err>
   </testsuite>
</testsuites>
