<?xml version="1.0" encoding="UTF-8"?>
<testsuites name="Test Suite 1" time="25.026" tests="4" failures="0" errors="0">
   <testsuite name="Test Suite 1" tests="4" failures="0" errors="0" time="25.026" skipped="0" timestamp="09-06-2024T23:59:47" hostname="phongHoai - MSI" id="Test Suites/Test Suites/Test Suite 1">
      <properties>
         <property name="deviceName" value=""/>
         <property name="devicePlatform"/>
         <property name="logFolder" value="D:\\katalon_repo\\Katalon\\Reports\\20240609_235940\\Test Suites\\Test Suite 1\\20240609_235941"/>
         <property name="logFiles" value="D:\\katalon_repo\\Katalon\\Reports\\20240609_235940\\Test Suites\\Test Suite 1\\20240609_235941\\execution0.log"/>
         <property name="attachments" value=""/>
         <property name="hostName" value="phongHoai - MSI"/>
         <property name="os" value="Windows 11 64bit"/>
         <property name="katalonVersion" value="9.5.0.217"/>
         <property name="browser" value="Chrome 125.0.0.0"/>
         <property name="hostAddress" value="192.168.1.28"/>
         <property name="sessionId" value="8663685e6ce5853a4ff004b615915f72"/>
         <property name="seleniumVersion" value="3.141.59"/>
         <property name="proxyInformation" value="ProxyInformation { proxyOption=NO_PROXY, proxyServerType=HTTP, username=, password=********, proxyServerAddress=, proxyServerPort=0, executionList=&quot;&quot;, isApplyToDesiredCapabilities=true }"/>
         <property name="platform" value="Windows 11"/>
      </properties>
      <testcase name="Test Cases/WEB/Web01" time="7.277" classname="Test Cases/WEB/Web01" status="PASSED">
         <system-out><![CDATA[09-06-2024T23:59:47 - [TEST_CASE][PASSED] - Test Cases/WEB/Web01: Test Cases/WEB/Web01

09-06-2024T23:59:47 - [TEST_STEP][PASSED] - openBrowser(""): Browser is opened with url: ''

09-06-2024T23:59:47 - [MESSAGE][INFO] - Starting 'Chrome' driver

09-06-2024T23:59:47 - [MESSAGE][INFO] - Action delay is set to 0 milliseconds

09-06-2024T23:59:48 - [MESSAGE][PASSED] - Browser is opened with url: ''

09-06-2024T23:59:48 - [TEST_STEP][PASSED] - navigateToUrl("https://katalon-demo-cura.herokuapp.com/"): Navigate to 'https://katalon-demo-cura.herokuapp.com/' successfully

09-06-2024T23:59:53 - [MESSAGE][PASSED] - Navigate to 'https://katalon-demo-cura.herokuapp.com/' successfully

09-06-2024T23:59:53 - [TEST_STEP][PASSED] - verifyElementPresent(findTestObject("Object Repository/Page_CURA Healthcare Service/h1_CURA Healthcare Service"), 0): Object 'Object Repository/Page_CURA Healthcare Service/h1_CURA Healthcare Service' is present

09-06-2024T23:59:54 - [MESSAGE][WARNING] - Timeout '0' is invalid. Using default page load timeout: '30'

09-06-2024T23:59:54 - [MESSAGE][PASSED] - Object 'Object Repository/Page_CURA Healthcare Service/h1_CURA Healthcare Service' is present

09-06-2024T23:59:54 - [TEST_STEP][PASSED] - closeBrowser(): Browser is closed

09-06-2024T23:59:54 - [MESSAGE][PASSED] - Browser is closed]]></system-out>
         <system-err><![CDATA[]]></system-err>
      </testcase>
      <testcase name="Test Cases/WEB/Web02" time="9.226" classname="Test Cases/WEB/Web02" status="PASSED">
         <system-out><![CDATA[09-06-2024T23:59:54 - [TEST_CASE][PASSED] - Test Cases/WEB/Web02: Test Cases/WEB/Web02

09-06-2024T23:59:54 - [TEST_STEP][PASSED] - openBrowser(""): Browser is opened with url: ''

09-06-2024T23:59:54 - [MESSAGE][INFO] - Starting 'Chrome' driver

09-06-2024T23:59:54 - [MESSAGE][INFO] - Action delay is set to 0 milliseconds

09-06-2024T23:59:55 - [MESSAGE][PASSED] - Browser is opened with url: ''

09-06-2024T23:59:55 - [TEST_STEP][PASSED] - navigateToUrl("https://katalon-demo-cura.herokuapp.com/"): Navigate to 'https://katalon-demo-cura.herokuapp.com/' successfully

10-06-2024T00:00:01 - [MESSAGE][PASSED] - Navigate to 'https://katalon-demo-cura.herokuapp.com/' successfully

10-06-2024T00:00:01 - [TEST_STEP][PASSED] - click(findTestObject("Object Repository/Page_CURA Healthcare Service/a_Make Appointment")): Object: 'Object Repository/Page_CURA Healthcare Service/a_Make Appointment' is clicked on

10-06-2024T00:00:02 - [MESSAGE][PASSED] - Object: 'Object Repository/Page_CURA Healthcare Service/a_Make Appointment' is clicked on

10-06-2024T00:00:02 - [TEST_STEP][PASSED] - click(findTestObject("Object Repository/Page_CURA Healthcare Service/button_Login")): Object: 'Object Repository/Page_CURA Healthcare Service/button_Login' is clicked on

10-06-2024T00:00:03 - [MESSAGE][PASSED] - Object: 'Object Repository/Page_CURA Healthcare Service/button_Login' is clicked on

10-06-2024T00:00:03 - [TEST_STEP][PASSED] - verifyElementPresent(findTestObject("Object Repository/Page_CURA Healthcare Service/p_Login failed Please ensure the username a_eb55b5"), 0): Object 'Object Repository/Page_CURA Healthcare Service/p_Login failed Please ensure the username a_eb55b5' is present

10-06-2024T00:00:03 - [MESSAGE][WARNING] - Timeout '0' is invalid. Using default page load timeout: '30'

10-06-2024T00:00:03 - [MESSAGE][PASSED] - Object 'Object Repository/Page_CURA Healthcare Service/p_Login failed Please ensure the username a_eb55b5' is present

10-06-2024T00:00:03 - [TEST_STEP][PASSED] - closeBrowser(): Browser is closed

10-06-2024T00:00:03 - [MESSAGE][PASSED] - Browser is closed]]></system-out>
         <system-err><![CDATA[]]></system-err>
      </testcase>
      <testcase name="Test Cases/WEB/Web03" time="4.409" classname="Test Cases/WEB/Web03" status="PASSED">
         <system-out><![CDATA[10-06-2024T00:00:03 - [TEST_CASE][PASSED] - Test Cases/WEB/Web03: Test Cases/WEB/Web03

10-06-2024T00:00:03 - [TEST_STEP][PASSED] - openBrowser(""): Browser is opened with url: ''

10-06-2024T00:00:03 - [MESSAGE][INFO] - Starting 'Chrome' driver

10-06-2024T00:00:03 - [MESSAGE][INFO] - Action delay is set to 0 milliseconds

10-06-2024T00:00:04 - [MESSAGE][PASSED] - Browser is opened with url: ''

10-06-2024T00:00:04 - [TEST_STEP][PASSED] - navigateToUrl("https://katalon-demo-cura.herokuapp.com/"): Navigate to 'https://katalon-demo-cura.herokuapp.com/' successfully

10-06-2024T00:00:07 - [MESSAGE][PASSED] - Navigate to 'https://katalon-demo-cura.herokuapp.com/' successfully

10-06-2024T00:00:07 - [TEST_STEP][PASSED] - click(findTestObject("Object Repository/Page_CURA Healthcare Service/h3_We Care About Your Health")): Object: 'Object Repository/Page_CURA Healthcare Service/h3_We Care About Your Health' is clicked on

10-06-2024T00:00:07 - [MESSAGE][WARNING] - [SELF-HEALING] Failed to find element with id 'Object Repository/Page_CURA Healthcare Service/h3_We Care About Your Health'. Try using Self-healing.

10-06-2024T00:00:08 - [MESSAGE][WARNING] - [SELF-HEALING] The current locator of test object 'Object Repository/Page_CURA Healthcare Service/h3_We Care About Your Health' was broken. Propose an alternative one: '//header[@id='top']/div/h3'.

10-06-2024T00:00:08 - [MESSAGE][PASSED] - Object: 'Object Repository/Page_CURA Healthcare Service/h3_We Care About Your Health' is clicked on

10-06-2024T00:00:08 - [TEST_STEP][PASSED] - closeBrowser(): Browser is closed

10-06-2024T00:00:08 - [MESSAGE][PASSED] - Browser is closed]]></system-out>
         <system-err><![CDATA[]]></system-err>
      </testcase>
      <testcase name="Test Cases/WEB/Web04" time="3.982" classname="Test Cases/WEB/Web04" status="PASSED">
         <system-out><![CDATA[10-06-2024T00:00:08 - [TEST_CASE][PASSED] - Test Cases/WEB/Web04: Test Cases/WEB/Web04

10-06-2024T00:00:08 - [TEST_STEP][PASSED] - openBrowser(""): Browser is opened with url: ''

10-06-2024T00:00:08 - [MESSAGE][INFO] - Starting 'Chrome' driver

10-06-2024T00:00:08 - [MESSAGE][INFO] - Action delay is set to 0 milliseconds

10-06-2024T00:00:09 - [MESSAGE][PASSED] - Browser is opened with url: ''

10-06-2024T00:00:09 - [TEST_STEP][PASSED] - navigateToUrl("https://katalon-demo-cura.herokuapp.com/"): Navigate to 'https://katalon-demo-cura.herokuapp.com/' successfully

10-06-2024T00:00:11 - [MESSAGE][PASSED] - Navigate to 'https://katalon-demo-cura.herokuapp.com/' successfully

10-06-2024T00:00:11 - [TEST_STEP][PASSED] - click(findTestObject("Object Repository/Page_CURA Healthcare Service/a_CURA Healthcare_menu-toggle")): Object: 'Object Repository/Page_CURA Healthcare Service/a_CURA Healthcare_menu-toggle' is clicked on

10-06-2024T00:00:12 - [MESSAGE][PASSED] - Object: 'Object Repository/Page_CURA Healthcare Service/a_CURA Healthcare_menu-toggle' is clicked on

10-06-2024T00:00:12 - [TEST_STEP][PASSED] - closeBrowser(): Browser is closed

10-06-2024T00:00:12 - [MESSAGE][PASSED] - Browser is closed]]></system-out>
         <system-err><![CDATA[]]></system-err>
      </testcase>
      <system-out><![CDATA[09-06-2024T23:59:47 - [TEST_SUITE][PASSED] - Test Suite 1: Test Cases/WEB/Web04]]></system-out>
      <system-err><![CDATA[]]></system-err>
   </testsuite>
</testsuites>
