<?xml version="1.0" encoding="UTF-8"?>
<testsuites name="Test Suite 2" time="8.401" tests="15" failures="0" errors="0">
   <testsuite name="Test Suite 2" tests="15" failures="0" errors="0" time="8.401" skipped="0" timestamp="10-06-2024T21:59:03" hostname="phongHoai - MSI" id="Test Suites/Test Suites/Test Suite 2">
      <properties>
         <property name="deviceName" value=""/>
         <property name="devicePlatform"/>
         <property name="logFolder" value="D:\\katalon_repo\\Katalon\\Reports\\20240610_215734\\Test Suites\\Test Suite 2\\20240610_215737"/>
         <property name="logFiles" value="D:\\katalon_repo\\Katalon\\Reports\\20240610_215734\\Test Suites\\Test Suite 2\\20240610_215737\\execution0.log"/>
         <property name="attachments" value=""/>
         <property name="hostName" value="phongHoai - MSI"/>
         <property name="hostAddress" value="192.168.1.28"/>
         <property name="os" value="Windows 11 64bit"/>
         <property name="katalonVersion" value="9.5.0.217"/>
      </properties>
      <testcase name="Test Cases/API/API01" time="1.388" classname="Test Cases/API/API01" status="PASSED">
         <system-out><![CDATA[10-06-2024T21:59:03 - [TEST_CASE][PASSED] - Test Cases/API/API01: Test Cases/API/API01

10-06-2024T21:59:03 - [TEST_STEP][PASSED] - a = sendRequest(findTestObject("API/GetUsers")): Send request successfully

10-06-2024T21:59:04 - [MESSAGE][INFO] - HAR: D:\katalon_repo\Katalon\Reports\20240610_215734\Test Suites\Test Suite 2\20240610_215737\requests\main\0.har

10-06-2024T21:59:04 - [MESSAGE][PASSED] - Send request successfully

10-06-2024T21:59:04 - [TEST_STEP][PASSED] - verifyResponseStatusCode(a, 200): Verify response status code successfully

10-06-2024T21:59:04 - [MESSAGE][PASSED] - Verify response status code successfully]]></system-out>
         <system-err><![CDATA[]]></system-err>
      </testcase>
      <testcase name="Test Cases/API/API02" time="0.126" classname="Test Cases/API/API02" status="PASSED">
         <system-out><![CDATA[10-06-2024T21:59:04 - [TEST_CASE][PASSED] - Test Cases/API/API02: Test Cases/API/API02

10-06-2024T21:59:04 - [TEST_STEP][PASSED] - a = sendRequest(findTestObject("API/SingleUser")): Send request successfully

10-06-2024T21:59:04 - [MESSAGE][INFO] - HAR: D:\katalon_repo\Katalon\Reports\20240610_215734\Test Suites\Test Suite 2\20240610_215737\requests\main\1.har

10-06-2024T21:59:04 - [MESSAGE][PASSED] - Send request successfully

10-06-2024T21:59:04 - [TEST_STEP][PASSED] - verifyResponseStatusCode(a, 200): Verify response status code successfully

10-06-2024T21:59:04 - [MESSAGE][PASSED] - Verify response status code successfully]]></system-out>
         <system-err><![CDATA[]]></system-err>
      </testcase>
      <testcase name="Test Cases/API/API03" time="0.119" classname="Test Cases/API/API03" status="PASSED">
         <system-out><![CDATA[10-06-2024T21:59:04 - [TEST_CASE][PASSED] - Test Cases/API/API03: Test Cases/API/API03

10-06-2024T21:59:04 - [TEST_STEP][PASSED] - a = sendRequest(findTestObject("API/ListResource")): Send request successfully

10-06-2024T21:59:04 - [MESSAGE][INFO] - HAR: D:\katalon_repo\Katalon\Reports\20240610_215734\Test Suites\Test Suite 2\20240610_215737\requests\main\2.har

10-06-2024T21:59:04 - [MESSAGE][PASSED] - Send request successfully

10-06-2024T21:59:04 - [TEST_STEP][PASSED] - verifyResponseStatusCode(a, 200): Verify response status code successfully

10-06-2024T21:59:04 - [MESSAGE][PASSED] - Verify response status code successfully]]></system-out>
         <system-err><![CDATA[]]></system-err>
      </testcase>
      <testcase name="Test Cases/API/API04" time="0.099" classname="Test Cases/API/API04" status="PASSED">
         <system-out><![CDATA[10-06-2024T21:59:04 - [TEST_CASE][PASSED] - Test Cases/API/API04: Test Cases/API/API04

10-06-2024T21:59:04 - [TEST_STEP][PASSED] - a = sendRequest(findTestObject("API/SingleResource")): Send request successfully

10-06-2024T21:59:04 - [MESSAGE][INFO] - HAR: D:\katalon_repo\Katalon\Reports\20240610_215734\Test Suites\Test Suite 2\20240610_215737\requests\main\3.har

10-06-2024T21:59:04 - [MESSAGE][PASSED] - Send request successfully

10-06-2024T21:59:04 - [TEST_STEP][PASSED] - verifyResponseStatusCode(a, 200): Verify response status code successfully

10-06-2024T21:59:04 - [MESSAGE][PASSED] - Verify response status code successfully]]></system-out>
         <system-err><![CDATA[]]></system-err>
      </testcase>
      <testcase name="Test Cases/API/API05" time="0.089" classname="Test Cases/API/API05" status="PASSED">
         <system-out><![CDATA[10-06-2024T21:59:04 - [TEST_CASE][PASSED] - Test Cases/API/API05: Test Cases/API/API05

10-06-2024T21:59:05 - [TEST_STEP][PASSED] - a = sendRequest(findTestObject("API/CreateUser")): Send request successfully

10-06-2024T21:59:05 - [MESSAGE][INFO] - HAR: D:\katalon_repo\Katalon\Reports\20240610_215734\Test Suites\Test Suite 2\20240610_215737\requests\main\4.har

10-06-2024T21:59:05 - [MESSAGE][PASSED] - Send request successfully

10-06-2024T21:59:05 - [TEST_STEP][PASSED] - verifyResponseStatusCode(a, 200): Verify response status code successfully

10-06-2024T21:59:05 - [MESSAGE][PASSED] - Verify response status code successfully]]></system-out>
         <system-err><![CDATA[]]></system-err>
      </testcase>
      <testcase name="Test Cases/API/API06" time="0.084" classname="Test Cases/API/API06" status="PASSED">
         <system-out><![CDATA[10-06-2024T21:59:05 - [TEST_CASE][PASSED] - Test Cases/API/API06: Test Cases/API/API06

10-06-2024T21:59:05 - [TEST_STEP][PASSED] - a = sendRequest(findTestObject("API/GetUser3")): Send request successfully

10-06-2024T21:59:05 - [MESSAGE][INFO] - HAR: D:\katalon_repo\Katalon\Reports\20240610_215734\Test Suites\Test Suite 2\20240610_215737\requests\main\5.har

10-06-2024T21:59:05 - [MESSAGE][PASSED] - Send request successfully

10-06-2024T21:59:05 - [TEST_STEP][PASSED] - verifyResponseStatusCode(a, 200): Verify response status code successfully

10-06-2024T21:59:05 - [MESSAGE][PASSED] - Verify response status code successfully]]></system-out>
         <system-err><![CDATA[]]></system-err>
      </testcase>
      <testcase name="Test Cases/API/API07" time="0.767" classname="Test Cases/API/API07" status="PASSED">
         <system-out><![CDATA[10-06-2024T21:59:05 - [TEST_CASE][PASSED] - Test Cases/API/API07: Test Cases/API/API07

10-06-2024T21:59:05 - [TEST_STEP][PASSED] - a = sendRequest(findTestObject("API/GetUser4")): Send request successfully

10-06-2024T21:59:05 - [MESSAGE][INFO] - HAR: D:\katalon_repo\Katalon\Reports\20240610_215734\Test Suites\Test Suite 2\20240610_215737\requests\main\6.har

10-06-2024T21:59:05 - [MESSAGE][PASSED] - Send request successfully

10-06-2024T21:59:05 - [TEST_STEP][PASSED] - verifyResponseStatusCode(a, 200): Verify response status code successfully

10-06-2024T21:59:05 - [MESSAGE][PASSED] - Verify response status code successfully]]></system-out>
         <system-err><![CDATA[]]></system-err>
      </testcase>
      <testcase name="Test Cases/API/API08" time="0.826" classname="Test Cases/API/API08" status="PASSED">
         <system-out><![CDATA[10-06-2024T21:59:05 - [TEST_CASE][PASSED] - Test Cases/API/API08: Test Cases/API/API08

10-06-2024T21:59:05 - [TEST_STEP][PASSED] - a = sendRequest(findTestObject("API/GetUser5")): Send request successfully

10-06-2024T21:59:06 - [MESSAGE][INFO] - HAR: D:\katalon_repo\Katalon\Reports\20240610_215734\Test Suites\Test Suite 2\20240610_215737\requests\main\7.har

10-06-2024T21:59:06 - [MESSAGE][PASSED] - Send request successfully

10-06-2024T21:59:06 - [TEST_STEP][PASSED] - verifyResponseStatusCode(a, 200): Verify response status code successfully

10-06-2024T21:59:06 - [MESSAGE][PASSED] - Verify response status code successfully]]></system-out>
         <system-err><![CDATA[]]></system-err>
      </testcase>
      <testcase name="Test Cases/API/API09" time="0.786" classname="Test Cases/API/API09" status="PASSED">
         <system-out><![CDATA[10-06-2024T21:59:06 - [TEST_CASE][PASSED] - Test Cases/API/API09: Test Cases/API/API09

10-06-2024T21:59:06 - [TEST_STEP][PASSED] - a = sendRequest(findTestObject("API/GetUser6")): Send request successfully

10-06-2024T21:59:07 - [MESSAGE][INFO] - HAR: D:\katalon_repo\Katalon\Reports\20240610_215734\Test Suites\Test Suite 2\20240610_215737\requests\main\8.har

10-06-2024T21:59:07 - [MESSAGE][PASSED] - Send request successfully

10-06-2024T21:59:07 - [TEST_STEP][PASSED] - verifyResponseStatusCode(a, 200): Verify response status code successfully

10-06-2024T21:59:07 - [MESSAGE][PASSED] - Verify response status code successfully]]></system-out>
         <system-err><![CDATA[]]></system-err>
      </testcase>
      <testcase name="Test Cases/API/API10" time="0.08" classname="Test Cases/API/API10" status="PASSED">
         <system-out><![CDATA[10-06-2024T21:59:07 - [TEST_CASE][PASSED] - Test Cases/API/API10: Test Cases/API/API10

10-06-2024T21:59:07 - [TEST_STEP][PASSED] - a = sendRequest(findTestObject("API/GetUser7")): Send request successfully

10-06-2024T21:59:07 - [MESSAGE][INFO] - HAR: D:\katalon_repo\Katalon\Reports\20240610_215734\Test Suites\Test Suite 2\20240610_215737\requests\main\9.har

10-06-2024T21:59:07 - [MESSAGE][PASSED] - Send request successfully

10-06-2024T21:59:07 - [TEST_STEP][PASSED] - verifyResponseStatusCode(a, 200): Verify response status code successfully

10-06-2024T21:59:07 - [MESSAGE][PASSED] - Verify response status code successfully]]></system-out>
         <system-err><![CDATA[]]></system-err>
      </testcase>
      <testcase name="Test Cases/API/API11" time="0.754" classname="Test Cases/API/API11" status="PASSED">
         <system-out><![CDATA[10-06-2024T21:59:07 - [TEST_CASE][PASSED] - Test Cases/API/API11: Test Cases/API/API11

10-06-2024T21:59:07 - [TEST_STEP][PASSED] - a = sendRequest(findTestObject("API/GetUser8")): Send request successfully

10-06-2024T21:59:08 - [MESSAGE][INFO] - HAR: D:\katalon_repo\Katalon\Reports\20240610_215734\Test Suites\Test Suite 2\20240610_215737\requests\main\10.har

10-06-2024T21:59:08 - [MESSAGE][PASSED] - Send request successfully

10-06-2024T21:59:08 - [TEST_STEP][PASSED] - verifyResponseStatusCode(a, 200): Verify response status code successfully

10-06-2024T21:59:08 - [MESSAGE][PASSED] - Verify response status code successfully]]></system-out>
         <system-err><![CDATA[]]></system-err>
      </testcase>
      <testcase name="Test Cases/API/API12" time="0.066" classname="Test Cases/API/API12" status="PASSED">
         <system-out><![CDATA[10-06-2024T21:59:08 - [TEST_CASE][PASSED] - Test Cases/API/API12: Test Cases/API/API12

10-06-2024T21:59:08 - [TEST_STEP][PASSED] - a = sendRequest(findTestObject("API/GetUser8")): Send request successfully

10-06-2024T21:59:08 - [MESSAGE][INFO] - HAR: D:\katalon_repo\Katalon\Reports\20240610_215734\Test Suites\Test Suite 2\20240610_215737\requests\main\11.har

10-06-2024T21:59:08 - [MESSAGE][PASSED] - Send request successfully

10-06-2024T21:59:08 - [TEST_STEP][PASSED] - verifyResponseStatusCode(a, 200): Verify response status code successfully

10-06-2024T21:59:08 - [MESSAGE][PASSED] - Verify response status code successfully]]></system-out>
         <system-err><![CDATA[]]></system-err>
      </testcase>
      <testcase name="Test Cases/API/API13" time="1.084" classname="Test Cases/API/API13" status="PASSED">
         <system-out><![CDATA[10-06-2024T21:59:08 - [TEST_CASE][PASSED] - Test Cases/API/API13: Test Cases/API/API13

10-06-2024T21:59:08 - [TEST_STEP][PASSED] - a = sendRequest(findTestObject("API/GetUser9")): Send request successfully

10-06-2024T21:59:09 - [MESSAGE][INFO] - HAR: D:\katalon_repo\Katalon\Reports\20240610_215734\Test Suites\Test Suite 2\20240610_215737\requests\main\12.har

10-06-2024T21:59:09 - [MESSAGE][PASSED] - Send request successfully

10-06-2024T21:59:09 - [TEST_STEP][PASSED] - verifyResponseStatusCode(a, 200): Verify response status code successfully

10-06-2024T21:59:09 - [MESSAGE][PASSED] - Verify response status code successfully]]></system-out>
         <system-err><![CDATA[]]></system-err>
      </testcase>
      <testcase name="Test Cases/API/API14" time="1.009" classname="Test Cases/API/API14" status="PASSED">
         <system-out><![CDATA[10-06-2024T21:59:09 - [TEST_CASE][PASSED] - Test Cases/API/API14: Test Cases/API/API14

10-06-2024T21:59:09 - [TEST_STEP][PASSED] - a = sendRequest(findTestObject("API/GetUser10")): Send request successfully

10-06-2024T21:59:10 - [MESSAGE][INFO] - HAR: D:\katalon_repo\Katalon\Reports\20240610_215734\Test Suites\Test Suite 2\20240610_215737\requests\main\13.har

10-06-2024T21:59:10 - [MESSAGE][PASSED] - Send request successfully

10-06-2024T21:59:10 - [TEST_STEP][PASSED] - verifyResponseStatusCode(a, 200): Verify response status code successfully

10-06-2024T21:59:10 - [MESSAGE][PASSED] - Verify response status code successfully]]></system-out>
         <system-err><![CDATA[]]></system-err>
      </testcase>
      <testcase name="Test Cases/API/API15" time="0.995" classname="Test Cases/API/API15" status="PASSED">
         <system-out><![CDATA[10-06-2024T21:59:10 - [TEST_CASE][PASSED] - Test Cases/API/API15: Test Cases/API/API15

10-06-2024T21:59:10 - [TEST_STEP][PASSED] - a = sendRequest(findTestObject("API/GetUser11")): Send request successfully

10-06-2024T21:59:11 - [MESSAGE][INFO] - HAR: D:\katalon_repo\Katalon\Reports\20240610_215734\Test Suites\Test Suite 2\20240610_215737\requests\main\14.har

10-06-2024T21:59:11 - [MESSAGE][PASSED] - Send request successfully

10-06-2024T21:59:11 - [TEST_STEP][PASSED] - verifyResponseStatusCode(a, 200): Verify response status code successfully

10-06-2024T21:59:11 - [MESSAGE][PASSED] - Verify response status code successfully]]></system-out>
         <system-err><![CDATA[]]></system-err>
      </testcase>
      <system-out><![CDATA[10-06-2024T21:59:03 - [TEST_SUITE][PASSED] - Test Suite 2: Test Cases/API/API15]]></system-out>
      <system-err><![CDATA[]]></system-err>
   </testsuite>
</testsuites>
