<?xml version="1.0" encoding="UTF-8"?>
<testsuites name="Test Suite 3" time="18.04" tests="1" failures="0" errors="0">
   <testsuite name="Test Suite 3" tests="1" failures="0" errors="0" time="18.04" skipped="0" timestamp="14-06-2024T18:18:20" hostname="phongHoai - MSI" id="Test Suites/Test Suites/Test Suite 3">
      <properties>
         <property name="deviceName" value=""/>
         <property name="devicePlatform"/>
         <property name="logFolder" value="D:\\katalon_repo\\Katalon\\Reports\\20240614_181557\\Test Suites\\Test Suite 3\\20240614_181602"/>
         <property name="logFiles" value="D:\\katalon_repo\\Katalon\\Reports\\20240614_181557\\Test Suites\\Test Suite 3\\20240614_181602\\execution0.log"/>
         <property name="attachments" value="keyes\keyes-current_viewport.png, keyes\keyes-current_viewport1.png, keyes\keyes-current_viewport2.png, keyes\keyes-current_viewport3.png, keyes\keyes-current_viewport4.png, keyes\keyes-current_viewport5.png, keyes\keyes-current_viewport6.png, keyes\keyes-current_viewport7.png, keyes\keyes-current_viewport8.png, keyes\keyes-current_viewport9.png, keyes\keyes-current_viewport10.png, keyes\keyes-current_viewport11.png, keyes\keyes-current_viewport13.png"/>
         <property name="hostName" value="phongHoai - MSI"/>
         <property name="os" value="Windows 11 64bit"/>
         <property name="katalonVersion" value="9.5.0.217"/>
         <property name="browser" value="Chrome 125.0.0.0"/>
         <property name="hostAddress" value="192.168.1.11"/>
         <property name="sessionId" value="87b308439c2f3c2a9fda839d06aa010b"/>
         <property name="seleniumVersion" value="3.141.59"/>
         <property name="proxyInformation" value="ProxyInformation { proxyOption=NO_PROXY, proxyServerType=HTTP, username=, password=********, proxyServerAddress=, proxyServerPort=0, executionList=&quot;&quot;, isApplyToDesiredCapabilities=true }"/>
         <property name="platform" value="Windows 11"/>
      </properties>
      <testcase name="Test Cases/WEB/VisualTesting" time="17.93" classname="Test Cases/WEB/VisualTesting" status="PASSED">
         <system-out><![CDATA[14-06-2024T18:18:20 - [TEST_CASE][PASSED] - Test Cases/WEB/VisualTesting: Test Cases/WEB/VisualTesting

14-06-2024T18:18:20 - [TEST_STEP][PASSED] - openBrowser(""): Browser is opened with url: ''

14-06-2024T18:18:20 - [MESSAGE][INFO] - Starting 'Chrome' driver

14-06-2024T18:18:20 - [MESSAGE][INFO] - Action delay is set to 0 milliseconds

14-06-2024T18:18:21 - [MESSAGE][PASSED] - Browser is opened with url: ''

14-06-2024T18:18:21 - [TEST_STEP][PASSED] - navigateToUrl("https://katalon-demo-cura.herokuapp.com/"): Navigate to 'https://katalon-demo-cura.herokuapp.com/' successfully

14-06-2024T18:18:24 - [MESSAGE][PASSED] - Navigate to 'https://katalon-demo-cura.herokuapp.com/' successfully

14-06-2024T18:18:24 - [TEST_STEP][PASSED] - verifyElementPresent(findTestObject("Object Repository/Page_CURA Healthcare Service/a_Make Appointment"), 0): Object 'Object Repository/Page_CURA Healthcare Service/a_Make Appointment' is present

14-06-2024T18:18:24 - [MESSAGE][WARNING] - Timeout '0' is invalid. Using default page load timeout: '30'

14-06-2024T18:18:25 - [MESSAGE][PASSED] - Object 'Object Repository/Page_CURA Healthcare Service/a_Make Appointment' is present

14-06-2024T18:18:25 - [TEST_STEP][PASSED] - takeScreenshotAsCheckpoint("current_viewport"): Taking screenshot successfully

14-06-2024T18:18:25 - [MESSAGE][INFO] - 0 hidden object(s)

14-06-2024T18:18:25 - [MESSAGE][PASSED] - Taking screenshot successfully
[[ATTACHMENT|keyes\keyes-current_viewport.png]]

14-06-2024T18:18:25 - [TEST_STEP][PASSED] - takeScreenshotAsCheckpoint("current_viewport1"): Taking screenshot successfully

14-06-2024T18:18:26 - [MESSAGE][INFO] - 0 hidden object(s)

14-06-2024T18:18:26 - [MESSAGE][PASSED] - Taking screenshot successfully
[[ATTACHMENT|keyes\keyes-current_viewport1.png]]

14-06-2024T18:18:26 - [TEST_STEP][PASSED] - takeScreenshotAsCheckpoint("current_viewport2"): Taking screenshot successfully

14-06-2024T18:18:27 - [MESSAGE][INFO] - 0 hidden object(s)

14-06-2024T18:18:27 - [MESSAGE][PASSED] - Taking screenshot successfully
[[ATTACHMENT|keyes\keyes-current_viewport2.png]]

14-06-2024T18:18:27 - [TEST_STEP][PASSED] - takeScreenshotAsCheckpoint("current_viewport3"): Taking screenshot successfully

14-06-2024T18:18:28 - [MESSAGE][INFO] - 0 hidden object(s)

14-06-2024T18:18:28 - [MESSAGE][PASSED] - Taking screenshot successfully
[[ATTACHMENT|keyes\keyes-current_viewport3.png]]

14-06-2024T18:18:28 - [TEST_STEP][PASSED] - takeScreenshotAsCheckpoint("current_viewport4"): Taking screenshot successfully

14-06-2024T18:18:29 - [MESSAGE][INFO] - 0 hidden object(s)

14-06-2024T18:18:29 - [MESSAGE][PASSED] - Taking screenshot successfully
[[ATTACHMENT|keyes\keyes-current_viewport4.png]]

14-06-2024T18:18:29 - [TEST_STEP][PASSED] - takeScreenshotAsCheckpoint("current_viewport5"): Taking screenshot successfully

14-06-2024T18:18:30 - [MESSAGE][INFO] - 0 hidden object(s)

14-06-2024T18:18:30 - [MESSAGE][PASSED] - Taking screenshot successfully
[[ATTACHMENT|keyes\keyes-current_viewport5.png]]

14-06-2024T18:18:30 - [TEST_STEP][PASSED] - takeScreenshotAsCheckpoint("current_viewport6"): Taking screenshot successfully

14-06-2024T18:18:31 - [MESSAGE][INFO] - 0 hidden object(s)

14-06-2024T18:18:31 - [MESSAGE][PASSED] - Taking screenshot successfully
[[ATTACHMENT|keyes\keyes-current_viewport6.png]]

14-06-2024T18:18:31 - [TEST_STEP][PASSED] - takeScreenshotAsCheckpoint("current_viewport7"): Taking screenshot successfully

14-06-2024T18:18:32 - [MESSAGE][INFO] - 0 hidden object(s)

14-06-2024T18:18:32 - [MESSAGE][PASSED] - Taking screenshot successfully
[[ATTACHMENT|keyes\keyes-current_viewport7.png]]

14-06-2024T18:18:32 - [TEST_STEP][PASSED] - takeScreenshotAsCheckpoint("current_viewport8"): Taking screenshot successfully

14-06-2024T18:18:33 - [MESSAGE][INFO] - 0 hidden object(s)

14-06-2024T18:18:33 - [MESSAGE][PASSED] - Taking screenshot successfully
[[ATTACHMENT|keyes\keyes-current_viewport8.png]]

14-06-2024T18:18:33 - [TEST_STEP][PASSED] - takeScreenshotAsCheckpoint("current_viewport9"): Taking screenshot successfully

14-06-2024T18:18:34 - [MESSAGE][INFO] - 0 hidden object(s)

14-06-2024T18:18:34 - [MESSAGE][PASSED] - Taking screenshot successfully
[[ATTACHMENT|keyes\keyes-current_viewport9.png]]

14-06-2024T18:18:34 - [TEST_STEP][PASSED] - takeScreenshotAsCheckpoint("current_viewport10"): Taking screenshot successfully

14-06-2024T18:18:35 - [MESSAGE][INFO] - 0 hidden object(s)

14-06-2024T18:18:35 - [MESSAGE][PASSED] - Taking screenshot successfully
[[ATTACHMENT|keyes\keyes-current_viewport10.png]]

14-06-2024T18:18:35 - [TEST_STEP][PASSED] - takeScreenshotAsCheckpoint("current_viewport11"): Taking screenshot successfully

14-06-2024T18:18:36 - [MESSAGE][INFO] - 0 hidden object(s)

14-06-2024T18:18:36 - [MESSAGE][PASSED] - Taking screenshot successfully
[[ATTACHMENT|keyes\keyes-current_viewport11.png]]

14-06-2024T18:18:36 - [TEST_STEP][PASSED] - takeScreenshotAsCheckpoint("current_viewport13"): Taking screenshot successfully

14-06-2024T18:18:37 - [MESSAGE][INFO] - 0 hidden object(s)

14-06-2024T18:18:37 - [MESSAGE][PASSED] - Taking screenshot successfully
[[ATTACHMENT|keyes\keyes-current_viewport13.png]]

14-06-2024T18:18:37 - [TEST_STEP][PASSED] - closeBrowser(): Browser is closed

14-06-2024T18:18:38 - [MESSAGE][PASSED] - Browser is closed]]></system-out>
         <system-err><![CDATA[]]></system-err>
      </testcase>
      <system-out><![CDATA[14-06-2024T18:18:20 - [TEST_SUITE][PASSED] - Test Suite 3: Test Cases/WEB/VisualTesting]]></system-out>
      <system-err><![CDATA[]]></system-err>
   </testsuite>
</testsuites>
