<?xml version="1.0" encoding="UTF-8"?>
<testsuites name="Test Suite 3" time="12.567" tests="1" failures="0" errors="0">
   <testsuite name="Test Suite 3" tests="1" failures="0" errors="0" time="12.567" skipped="0" timestamp="09-06-2024T18:10:19" hostname="phongHoai - MSI" id="Test Suites/Test Suites/Test Suite 3">
      <properties>
         <property name="deviceName" value=""/>
         <property name="devicePlatform"/>
         <property name="logFolder" value="D:\\katalon_repo\\Katalon\\Reports\\20240609_181012\\Test Suites\\Test Suite 3\\20240609_181013"/>
         <property name="logFiles" value="D:\\katalon_repo\\Katalon\\Reports\\20240609_181012\\Test Suites\\Test Suite 3\\20240609_181013\\execution0.log"/>
         <property name="attachments" value="keyes\keyes-current_viewport.png, keyes\keyes-current_viewport1.png, keyes\keyes-current_viewport2.png, keyes\keyes-current_viewport3.png, keyes\keyes-current_viewport4.png, keyes\keyes-current_viewport5.png, keyes\keyes-current_viewport6.png, keyes\keyes-current_viewport7.png, keyes\keyes-current_viewport8.png, keyes\keyes-current_viewport9.png, keyes\keyes-current_viewport10.png, keyes\keyes-current_viewport11.png, keyes\keyes-current_viewport13.png"/>
         <property name="hostName" value="phongHoai - MSI"/>
         <property name="os" value="Windows 11 64bit"/>
         <property name="katalonVersion" value="9.5.0.217"/>
         <property name="browser" value="Chrome 125.0.0.0"/>
         <property name="hostAddress" value="192.168.1.55"/>
         <property name="sessionId" value="464397020197ac4c3658550013736617"/>
         <property name="seleniumVersion" value="3.141.59"/>
         <property name="proxyInformation" value="ProxyInformation { proxyOption=NO_PROXY, proxyServerType=HTTP, username=, password=********, proxyServerAddress=, proxyServerPort=0, executionList=&quot;&quot;, isApplyToDesiredCapabilities=true }"/>
         <property name="platform" value="Windows 11"/>
      </properties>
      <testcase name="Test Cases/WEB/VisualTesting" time="12.457" classname="Test Cases/WEB/VisualTesting" status="PASSED">
         <system-out><![CDATA[09-06-2024T18:10:19 - [TEST_CASE][PASSED] - Test Cases/WEB/VisualTesting: Test Cases/WEB/VisualTesting

09-06-2024T18:10:19 - [TEST_STEP][PASSED] - openBrowser(""): Browser is opened with url: ''

09-06-2024T18:10:19 - [MESSAGE][INFO] - Starting 'Chrome' driver

09-06-2024T18:10:19 - [MESSAGE][INFO] - Action delay is set to 0 milliseconds

09-06-2024T18:10:20 - [MESSAGE][PASSED] - Browser is opened with url: ''

09-06-2024T18:10:20 - [TEST_STEP][PASSED] - navigateToUrl("https://katalon-demo-cura.herokuapp.com/"): Navigate to 'https://katalon-demo-cura.herokuapp.com/' successfully

09-06-2024T18:10:23 - [MESSAGE][PASSED] - Navigate to 'https://katalon-demo-cura.herokuapp.com/' successfully

09-06-2024T18:10:23 - [TEST_STEP][PASSED] - verifyElementPresent(findTestObject("Object Repository/Page_CURA Healthcare Service/a_Make Appointment"), 0): Object 'Object Repository/Page_CURA Healthcare Service/a_Make Appointment' is present

09-06-2024T18:10:23 - [MESSAGE][WARNING] - Timeout '0' is invalid. Using default page load timeout: '30'

09-06-2024T18:10:23 - [MESSAGE][PASSED] - Object 'Object Repository/Page_CURA Healthcare Service/a_Make Appointment' is present

09-06-2024T18:10:23 - [TEST_STEP][PASSED] - takeScreenshotAsCheckpoint("current_viewport"): Taking screenshot successfully

09-06-2024T18:10:24 - [MESSAGE][INFO] - 0 hidden object(s)

09-06-2024T18:10:24 - [MESSAGE][PASSED] - Taking screenshot successfully
[[ATTACHMENT|keyes\keyes-current_viewport.png]]

09-06-2024T18:10:24 - [TEST_STEP][PASSED] - takeScreenshotAsCheckpoint("current_viewport1"): Taking screenshot successfully

09-06-2024T18:10:24 - [MESSAGE][INFO] - 0 hidden object(s)

09-06-2024T18:10:25 - [MESSAGE][PASSED] - Taking screenshot successfully
[[ATTACHMENT|keyes\keyes-current_viewport1.png]]

09-06-2024T18:10:25 - [TEST_STEP][PASSED] - takeScreenshotAsCheckpoint("current_viewport2"): Taking screenshot successfully

09-06-2024T18:10:25 - [MESSAGE][INFO] - 0 hidden object(s)

09-06-2024T18:10:25 - [MESSAGE][PASSED] - Taking screenshot successfully
[[ATTACHMENT|keyes\keyes-current_viewport2.png]]

09-06-2024T18:10:25 - [TEST_STEP][PASSED] - takeScreenshotAsCheckpoint("current_viewport3"): Taking screenshot successfully

09-06-2024T18:10:26 - [MESSAGE][INFO] - 0 hidden object(s)

09-06-2024T18:10:26 - [MESSAGE][PASSED] - Taking screenshot successfully
[[ATTACHMENT|keyes\keyes-current_viewport3.png]]

09-06-2024T18:10:26 - [TEST_STEP][PASSED] - takeScreenshotAsCheckpoint("current_viewport4"): Taking screenshot successfully

09-06-2024T18:10:26 - [MESSAGE][INFO] - 0 hidden object(s)

09-06-2024T18:10:26 - [MESSAGE][PASSED] - Taking screenshot successfully
[[ATTACHMENT|keyes\keyes-current_viewport4.png]]

09-06-2024T18:10:26 - [TEST_STEP][PASSED] - takeScreenshotAsCheckpoint("current_viewport5"): Taking screenshot successfully

09-06-2024T18:10:27 - [MESSAGE][INFO] - 0 hidden object(s)

09-06-2024T18:10:27 - [MESSAGE][PASSED] - Taking screenshot successfully
[[ATTACHMENT|keyes\keyes-current_viewport5.png]]

09-06-2024T18:10:27 - [TEST_STEP][PASSED] - takeScreenshotAsCheckpoint("current_viewport6"): Taking screenshot successfully

09-06-2024T18:10:27 - [MESSAGE][INFO] - 0 hidden object(s)

09-06-2024T18:10:28 - [MESSAGE][PASSED] - Taking screenshot successfully
[[ATTACHMENT|keyes\keyes-current_viewport6.png]]

09-06-2024T18:10:28 - [TEST_STEP][PASSED] - takeScreenshotAsCheckpoint("current_viewport7"): Taking screenshot successfully

09-06-2024T18:10:28 - [MESSAGE][INFO] - 0 hidden object(s)

09-06-2024T18:10:28 - [MESSAGE][PASSED] - Taking screenshot successfully
[[ATTACHMENT|keyes\keyes-current_viewport7.png]]

09-06-2024T18:10:28 - [TEST_STEP][PASSED] - takeScreenshotAsCheckpoint("current_viewport8"): Taking screenshot successfully

09-06-2024T18:10:29 - [MESSAGE][INFO] - 0 hidden object(s)

09-06-2024T18:10:29 - [MESSAGE][PASSED] - Taking screenshot successfully
[[ATTACHMENT|keyes\keyes-current_viewport8.png]]

09-06-2024T18:10:29 - [TEST_STEP][PASSED] - takeScreenshotAsCheckpoint("current_viewport9"): Taking screenshot successfully

09-06-2024T18:10:29 - [MESSAGE][INFO] - 0 hidden object(s)

09-06-2024T18:10:29 - [MESSAGE][PASSED] - Taking screenshot successfully
[[ATTACHMENT|keyes\keyes-current_viewport9.png]]

09-06-2024T18:10:29 - [TEST_STEP][PASSED] - takeScreenshotAsCheckpoint("current_viewport10"): Taking screenshot successfully

09-06-2024T18:10:30 - [MESSAGE][INFO] - 0 hidden object(s)

09-06-2024T18:10:30 - [MESSAGE][PASSED] - Taking screenshot successfully
[[ATTACHMENT|keyes\keyes-current_viewport10.png]]

09-06-2024T18:10:30 - [TEST_STEP][PASSED] - takeScreenshotAsCheckpoint("current_viewport11"): Taking screenshot successfully

09-06-2024T18:10:30 - [MESSAGE][INFO] - 0 hidden object(s)

09-06-2024T18:10:30 - [MESSAGE][PASSED] - Taking screenshot successfully
[[ATTACHMENT|keyes\keyes-current_viewport11.png]]

09-06-2024T18:10:30 - [TEST_STEP][PASSED] - takeScreenshotAsCheckpoint("current_viewport13"): Taking screenshot successfully

09-06-2024T18:10:31 - [MESSAGE][INFO] - 0 hidden object(s)

09-06-2024T18:10:31 - [MESSAGE][PASSED] - Taking screenshot successfully
[[ATTACHMENT|keyes\keyes-current_viewport13.png]]

09-06-2024T18:10:31 - [TEST_STEP][PASSED] - closeBrowser(): Browser is closed

09-06-2024T18:10:31 - [MESSAGE][PASSED] - Browser is closed]]></system-out>
         <system-err><![CDATA[]]></system-err>
      </testcase>
      <system-out><![CDATA[09-06-2024T18:10:19 - [TEST_SUITE][PASSED] - Test Suite 3: Test Cases/WEB/VisualTesting]]></system-out>
      <system-err><![CDATA[]]></system-err>
   </testsuite>
</testsuites>
