<?xml version="1.0" encoding="UTF-8"?>
<testsuites name="Test Suite 2" time="1.542" tests="1" failures="0" errors="0">
   <testsuite name="Test Suite 2" tests="1" failures="0" errors="0" time="1.542" skipped="0" timestamp="09-06-2024T17:27:22" hostname="phongHoai - MSI" id="Test Suites/Test Suites/Test Suite 2">
      <properties>
         <property name="deviceName" value=""/>
         <property name="devicePlatform"/>
         <property name="logFolder" value="D:\\katalon_repo\\Katalon\\Reports\\20240609_172717\\Test Suites\\Test Suite 2\\20240609_172717"/>
         <property name="logFiles" value="D:\\katalon_repo\\Katalon\\Reports\\20240609_172717\\Test Suites\\Test Suite 2\\20240609_172717\\execution0.log"/>
         <property name="attachments" value=""/>
         <property name="hostName" value="phongHoai - MSI"/>
         <property name="hostAddress" value="192.168.1.55"/>
         <property name="os" value="Windows 11 64bit"/>
         <property name="katalonVersion" value="9.5.0.217"/>
      </properties>
      <testcase name="Test Cases/API/API01" time="1.441" classname="Test Cases/API/API01" status="PASSED">
         <system-out><![CDATA[09-06-2024T17:27:22 - [TEST_CASE][PASSED] - Test Cases/API/API01: Test Cases/API/API01

09-06-2024T17:27:22 - [TEST_STEP][PASSED] - a = sendRequest(findTestObject("API/GetUsers")): Send request successfully

09-06-2024T17:27:23 - [MESSAGE][INFO] - HAR: D:\katalon_repo\Katalon\Reports\20240609_172717\Test Suites\Test Suite 2\20240609_172717\requests\main\0.har

09-06-2024T17:27:23 - [MESSAGE][PASSED] - Send request successfully

09-06-2024T17:27:23 - [TEST_STEP][PASSED] - verifyResponseStatusCode(a, 200): Verify response status code successfully

09-06-2024T17:27:23 - [MESSAGE][PASSED] - Verify response status code successfully]]></system-out>
         <system-err><![CDATA[]]></system-err>
      </testcase>
      <system-out><![CDATA[09-06-2024T17:27:22 - [TEST_SUITE][PASSED] - Test Suite 2: Test Cases/API/API01]]></system-out>
      <system-err><![CDATA[]]></system-err>
   </testsuite>
</testsuites>
