<?xml version="1.0" encoding="UTF-8"?>
<testsuites name="Test Suite Single" time="5.918" tests="1" failures="0" errors="0">
   <testsuite name="Test Suite Single" tests="1" failures="0" errors="0" time="5.918" skipped="0" timestamp="15-06-2024T18:03:28" hostname="phongHoai - MSI" id="Test Suites/Test Suites/Test Suite Single">
      <properties>
         <property name="deviceName" value=""/>
         <property name="devicePlatform"/>
         <property name="logFolder" value="D:\\katalon_repo\\Katalon\\Reports\\20240615_180321\\Test Suites\\Test Suite Single\\20240615_180322"/>
         <property name="logFiles" value="D:\\katalon_repo\\Katalon\\Reports\\20240615_180321\\Test Suites\\Test Suite Single\\20240615_180322\\execution0.log"/>
         <property name="attachments" value=""/>
         <property name="hostName" value="phongHoai - MSI"/>
         <property name="os" value="Windows 11 64bit"/>
         <property name="katalonVersion" value="9.5.0.217"/>
         <property name="browser" value="Chrome 125.0.0.0"/>
         <property name="hostAddress" value="192.168.1.11"/>
         <property name="sessionId" value="a853578503ab34b5b48094166a20c951"/>
         <property name="seleniumVersion" value="3.141.59"/>
         <property name="proxyInformation" value="ProxyInformation { proxyOption=NO_PROXY, proxyServerType=HTTP, username=, password=********, proxyServerAddress=, proxyServerPort=0, executionList=&quot;&quot;, isApplyToDesiredCapabilities=true }"/>
         <property name="platform" value="Windows 11"/>
      </properties>
      <testcase name="Test Cases/WEB/Web01" time="5.776" classname="Test Cases/WEB/Web01" status="PASSED">
         <system-out><![CDATA[15-06-2024T18:03:29 - [TEST_CASE][PASSED] - Test Cases/WEB/Web01: Test Cases/WEB/Web01

15-06-2024T18:03:29 - [TEST_STEP][PASSED] - openBrowser(""): Browser is opened with url: ''

15-06-2024T18:03:29 - [MESSAGE][INFO] - Starting 'Chrome' driver

15-06-2024T18:03:29 - [MESSAGE][INFO] - Action delay is set to 0 milliseconds

15-06-2024T18:03:31 - [MESSAGE][PASSED] - Browser is opened with url: ''

15-06-2024T18:03:31 - [TEST_STEP][PASSED] - navigateToUrl("https://katalon-demo-cura.herokuapp.com/"): Navigate to 'https://katalon-demo-cura.herokuapp.com/' successfully

15-06-2024T18:03:34 - [MESSAGE][PASSED] - Navigate to 'https://katalon-demo-cura.herokuapp.com/' successfully

15-06-2024T18:03:34 - [TEST_STEP][PASSED] - verifyElementPresent(findTestObject("Object Repository/Page_CURA Healthcare Service/h1_CURA Healthcare Service"), 0): Object 'Object Repository/Page_CURA Healthcare Service/h1_CURA Healthcare Service' is present

15-06-2024T18:03:34 - [MESSAGE][WARNING] - Timeout '0' is invalid. Using default page load timeout: '30'

15-06-2024T18:03:34 - [MESSAGE][PASSED] - Object 'Object Repository/Page_CURA Healthcare Service/h1_CURA Healthcare Service' is present

15-06-2024T18:03:34 - [TEST_STEP][PASSED] - closeBrowser(): Browser is closed

15-06-2024T18:03:34 - [MESSAGE][PASSED] - Browser is closed]]></system-out>
         <system-err><![CDATA[]]></system-err>
      </testcase>
      <system-out><![CDATA[15-06-2024T18:03:28 - [TEST_SUITE][PASSED] - Test Suite Single: Test Cases/WEB/Web01]]></system-out>
      <system-err><![CDATA[]]></system-err>
   </testsuite>
</testsuites>
