<?xml version="1.0" encoding="UTF-8"?>
<testsuites name="Test Suite 1" time="67.391" tests="16" failures="0" errors="0">
   <testsuite name="Test Suite 1" tests="16" failures="0" errors="0" time="67.391" skipped="0" timestamp="10-06-2024T21:57:45" hostname="phongHoai - MSI" id="Test Suites/Test Suites/Test Suite 1">
      <properties>
         <property name="deviceName" value=""/>
         <property name="devicePlatform"/>
         <property name="logFolder" value="D:\\katalon_repo\\Katalon\\Reports\\20240610_215734\\Test Suites\\Test Suite 1\\20240610_215735"/>
         <property name="logFiles" value="D:\\katalon_repo\\Katalon\\Reports\\20240610_215734\\Test Suites\\Test Suite 1\\20240610_215735\\execution0.log"/>
         <property name="attachments" value=""/>
         <property name="hostName" value="phongHoai - MSI"/>
         <property name="os" value="Windows 11 64bit"/>
         <property name="katalonVersion" value="9.5.0.217"/>
         <property name="browser" value="Chrome 125.0.0.0"/>
         <property name="hostAddress" value="192.168.1.28"/>
         <property name="sessionId" value="1648d80ad13865e7046a7e41acc04240"/>
         <property name="seleniumVersion" value="3.141.59"/>
         <property name="proxyInformation" value="ProxyInformation { proxyOption=NO_PROXY, proxyServerType=HTTP, username=, password=********, proxyServerAddress=, proxyServerPort=0, executionList=&quot;&quot;, isApplyToDesiredCapabilities=true }"/>
         <property name="platform" value="Windows 11"/>
      </properties>
      <testcase name="Test Cases/WEB/Web01" time="4.61" classname="Test Cases/WEB/Web01" status="PASSED">
         <system-out><![CDATA[10-06-2024T21:57:45 - [TEST_CASE][PASSED] - Test Cases/WEB/Web01: Test Cases/WEB/Web01

10-06-2024T21:57:45 - [TEST_STEP][PASSED] - openBrowser(""): Browser is opened with url: ''

10-06-2024T21:57:46 - [MESSAGE][INFO] - Starting 'Chrome' driver

10-06-2024T21:57:46 - [MESSAGE][INFO] - Action delay is set to 0 milliseconds

10-06-2024T21:57:47 - [MESSAGE][PASSED] - Browser is opened with url: ''

10-06-2024T21:57:47 - [TEST_STEP][PASSED] - navigateToUrl("https://katalon-demo-cura.herokuapp.com/"): Navigate to 'https://katalon-demo-cura.herokuapp.com/' successfully

10-06-2024T21:57:49 - [MESSAGE][PASSED] - Navigate to 'https://katalon-demo-cura.herokuapp.com/' successfully

10-06-2024T21:57:49 - [TEST_STEP][PASSED] - verifyElementPresent(findTestObject("Object Repository/Page_CURA Healthcare Service/h1_CURA Healthcare Service"), 0): Object 'Object Repository/Page_CURA Healthcare Service/h1_CURA Healthcare Service' is present

10-06-2024T21:57:49 - [MESSAGE][WARNING] - Timeout '0' is invalid. Using default page load timeout: '30'

10-06-2024T21:57:50 - [MESSAGE][PASSED] - Object 'Object Repository/Page_CURA Healthcare Service/h1_CURA Healthcare Service' is present

10-06-2024T21:57:50 - [TEST_STEP][PASSED] - closeBrowser(): Browser is closed

10-06-2024T21:57:50 - [MESSAGE][PASSED] - Browser is closed]]></system-out>
         <system-err><![CDATA[]]></system-err>
      </testcase>
      <testcase name="Test Cases/WEB/Web02" time="5.851" classname="Test Cases/WEB/Web02" status="PASSED">
         <system-out><![CDATA[10-06-2024T21:57:50 - [TEST_CASE][PASSED] - Test Cases/WEB/Web02: Test Cases/WEB/Web02

10-06-2024T21:57:50 - [TEST_STEP][PASSED] - openBrowser(""): Browser is opened with url: ''

10-06-2024T21:57:50 - [MESSAGE][INFO] - Starting 'Chrome' driver

10-06-2024T21:57:50 - [MESSAGE][INFO] - Action delay is set to 0 milliseconds

10-06-2024T21:57:51 - [MESSAGE][PASSED] - Browser is opened with url: ''

10-06-2024T21:57:51 - [TEST_STEP][PASSED] - navigateToUrl("https://katalon-demo-cura.herokuapp.com/"): Navigate to 'https://katalon-demo-cura.herokuapp.com/' successfully

10-06-2024T21:57:53 - [MESSAGE][PASSED] - Navigate to 'https://katalon-demo-cura.herokuapp.com/' successfully

10-06-2024T21:57:53 - [TEST_STEP][PASSED] - click(findTestObject("Object Repository/Page_CURA Healthcare Service/a_Make Appointment")): Object: 'Object Repository/Page_CURA Healthcare Service/a_Make Appointment' is clicked on

10-06-2024T21:57:54 - [MESSAGE][PASSED] - Object: 'Object Repository/Page_CURA Healthcare Service/a_Make Appointment' is clicked on

10-06-2024T21:57:54 - [TEST_STEP][PASSED] - click(findTestObject("Object Repository/Page_CURA Healthcare Service/button_Login")): Object: 'Object Repository/Page_CURA Healthcare Service/button_Login' is clicked on

10-06-2024T21:57:55 - [MESSAGE][PASSED] - Object: 'Object Repository/Page_CURA Healthcare Service/button_Login' is clicked on

10-06-2024T21:57:55 - [TEST_STEP][PASSED] - verifyElementPresent(findTestObject("Object Repository/Page_CURA Healthcare Service/p_Login failed Please ensure the username a_eb55b5"), 0): Object 'Object Repository/Page_CURA Healthcare Service/p_Login failed Please ensure the username a_eb55b5' is present

10-06-2024T21:57:55 - [MESSAGE][WARNING] - Timeout '0' is invalid. Using default page load timeout: '30'

10-06-2024T21:57:56 - [MESSAGE][PASSED] - Object 'Object Repository/Page_CURA Healthcare Service/p_Login failed Please ensure the username a_eb55b5' is present

10-06-2024T21:57:56 - [TEST_STEP][PASSED] - closeBrowser(): Browser is closed

10-06-2024T21:57:56 - [MESSAGE][PASSED] - Browser is closed]]></system-out>
         <system-err><![CDATA[]]></system-err>
      </testcase>
      <testcase name="Test Cases/WEB/Web03" time="3.627" classname="Test Cases/WEB/Web03" status="PASSED">
         <system-out><![CDATA[10-06-2024T21:57:56 - [TEST_CASE][PASSED] - Test Cases/WEB/Web03: Test Cases/WEB/Web03

10-06-2024T21:57:56 - [TEST_STEP][PASSED] - openBrowser(""): Browser is opened with url: ''

10-06-2024T21:57:56 - [MESSAGE][INFO] - Starting 'Chrome' driver

10-06-2024T21:57:56 - [MESSAGE][INFO] - Action delay is set to 0 milliseconds

10-06-2024T21:57:56 - [MESSAGE][PASSED] - Browser is opened with url: ''

10-06-2024T21:57:56 - [TEST_STEP][PASSED] - navigateToUrl("https://katalon-demo-cura.herokuapp.com/"): Navigate to 'https://katalon-demo-cura.herokuapp.com/' successfully

10-06-2024T21:57:59 - [MESSAGE][PASSED] - Navigate to 'https://katalon-demo-cura.herokuapp.com/' successfully

10-06-2024T21:57:59 - [TEST_STEP][PASSED] - waitForElementPresent(findTestObject("Page_CURA Healthcare Service/p_Atlanta 550 Pharr Road NE Suite 525Atlant_8f4c85"), 0): Object 'Object Repository/Page_CURA Healthcare Service/p_Atlanta 550 Pharr Road NE Suite 525Atlant_8f4c85' is present

10-06-2024T21:57:59 - [MESSAGE][WARNING] - Timeout '0' is invalid. Using default page load timeout: '30'

10-06-2024T21:57:59 - [MESSAGE][PASSED] - Object 'Object Repository/Page_CURA Healthcare Service/p_Atlanta 550 Pharr Road NE Suite 525Atlant_8f4c85' is present

10-06-2024T21:57:59 - [TEST_STEP][PASSED] - closeBrowser(): Browser is closed

10-06-2024T21:57:59 - [MESSAGE][PASSED] - Browser is closed]]></system-out>
         <system-err><![CDATA[]]></system-err>
      </testcase>
      <testcase name="Test Cases/WEB/Web04" time="3.97" classname="Test Cases/WEB/Web04" status="PASSED">
         <system-out><![CDATA[10-06-2024T21:57:59 - [TEST_CASE][PASSED] - Test Cases/WEB/Web04: Test Cases/WEB/Web04

10-06-2024T21:57:59 - [TEST_STEP][PASSED] - openBrowser(""): Browser is opened with url: ''

10-06-2024T21:57:59 - [MESSAGE][INFO] - Starting 'Chrome' driver

10-06-2024T21:57:59 - [MESSAGE][INFO] - Action delay is set to 0 milliseconds

10-06-2024T21:58:00 - [MESSAGE][PASSED] - Browser is opened with url: ''

10-06-2024T21:58:00 - [TEST_STEP][PASSED] - navigateToUrl("https://katalon-demo-cura.herokuapp.com/"): Navigate to 'https://katalon-demo-cura.herokuapp.com/' successfully

10-06-2024T21:58:03 - [MESSAGE][PASSED] - Navigate to 'https://katalon-demo-cura.herokuapp.com/' successfully

10-06-2024T21:58:03 - [TEST_STEP][PASSED] - click(findTestObject("Object Repository/Page_CURA Healthcare Service/a_CURA Healthcare_menu-toggle")): Object: 'Object Repository/Page_CURA Healthcare Service/a_CURA Healthcare_menu-toggle' is clicked on

10-06-2024T21:58:03 - [MESSAGE][PASSED] - Object: 'Object Repository/Page_CURA Healthcare Service/a_CURA Healthcare_menu-toggle' is clicked on

10-06-2024T21:58:03 - [TEST_STEP][PASSED] - verifyElementPresent(findTestObject("Page_CURA Healthcare Service/a_CURA Healthcare"), 0): Object 'Object Repository/Page_CURA Healthcare Service/a_CURA Healthcare' is present

10-06-2024T21:58:03 - [MESSAGE][WARNING] - Timeout '0' is invalid. Using default page load timeout: '30'

10-06-2024T21:58:03 - [MESSAGE][PASSED] - Object 'Object Repository/Page_CURA Healthcare Service/a_CURA Healthcare' is present

10-06-2024T21:58:03 - [TEST_STEP][PASSED] - closeBrowser(): Browser is closed

10-06-2024T21:58:03 - [MESSAGE][PASSED] - Browser is closed]]></system-out>
         <system-err><![CDATA[]]></system-err>
      </testcase>
      <testcase name="Test Cases/WEB/Web05" time="3.913" classname="Test Cases/WEB/Web05" status="PASSED">
         <system-out><![CDATA[10-06-2024T21:58:03 - [TEST_CASE][PASSED] - Test Cases/WEB/Web05: Test Cases/WEB/Web05

10-06-2024T21:58:03 - [TEST_STEP][PASSED] - openBrowser(""): Browser is opened with url: ''

10-06-2024T21:58:03 - [MESSAGE][INFO] - Starting 'Chrome' driver

10-06-2024T21:58:03 - [MESSAGE][INFO] - Action delay is set to 0 milliseconds

10-06-2024T21:58:04 - [MESSAGE][PASSED] - Browser is opened with url: ''

10-06-2024T21:58:04 - [TEST_STEP][PASSED] - navigateToUrl("https://katalon-demo-cura.herokuapp.com/"): Navigate to 'https://katalon-demo-cura.herokuapp.com/' successfully

10-06-2024T21:58:07 - [MESSAGE][PASSED] - Navigate to 'https://katalon-demo-cura.herokuapp.com/' successfully

10-06-2024T21:58:07 - [TEST_STEP][PASSED] - click(findTestObject("Object Repository/Page_CURA Healthcare Service/i_infokatalon.com_fa fa-facebook fa-fw fa-3x")): Object: 'Object Repository/Page_CURA Healthcare Service/i_infokatalon.com_fa fa-facebook fa-fw fa-3x' is clicked on

10-06-2024T21:58:07 - [MESSAGE][PASSED] - Object: 'Object Repository/Page_CURA Healthcare Service/i_infokatalon.com_fa fa-facebook fa-fw fa-3x' is clicked on

10-06-2024T21:58:07 - [TEST_STEP][PASSED] - verifyElementPresent(findTestObject("Page_CURA Healthcare Service/a_Home"), 0): Object 'Object Repository/Page_CURA Healthcare Service/a_Home' is present

10-06-2024T21:58:07 - [MESSAGE][WARNING] - Timeout '0' is invalid. Using default page load timeout: '30'

10-06-2024T21:58:07 - [MESSAGE][PASSED] - Object 'Object Repository/Page_CURA Healthcare Service/a_Home' is present

10-06-2024T21:58:07 - [TEST_STEP][PASSED] - closeBrowser(): Browser is closed

10-06-2024T21:58:07 - [MESSAGE][PASSED] - Browser is closed]]></system-out>
         <system-err><![CDATA[]]></system-err>
      </testcase>
      <testcase name="Test Cases/WEB/Web06" time="3.814" classname="Test Cases/WEB/Web06" status="PASSED">
         <system-out><![CDATA[10-06-2024T21:58:07 - [TEST_CASE][PASSED] - Test Cases/WEB/Web06: Test Cases/WEB/Web06

10-06-2024T21:58:07 - [TEST_STEP][PASSED] - openBrowser(""): Browser is opened with url: ''

10-06-2024T21:58:07 - [MESSAGE][INFO] - Starting 'Chrome' driver

10-06-2024T21:58:07 - [MESSAGE][INFO] - Action delay is set to 0 milliseconds

10-06-2024T21:58:08 - [MESSAGE][PASSED] - Browser is opened with url: ''

10-06-2024T21:58:08 - [TEST_STEP][PASSED] - navigateToUrl("https://katalon-demo-cura.herokuapp.com/"): Navigate to 'https://katalon-demo-cura.herokuapp.com/' successfully

10-06-2024T21:58:11 - [MESSAGE][PASSED] - Navigate to 'https://katalon-demo-cura.herokuapp.com/' successfully

10-06-2024T21:58:11 - [TEST_STEP][PASSED] - verifyElementPresent(findTestObject("Page_CURA Healthcare Service/li_(678) 813-1KMS"), 0): Object 'Object Repository/Page_CURA Healthcare Service/li_(678) 813-1KMS' is present

10-06-2024T21:58:11 - [MESSAGE][WARNING] - Timeout '0' is invalid. Using default page load timeout: '30'

10-06-2024T21:58:11 - [MESSAGE][PASSED] - Object 'Object Repository/Page_CURA Healthcare Service/li_(678) 813-1KMS' is present

10-06-2024T21:58:11 - [TEST_STEP][PASSED] - closeBrowser(): Browser is closed

10-06-2024T21:58:11 - [MESSAGE][PASSED] - Browser is closed]]></system-out>
         <system-err><![CDATA[]]></system-err>
      </testcase>
      <testcase name="Test Cases/WEB/Web07" time="3.571" classname="Test Cases/WEB/Web07" status="PASSED">
         <system-out><![CDATA[10-06-2024T21:58:11 - [TEST_CASE][PASSED] - Test Cases/WEB/Web07: Test Cases/WEB/Web07

10-06-2024T21:58:11 - [TEST_STEP][PASSED] - openBrowser(""): Browser is opened with url: ''

10-06-2024T21:58:11 - [MESSAGE][INFO] - Starting 'Chrome' driver

10-06-2024T21:58:11 - [MESSAGE][INFO] - Action delay is set to 0 milliseconds

10-06-2024T21:58:12 - [MESSAGE][PASSED] - Browser is opened with url: ''

10-06-2024T21:58:12 - [TEST_STEP][PASSED] - navigateToUrl("https://katalon-demo-cura.herokuapp.com/"): Navigate to 'https://katalon-demo-cura.herokuapp.com/' successfully

10-06-2024T21:58:14 - [MESSAGE][PASSED] - Navigate to 'https://katalon-demo-cura.herokuapp.com/' successfully

10-06-2024T21:58:14 - [TEST_STEP][PASSED] - verifyTextPresent("", false): Text '' is present on page 

10-06-2024T21:58:14 - [MESSAGE][PASSED] - Text '' is present on page 

10-06-2024T21:58:14 - [TEST_STEP][PASSED] - closeBrowser(): Browser is closed

10-06-2024T21:58:15 - [MESSAGE][PASSED] - Browser is closed]]></system-out>
         <system-err><![CDATA[]]></system-err>
      </testcase>
      <testcase name="Test Cases/WEB/Web08" time="3.565" classname="Test Cases/WEB/Web08" status="PASSED">
         <system-out><![CDATA[10-06-2024T21:58:15 - [TEST_CASE][PASSED] - Test Cases/WEB/Web08: Test Cases/WEB/Web08

10-06-2024T21:58:15 - [TEST_STEP][PASSED] - openBrowser(""): Browser is opened with url: ''

10-06-2024T21:58:15 - [MESSAGE][INFO] - Starting 'Chrome' driver

10-06-2024T21:58:15 - [MESSAGE][INFO] - Action delay is set to 0 milliseconds

10-06-2024T21:58:15 - [MESSAGE][PASSED] - Browser is opened with url: ''

10-06-2024T21:58:15 - [TEST_STEP][PASSED] - navigateToUrl("https://katalon-demo-cura.herokuapp.com/"): Navigate to 'https://katalon-demo-cura.herokuapp.com/' successfully

10-06-2024T21:58:18 - [MESSAGE][PASSED] - Navigate to 'https://katalon-demo-cura.herokuapp.com/' successfully

10-06-2024T21:58:18 - [TEST_STEP][PASSED] - waitForElementPresent(findTestObject("Page_CURA Healthcare Service/i_infokatalon.com_fa fa-facebook fa-fw fa-3x"), 0): Object 'Object Repository/Page_CURA Healthcare Service/i_infokatalon.com_fa fa-facebook fa-fw fa-3x' is present

10-06-2024T21:58:18 - [MESSAGE][WARNING] - Timeout '0' is invalid. Using default page load timeout: '30'

10-06-2024T21:58:18 - [MESSAGE][PASSED] - Object 'Object Repository/Page_CURA Healthcare Service/i_infokatalon.com_fa fa-facebook fa-fw fa-3x' is present

10-06-2024T21:58:18 - [TEST_STEP][PASSED] - closeBrowser(): Browser is closed

10-06-2024T21:58:18 - [MESSAGE][PASSED] - Browser is closed]]></system-out>
         <system-err><![CDATA[]]></system-err>
      </testcase>
      <testcase name="Test Cases/WEB/Web09" time="3.524" classname="Test Cases/WEB/Web09" status="PASSED">
         <system-out><![CDATA[10-06-2024T21:58:18 - [TEST_CASE][PASSED] - Test Cases/WEB/Web09: Test Cases/WEB/Web09

10-06-2024T21:58:18 - [TEST_STEP][PASSED] - openBrowser(""): Browser is opened with url: ''

10-06-2024T21:58:18 - [MESSAGE][INFO] - Starting 'Chrome' driver

10-06-2024T21:58:18 - [MESSAGE][INFO] - Action delay is set to 0 milliseconds

10-06-2024T21:58:19 - [MESSAGE][PASSED] - Browser is opened with url: ''

10-06-2024T21:58:19 - [TEST_STEP][PASSED] - navigateToUrl("https://katalon-demo-cura.herokuapp.com/"): Navigate to 'https://katalon-demo-cura.herokuapp.com/' successfully

10-06-2024T21:58:21 - [MESSAGE][PASSED] - Navigate to 'https://katalon-demo-cura.herokuapp.com/' successfully

10-06-2024T21:58:21 - [TEST_STEP][PASSED] - verifyElementPresent(findTestObject("Page_CURA Healthcare Service/p_Copyright  CURA Healthcare Service 2024"), 0): Object 'Object Repository/Page_CURA Healthcare Service/p_Copyright  CURA Healthcare Service 2024' is present

10-06-2024T21:58:21 - [MESSAGE][WARNING] - Timeout '0' is invalid. Using default page load timeout: '30'

10-06-2024T21:58:22 - [MESSAGE][PASSED] - Object 'Object Repository/Page_CURA Healthcare Service/p_Copyright  CURA Healthcare Service 2024' is present

10-06-2024T21:58:22 - [TEST_STEP][PASSED] - closeBrowser(): Browser is closed

10-06-2024T21:58:22 - [MESSAGE][PASSED] - Browser is closed]]></system-out>
         <system-err><![CDATA[]]></system-err>
      </testcase>
      <testcase name="Test Cases/WEB/Web10" time="3.521" classname="Test Cases/WEB/Web10" status="PASSED">
         <system-out><![CDATA[10-06-2024T21:58:22 - [TEST_CASE][PASSED] - Test Cases/WEB/Web10: Test Cases/WEB/Web10

10-06-2024T21:58:22 - [TEST_STEP][PASSED] - openBrowser(""): Browser is opened with url: ''

10-06-2024T21:58:22 - [MESSAGE][INFO] - Starting 'Chrome' driver

10-06-2024T21:58:22 - [MESSAGE][INFO] - Action delay is set to 0 milliseconds

10-06-2024T21:58:22 - [MESSAGE][PASSED] - Browser is opened with url: ''

10-06-2024T21:58:22 - [TEST_STEP][PASSED] - navigateToUrl("https://katalon-demo-cura.herokuapp.com/"): Navigate to 'https://katalon-demo-cura.herokuapp.com/' successfully

10-06-2024T21:58:25 - [MESSAGE][PASSED] - Navigate to 'https://katalon-demo-cura.herokuapp.com/' successfully

10-06-2024T21:58:25 - [TEST_STEP][PASSED] - verifyElementPresent(findTestObject("Page_CURA Healthcare Service/div_CURA Healthcare Service        We Care _b17f12"), 0): Object 'Object Repository/Page_CURA Healthcare Service/div_CURA Healthcare Service        We Care _b17f12' is present

10-06-2024T21:58:25 - [MESSAGE][WARNING] - Timeout '0' is invalid. Using default page load timeout: '30'

10-06-2024T21:58:25 - [MESSAGE][PASSED] - Object 'Object Repository/Page_CURA Healthcare Service/div_CURA Healthcare Service        We Care _b17f12' is present

10-06-2024T21:58:25 - [TEST_STEP][PASSED] - closeBrowser(): Browser is closed

10-06-2024T21:58:25 - [MESSAGE][PASSED] - Browser is closed]]></system-out>
         <system-err><![CDATA[]]></system-err>
      </testcase>
      <testcase name="Test Cases/WEB/Web11" time="3.817" classname="Test Cases/WEB/Web11" status="PASSED">
         <system-out><![CDATA[10-06-2024T21:58:25 - [TEST_CASE][PASSED] - Test Cases/WEB/Web11: Test Cases/WEB/Web11

10-06-2024T21:58:25 - [TEST_STEP][PASSED] - openBrowser(""): Browser is opened with url: ''

10-06-2024T21:58:25 - [MESSAGE][INFO] - Starting 'Chrome' driver

10-06-2024T21:58:25 - [MESSAGE][INFO] - Action delay is set to 0 milliseconds

10-06-2024T21:58:26 - [MESSAGE][PASSED] - Browser is opened with url: ''

10-06-2024T21:58:26 - [TEST_STEP][PASSED] - navigateToUrl("https://katalon-demo-cura.herokuapp.com/"): Navigate to 'https://katalon-demo-cura.herokuapp.com/' successfully

10-06-2024T21:58:28 - [MESSAGE][PASSED] - Navigate to 'https://katalon-demo-cura.herokuapp.com/' successfully

10-06-2024T21:58:28 - [TEST_STEP][PASSED] - click(findTestObject("Object Repository/Page_CURA Healthcare Service/a_CURA Healthcare_menu-toggle")): Object: 'Object Repository/Page_CURA Healthcare Service/a_CURA Healthcare_menu-toggle' is clicked on

10-06-2024T21:58:29 - [MESSAGE][PASSED] - Object: 'Object Repository/Page_CURA Healthcare Service/a_CURA Healthcare_menu-toggle' is clicked on

10-06-2024T21:58:29 - [TEST_STEP][PASSED] - verifyElementPresent(findTestObject("Page_CURA Healthcare Service/a_Login"), 0): Object 'Object Repository/Page_CURA Healthcare Service/a_Login' is present

10-06-2024T21:58:29 - [MESSAGE][WARNING] - Timeout '0' is invalid. Using default page load timeout: '30'

10-06-2024T21:58:29 - [MESSAGE][PASSED] - Object 'Object Repository/Page_CURA Healthcare Service/a_Login' is present

10-06-2024T21:58:29 - [TEST_STEP][PASSED] - closeBrowser(): Browser is closed

10-06-2024T21:58:29 - [MESSAGE][PASSED] - Browser is closed]]></system-out>
         <system-err><![CDATA[]]></system-err>
      </testcase>
      <testcase name="Test Cases/WEB/Web12" time="4.705" classname="Test Cases/WEB/Web12" status="PASSED">
         <system-out><![CDATA[10-06-2024T21:58:29 - [TEST_CASE][PASSED] - Test Cases/WEB/Web12: Test Cases/WEB/Web12

10-06-2024T21:58:29 - [TEST_STEP][PASSED] - openBrowser(""): Browser is opened with url: ''

10-06-2024T21:58:29 - [MESSAGE][INFO] - Starting 'Chrome' driver

10-06-2024T21:58:29 - [MESSAGE][INFO] - Action delay is set to 0 milliseconds

10-06-2024T21:58:30 - [MESSAGE][PASSED] - Browser is opened with url: ''

10-06-2024T21:58:30 - [TEST_STEP][PASSED] - navigateToUrl("https://katalon-demo-cura.herokuapp.com/"): Navigate to 'https://katalon-demo-cura.herokuapp.com/' successfully

10-06-2024T21:58:32 - [MESSAGE][PASSED] - Navigate to 'https://katalon-demo-cura.herokuapp.com/' successfully

10-06-2024T21:58:32 - [TEST_STEP][PASSED] - click(findTestObject("Object Repository/Page_CURA Healthcare Service/a_CURA Healthcare_menu-toggle")): Object: 'Object Repository/Page_CURA Healthcare Service/a_CURA Healthcare_menu-toggle' is clicked on

10-06-2024T21:58:33 - [MESSAGE][PASSED] - Object: 'Object Repository/Page_CURA Healthcare Service/a_CURA Healthcare_menu-toggle' is clicked on

10-06-2024T21:58:33 - [TEST_STEP][PASSED] - click(findTestObject("Object Repository/Page_CURA Healthcare Service/a_Login")): Object: 'Object Repository/Page_CURA Healthcare Service/a_Login' is clicked on

10-06-2024T21:58:33 - [MESSAGE][PASSED] - Object: 'Object Repository/Page_CURA Healthcare Service/a_Login' is clicked on

10-06-2024T21:58:33 - [TEST_STEP][PASSED] - verifyElementPresent(findTestObject("Page_CURA Healthcare Service/h2_Login"), 0): Object 'Object Repository/Page_CURA Healthcare Service/h2_Login' is present

10-06-2024T21:58:33 - [MESSAGE][WARNING] - Timeout '0' is invalid. Using default page load timeout: '30'

10-06-2024T21:58:34 - [MESSAGE][PASSED] - Object 'Object Repository/Page_CURA Healthcare Service/h2_Login' is present

10-06-2024T21:58:34 - [TEST_STEP][PASSED] - closeBrowser(): Browser is closed

10-06-2024T21:58:34 - [MESSAGE][PASSED] - Browser is closed]]></system-out>
         <system-err><![CDATA[]]></system-err>
      </testcase>
      <testcase name="Test Cases/WEB/Web13" time="4.622" classname="Test Cases/WEB/Web13" status="PASSED">
         <system-out><![CDATA[10-06-2024T21:58:34 - [TEST_CASE][PASSED] - Test Cases/WEB/Web13: Test Cases/WEB/Web13

10-06-2024T21:58:34 - [TEST_STEP][PASSED] - openBrowser(""): Browser is opened with url: ''

10-06-2024T21:58:34 - [MESSAGE][INFO] - Starting 'Chrome' driver

10-06-2024T21:58:34 - [MESSAGE][INFO] - Action delay is set to 0 milliseconds

10-06-2024T21:58:34 - [MESSAGE][PASSED] - Browser is opened with url: ''

10-06-2024T21:58:34 - [TEST_STEP][PASSED] - navigateToUrl("https://katalon-demo-cura.herokuapp.com/"): Navigate to 'https://katalon-demo-cura.herokuapp.com/' successfully

10-06-2024T21:58:37 - [MESSAGE][PASSED] - Navigate to 'https://katalon-demo-cura.herokuapp.com/' successfully

10-06-2024T21:58:37 - [TEST_STEP][PASSED] - click(findTestObject("Object Repository/Page_CURA Healthcare Service/a_CURA Healthcare_menu-toggle")): Object: 'Object Repository/Page_CURA Healthcare Service/a_CURA Healthcare_menu-toggle' is clicked on

10-06-2024T21:58:37 - [MESSAGE][PASSED] - Object: 'Object Repository/Page_CURA Healthcare Service/a_CURA Healthcare_menu-toggle' is clicked on

10-06-2024T21:58:37 - [TEST_STEP][PASSED] - click(findTestObject("Object Repository/Page_CURA Healthcare Service/a_Login")): Object: 'Object Repository/Page_CURA Healthcare Service/a_Login' is clicked on

10-06-2024T21:58:38 - [MESSAGE][PASSED] - Object: 'Object Repository/Page_CURA Healthcare Service/a_Login' is clicked on

10-06-2024T21:58:38 - [TEST_STEP][PASSED] - verifyElementPresent(findTestObject("Page_CURA Healthcare Service/p_Please login to make appointment"), 0): Object 'Object Repository/Page_CURA Healthcare Service/p_Please login to make appointment' is present

10-06-2024T21:58:38 - [MESSAGE][WARNING] - Timeout '0' is invalid. Using default page load timeout: '30'

10-06-2024T21:58:38 - [MESSAGE][PASSED] - Object 'Object Repository/Page_CURA Healthcare Service/p_Please login to make appointment' is present

10-06-2024T21:58:38 - [TEST_STEP][PASSED] - closeBrowser(): Browser is closed

10-06-2024T21:58:38 - [MESSAGE][PASSED] - Browser is closed]]></system-out>
         <system-err><![CDATA[]]></system-err>
      </testcase>
      <testcase name="Test Cases/WEB/Web14" time="4.698" classname="Test Cases/WEB/Web14" status="PASSED">
         <system-out><![CDATA[10-06-2024T21:58:38 - [TEST_CASE][PASSED] - Test Cases/WEB/Web14: Test Cases/WEB/Web14

10-06-2024T21:58:38 - [TEST_STEP][PASSED] - openBrowser(""): Browser is opened with url: ''

10-06-2024T21:58:38 - [MESSAGE][INFO] - Starting 'Chrome' driver

10-06-2024T21:58:38 - [MESSAGE][INFO] - Action delay is set to 0 milliseconds

10-06-2024T21:58:39 - [MESSAGE][PASSED] - Browser is opened with url: ''

10-06-2024T21:58:39 - [TEST_STEP][PASSED] - navigateToUrl("https://katalon-demo-cura.herokuapp.com/"): Navigate to 'https://katalon-demo-cura.herokuapp.com/' successfully

10-06-2024T21:58:42 - [MESSAGE][PASSED] - Navigate to 'https://katalon-demo-cura.herokuapp.com/' successfully

10-06-2024T21:58:42 - [TEST_STEP][PASSED] - click(findTestObject("Object Repository/Page_CURA Healthcare Service/i_infokatalon.com_fa fa-facebook fa-fw fa-3x")): Object: 'Object Repository/Page_CURA Healthcare Service/i_infokatalon.com_fa fa-facebook fa-fw fa-3x' is clicked on

10-06-2024T21:58:42 - [MESSAGE][PASSED] - Object: 'Object Repository/Page_CURA Healthcare Service/i_infokatalon.com_fa fa-facebook fa-fw fa-3x' is clicked on

10-06-2024T21:58:42 - [TEST_STEP][PASSED] - click(findTestObject("Object Repository/Page_CURA Healthcare Service/a_Login")): Object: 'Object Repository/Page_CURA Healthcare Service/a_Login' is clicked on

10-06-2024T21:58:43 - [MESSAGE][PASSED] - Object: 'Object Repository/Page_CURA Healthcare Service/a_Login' is clicked on

10-06-2024T21:58:43 - [TEST_STEP][PASSED] - verifyElementPresent(findTestObject("Page_CURA Healthcare Service/label_Demo account"), 0): Object 'Object Repository/Page_CURA Healthcare Service/label_Demo account' is present

10-06-2024T21:58:43 - [MESSAGE][WARNING] - Timeout '0' is invalid. Using default page load timeout: '30'

10-06-2024T21:58:43 - [MESSAGE][PASSED] - Object 'Object Repository/Page_CURA Healthcare Service/label_Demo account' is present

10-06-2024T21:58:43 - [TEST_STEP][PASSED] - closeBrowser(): Browser is closed

10-06-2024T21:58:43 - [MESSAGE][PASSED] - Browser is closed]]></system-out>
         <system-err><![CDATA[]]></system-err>
      </testcase>
      <testcase name="Test Cases/WEB/Web15" time="4.646" classname="Test Cases/WEB/Web15" status="PASSED">
         <system-out><![CDATA[10-06-2024T21:58:43 - [TEST_CASE][PASSED] - Test Cases/WEB/Web15: Test Cases/WEB/Web15

10-06-2024T21:58:43 - [TEST_STEP][PASSED] - openBrowser(""): Browser is opened with url: ''

10-06-2024T21:58:43 - [MESSAGE][INFO] - Starting 'Chrome' driver

10-06-2024T21:58:43 - [MESSAGE][INFO] - Action delay is set to 0 milliseconds

10-06-2024T21:58:44 - [MESSAGE][PASSED] - Browser is opened with url: ''

10-06-2024T21:58:44 - [TEST_STEP][PASSED] - navigateToUrl("https://katalon-demo-cura.herokuapp.com/"): Navigate to 'https://katalon-demo-cura.herokuapp.com/' successfully

10-06-2024T21:58:46 - [MESSAGE][PASSED] - Navigate to 'https://katalon-demo-cura.herokuapp.com/' successfully

10-06-2024T21:58:46 - [TEST_STEP][PASSED] - click(findTestObject("Object Repository/Page_CURA Healthcare Service/i_infokatalon.com_fa fa-facebook fa-fw fa-3x")): Object: 'Object Repository/Page_CURA Healthcare Service/i_infokatalon.com_fa fa-facebook fa-fw fa-3x' is clicked on

10-06-2024T21:58:47 - [MESSAGE][PASSED] - Object: 'Object Repository/Page_CURA Healthcare Service/i_infokatalon.com_fa fa-facebook fa-fw fa-3x' is clicked on

10-06-2024T21:58:47 - [TEST_STEP][PASSED] - click(findTestObject("Object Repository/Page_CURA Healthcare Service/a_Login")): Object: 'Object Repository/Page_CURA Healthcare Service/a_Login' is clicked on

10-06-2024T21:58:47 - [MESSAGE][PASSED] - Object: 'Object Repository/Page_CURA Healthcare Service/a_Login' is clicked on

10-06-2024T21:58:47 - [TEST_STEP][PASSED] - verifyElementPresent(findTestObject("Page_CURA Healthcare Service/input_Demo account_form-control"), 0): Object 'Object Repository/Page_CURA Healthcare Service/input_Demo account_form-control' is present

10-06-2024T21:58:47 - [MESSAGE][WARNING] - Timeout '0' is invalid. Using default page load timeout: '30'

10-06-2024T21:58:48 - [MESSAGE][PASSED] - Object 'Object Repository/Page_CURA Healthcare Service/input_Demo account_form-control' is present

10-06-2024T21:58:48 - [TEST_STEP][PASSED] - closeBrowser(): Browser is closed

10-06-2024T21:58:48 - [MESSAGE][PASSED] - Browser is closed]]></system-out>
         <system-err><![CDATA[]]></system-err>
      </testcase>
      <testcase name="Test Cases/WEB/Web16" time="4.8" classname="Test Cases/WEB/Web16" status="PASSED">
         <system-out><![CDATA[10-06-2024T21:58:48 - [TEST_CASE][PASSED] - Test Cases/WEB/Web16: Test Cases/WEB/Web16

10-06-2024T21:58:48 - [TEST_STEP][PASSED] - openBrowser(""): Browser is opened with url: ''

10-06-2024T21:58:48 - [MESSAGE][INFO] - Starting 'Chrome' driver

10-06-2024T21:58:48 - [MESSAGE][INFO] - Action delay is set to 0 milliseconds

10-06-2024T21:58:48 - [MESSAGE][PASSED] - Browser is opened with url: ''

10-06-2024T21:58:48 - [TEST_STEP][PASSED] - navigateToUrl("https://katalon-demo-cura.herokuapp.com/"): Navigate to 'https://katalon-demo-cura.herokuapp.com/' successfully

10-06-2024T21:58:51 - [MESSAGE][PASSED] - Navigate to 'https://katalon-demo-cura.herokuapp.com/' successfully

10-06-2024T21:58:51 - [TEST_STEP][PASSED] - click(findTestObject("Object Repository/Page_CURA Healthcare Service/a_CURA Healthcare_menu-toggle")): Object: 'Object Repository/Page_CURA Healthcare Service/a_CURA Healthcare_menu-toggle' is clicked on

10-06-2024T21:58:51 - [MESSAGE][PASSED] - Object: 'Object Repository/Page_CURA Healthcare Service/a_CURA Healthcare_menu-toggle' is clicked on

10-06-2024T21:58:51 - [TEST_STEP][PASSED] - click(findTestObject("Object Repository/Page_CURA Healthcare Service/a_Login")): Object: 'Object Repository/Page_CURA Healthcare Service/a_Login' is clicked on

10-06-2024T21:58:52 - [MESSAGE][PASSED] - Object: 'Object Repository/Page_CURA Healthcare Service/a_Login' is clicked on

10-06-2024T21:58:52 - [TEST_STEP][PASSED] - verifyElementPresent(findTestObject("Page_CURA Healthcare Service/button_Login"), 0): Object 'Object Repository/Page_CURA Healthcare Service/button_Login' is present

10-06-2024T21:58:52 - [MESSAGE][WARNING] - Timeout '0' is invalid. Using default page load timeout: '30'

10-06-2024T21:58:52 - [MESSAGE][PASSED] - Object 'Object Repository/Page_CURA Healthcare Service/button_Login' is present

10-06-2024T21:58:52 - [TEST_STEP][PASSED] - closeBrowser(): Browser is closed

10-06-2024T21:58:53 - [MESSAGE][PASSED] - Browser is closed]]></system-out>
         <system-err><![CDATA[]]></system-err>
      </testcase>
      <system-out><![CDATA[10-06-2024T21:57:45 - [TEST_SUITE][PASSED] - Test Suite 1: Test Cases/WEB/Web16]]></system-out>
      <system-err><![CDATA[]]></system-err>
   </testsuite>
</testsuites>
