<?xml version="1.0" encoding="UTF-8"?>
<testsuites name="Test Suite 2" time="10.562" tests="15" failures="0" errors="0">
   <testsuite name="Test Suite 2" tests="15" failures="0" errors="0" time="10.562" skipped="0" timestamp="11-06-2024T00:10:08" hostname="phongHoai - MSI" id="Test Suites/Test Suites/Test Suite 2">
      <properties>
         <property name="deviceName" value=""/>
         <property name="devicePlatform"/>
         <property name="logFolder" value="D:\\katalon_repo\\Katalon\\Reports\\20240611_000830\\Test Suites\\Test Suite 2\\20240611_000833"/>
         <property name="logFiles" value="D:\\katalon_repo\\Katalon\\Reports\\20240611_000830\\Test Suites\\Test Suite 2\\20240611_000833\\execution0.log"/>
         <property name="attachments" value=""/>
         <property name="hostName" value="phongHoai - MSI"/>
         <property name="hostAddress" value="192.168.1.28"/>
         <property name="os" value="Windows 11 64bit"/>
         <property name="katalonVersion" value="9.5.0.217"/>
      </properties>
      <testcase name="Test Cases/API/API01" time="1.421" classname="Test Cases/API/API01" status="PASSED">
         <system-out><![CDATA[11-06-2024T00:10:09 - [TEST_CASE][PASSED] - Test Cases/API/API01: Test Cases/API/API01

11-06-2024T00:10:09 - [TEST_STEP][PASSED] - a = sendRequest(findTestObject("API/GetUsers")): Send request successfully

11-06-2024T00:10:10 - [MESSAGE][INFO] - HAR: D:\katalon_repo\Katalon\Reports\20240611_000830\Test Suites\Test Suite 2\20240611_000833\requests\main\0.har

11-06-2024T00:10:10 - [MESSAGE][PASSED] - Send request successfully

11-06-2024T00:10:10 - [TEST_STEP][PASSED] - verifyResponseStatusCode(a, 200): Verify response status code successfully

11-06-2024T00:10:10 - [MESSAGE][PASSED] - Verify response status code successfully]]></system-out>
         <system-err><![CDATA[]]></system-err>
      </testcase>
      <testcase name="Test Cases/API/API02" time="0.109" classname="Test Cases/API/API02" status="PASSED">
         <system-out><![CDATA[11-06-2024T00:10:10 - [TEST_CASE][PASSED] - Test Cases/API/API02: Test Cases/API/API02

11-06-2024T00:10:10 - [TEST_STEP][PASSED] - a = sendRequest(findTestObject("API/SingleUser")): Send request successfully

11-06-2024T00:10:10 - [MESSAGE][INFO] - HAR: D:\katalon_repo\Katalon\Reports\20240611_000830\Test Suites\Test Suite 2\20240611_000833\requests\main\1.har

11-06-2024T00:10:10 - [MESSAGE][PASSED] - Send request successfully

11-06-2024T00:10:10 - [TEST_STEP][PASSED] - verifyResponseStatusCode(a, 200): Verify response status code successfully

11-06-2024T00:10:10 - [MESSAGE][PASSED] - Verify response status code successfully]]></system-out>
         <system-err><![CDATA[]]></system-err>
      </testcase>
      <testcase name="Test Cases/API/API03" time="0.71" classname="Test Cases/API/API03" status="PASSED">
         <system-out><![CDATA[11-06-2024T00:10:10 - [TEST_CASE][PASSED] - Test Cases/API/API03: Test Cases/API/API03

11-06-2024T00:10:10 - [TEST_STEP][PASSED] - a = sendRequest(findTestObject("API/ListResource")): Send request successfully

11-06-2024T00:10:11 - [MESSAGE][INFO] - HAR: D:\katalon_repo\Katalon\Reports\20240611_000830\Test Suites\Test Suite 2\20240611_000833\requests\main\2.har

11-06-2024T00:10:11 - [MESSAGE][PASSED] - Send request successfully

11-06-2024T00:10:11 - [TEST_STEP][PASSED] - verifyResponseStatusCode(a, 200): Verify response status code successfully

11-06-2024T00:10:11 - [MESSAGE][PASSED] - Verify response status code successfully]]></system-out>
         <system-err><![CDATA[]]></system-err>
      </testcase>
      <testcase name="Test Cases/API/API04" time="0.093" classname="Test Cases/API/API04" status="PASSED">
         <system-out><![CDATA[11-06-2024T00:10:11 - [TEST_CASE][PASSED] - Test Cases/API/API04: Test Cases/API/API04

11-06-2024T00:10:11 - [TEST_STEP][PASSED] - a = sendRequest(findTestObject("API/SingleResource")): Send request successfully

11-06-2024T00:10:11 - [MESSAGE][INFO] - HAR: D:\katalon_repo\Katalon\Reports\20240611_000830\Test Suites\Test Suite 2\20240611_000833\requests\main\3.har

11-06-2024T00:10:11 - [MESSAGE][PASSED] - Send request successfully

11-06-2024T00:10:11 - [TEST_STEP][PASSED] - verifyResponseStatusCode(a, 200): Verify response status code successfully

11-06-2024T00:10:11 - [MESSAGE][PASSED] - Verify response status code successfully]]></system-out>
         <system-err><![CDATA[]]></system-err>
      </testcase>
      <testcase name="Test Cases/API/API05" time="0.097" classname="Test Cases/API/API05" status="PASSED">
         <system-out><![CDATA[11-06-2024T00:10:11 - [TEST_CASE][PASSED] - Test Cases/API/API05: Test Cases/API/API05

11-06-2024T00:10:11 - [TEST_STEP][PASSED] - a = sendRequest(findTestObject("API/CreateUser")): Send request successfully

11-06-2024T00:10:11 - [MESSAGE][INFO] - HAR: D:\katalon_repo\Katalon\Reports\20240611_000830\Test Suites\Test Suite 2\20240611_000833\requests\main\4.har

11-06-2024T00:10:11 - [MESSAGE][PASSED] - Send request successfully

11-06-2024T00:10:11 - [TEST_STEP][PASSED] - verifyResponseStatusCode(a, 200): Verify response status code successfully

11-06-2024T00:10:11 - [MESSAGE][PASSED] - Verify response status code successfully]]></system-out>
         <system-err><![CDATA[]]></system-err>
      </testcase>
      <testcase name="Test Cases/API/API06" time="1.208" classname="Test Cases/API/API06" status="PASSED">
         <system-out><![CDATA[11-06-2024T00:10:11 - [TEST_CASE][PASSED] - Test Cases/API/API06: Test Cases/API/API06

11-06-2024T00:10:11 - [TEST_STEP][PASSED] - a = sendRequest(findTestObject("API/GetUser3")): Send request successfully

11-06-2024T00:10:12 - [MESSAGE][INFO] - HAR: D:\katalon_repo\Katalon\Reports\20240611_000830\Test Suites\Test Suite 2\20240611_000833\requests\main\5.har

11-06-2024T00:10:12 - [MESSAGE][PASSED] - Send request successfully

11-06-2024T00:10:12 - [TEST_STEP][PASSED] - verifyResponseStatusCode(a, 200): Verify response status code successfully

11-06-2024T00:10:12 - [MESSAGE][PASSED] - Verify response status code successfully]]></system-out>
         <system-err><![CDATA[]]></system-err>
      </testcase>
      <testcase name="Test Cases/API/API07" time="0.712" classname="Test Cases/API/API07" status="PASSED">
         <system-out><![CDATA[11-06-2024T00:10:12 - [TEST_CASE][PASSED] - Test Cases/API/API07: Test Cases/API/API07

11-06-2024T00:10:12 - [TEST_STEP][PASSED] - a = sendRequest(findTestObject("API/GetUser4")): Send request successfully

11-06-2024T00:10:13 - [MESSAGE][INFO] - HAR: D:\katalon_repo\Katalon\Reports\20240611_000830\Test Suites\Test Suite 2\20240611_000833\requests\main\6.har

11-06-2024T00:10:13 - [MESSAGE][PASSED] - Send request successfully

11-06-2024T00:10:13 - [TEST_STEP][PASSED] - verifyResponseStatusCode(a, 200): Verify response status code successfully

11-06-2024T00:10:13 - [MESSAGE][PASSED] - Verify response status code successfully]]></system-out>
         <system-err><![CDATA[]]></system-err>
      </testcase>
      <testcase name="Test Cases/API/API08" time="1.029" classname="Test Cases/API/API08" status="PASSED">
         <system-out><![CDATA[11-06-2024T00:10:13 - [TEST_CASE][PASSED] - Test Cases/API/API08: Test Cases/API/API08

11-06-2024T00:10:13 - [TEST_STEP][PASSED] - a = sendRequest(findTestObject("API/GetUser5")): Send request successfully

11-06-2024T00:10:14 - [MESSAGE][INFO] - HAR: D:\katalon_repo\Katalon\Reports\20240611_000830\Test Suites\Test Suite 2\20240611_000833\requests\main\7.har

11-06-2024T00:10:14 - [MESSAGE][PASSED] - Send request successfully

11-06-2024T00:10:14 - [TEST_STEP][PASSED] - verifyResponseStatusCode(a, 200): Verify response status code successfully

11-06-2024T00:10:14 - [MESSAGE][PASSED] - Verify response status code successfully]]></system-out>
         <system-err><![CDATA[]]></system-err>
      </testcase>
      <testcase name="Test Cases/API/API09" time="0.737" classname="Test Cases/API/API09" status="PASSED">
         <system-out><![CDATA[11-06-2024T00:10:14 - [TEST_CASE][PASSED] - Test Cases/API/API09: Test Cases/API/API09

11-06-2024T00:10:14 - [TEST_STEP][PASSED] - a = sendRequest(findTestObject("API/GetUser6")): Send request successfully

11-06-2024T00:10:15 - [MESSAGE][INFO] - HAR: D:\katalon_repo\Katalon\Reports\20240611_000830\Test Suites\Test Suite 2\20240611_000833\requests\main\8.har

11-06-2024T00:10:15 - [MESSAGE][PASSED] - Send request successfully

11-06-2024T00:10:15 - [TEST_STEP][PASSED] - verifyResponseStatusCode(a, 200): Verify response status code successfully

11-06-2024T00:10:15 - [MESSAGE][PASSED] - Verify response status code successfully]]></system-out>
         <system-err><![CDATA[]]></system-err>
      </testcase>
      <testcase name="Test Cases/API/API10" time="1.101" classname="Test Cases/API/API10" status="PASSED">
         <system-out><![CDATA[11-06-2024T00:10:15 - [TEST_CASE][PASSED] - Test Cases/API/API10: Test Cases/API/API10

11-06-2024T00:10:15 - [TEST_STEP][PASSED] - a = sendRequest(findTestObject("API/GetUser7")): Send request successfully

11-06-2024T00:10:16 - [MESSAGE][INFO] - HAR: D:\katalon_repo\Katalon\Reports\20240611_000830\Test Suites\Test Suite 2\20240611_000833\requests\main\9.har

11-06-2024T00:10:16 - [MESSAGE][PASSED] - Send request successfully

11-06-2024T00:10:16 - [TEST_STEP][PASSED] - verifyResponseStatusCode(a, 200): Verify response status code successfully

11-06-2024T00:10:16 - [MESSAGE][PASSED] - Verify response status code successfully]]></system-out>
         <system-err><![CDATA[]]></system-err>
      </testcase>
      <testcase name="Test Cases/API/API11" time="0.709" classname="Test Cases/API/API11" status="PASSED">
         <system-out><![CDATA[11-06-2024T00:10:16 - [TEST_CASE][PASSED] - Test Cases/API/API11: Test Cases/API/API11

11-06-2024T00:10:16 - [TEST_STEP][PASSED] - a = sendRequest(findTestObject("API/GetUser8")): Send request successfully

11-06-2024T00:10:16 - [MESSAGE][INFO] - HAR: D:\katalon_repo\Katalon\Reports\20240611_000830\Test Suites\Test Suite 2\20240611_000833\requests\main\10.har

11-06-2024T00:10:16 - [MESSAGE][PASSED] - Send request successfully

11-06-2024T00:10:16 - [TEST_STEP][PASSED] - verifyResponseStatusCode(a, 200): Verify response status code successfully

11-06-2024T00:10:17 - [MESSAGE][PASSED] - Verify response status code successfully]]></system-out>
         <system-err><![CDATA[]]></system-err>
      </testcase>
      <testcase name="Test Cases/API/API12" time="0.062" classname="Test Cases/API/API12" status="PASSED">
         <system-out><![CDATA[11-06-2024T00:10:17 - [TEST_CASE][PASSED] - Test Cases/API/API12: Test Cases/API/API12

11-06-2024T00:10:17 - [TEST_STEP][PASSED] - a = sendRequest(findTestObject("API/GetUser8")): Send request successfully

11-06-2024T00:10:17 - [MESSAGE][INFO] - HAR: D:\katalon_repo\Katalon\Reports\20240611_000830\Test Suites\Test Suite 2\20240611_000833\requests\main\11.har

11-06-2024T00:10:17 - [MESSAGE][PASSED] - Send request successfully

11-06-2024T00:10:17 - [TEST_STEP][PASSED] - verifyResponseStatusCode(a, 200): Verify response status code successfully

11-06-2024T00:10:17 - [MESSAGE][PASSED] - Verify response status code successfully]]></system-out>
         <system-err><![CDATA[]]></system-err>
      </testcase>
      <testcase name="Test Cases/API/API13" time="0.725" classname="Test Cases/API/API13" status="PASSED">
         <system-out><![CDATA[11-06-2024T00:10:17 - [TEST_CASE][PASSED] - Test Cases/API/API13: Test Cases/API/API13

11-06-2024T00:10:17 - [TEST_STEP][PASSED] - a = sendRequest(findTestObject("API/GetUser9")): Send request successfully

11-06-2024T00:10:17 - [MESSAGE][INFO] - HAR: D:\katalon_repo\Katalon\Reports\20240611_000830\Test Suites\Test Suite 2\20240611_000833\requests\main\12.har

11-06-2024T00:10:17 - [MESSAGE][PASSED] - Send request successfully

11-06-2024T00:10:17 - [TEST_STEP][PASSED] - verifyResponseStatusCode(a, 200): Verify response status code successfully

11-06-2024T00:10:17 - [MESSAGE][PASSED] - Verify response status code successfully]]></system-out>
         <system-err><![CDATA[]]></system-err>
      </testcase>
      <testcase name="Test Cases/API/API14" time="0.896" classname="Test Cases/API/API14" status="PASSED">
         <system-out><![CDATA[11-06-2024T00:10:17 - [TEST_CASE][PASSED] - Test Cases/API/API14: Test Cases/API/API14

11-06-2024T00:10:17 - [TEST_STEP][PASSED] - a = sendRequest(findTestObject("API/GetUser10")): Send request successfully

11-06-2024T00:10:18 - [MESSAGE][INFO] - HAR: D:\katalon_repo\Katalon\Reports\20240611_000830\Test Suites\Test Suite 2\20240611_000833\requests\main\13.har

11-06-2024T00:10:18 - [MESSAGE][PASSED] - Send request successfully

11-06-2024T00:10:18 - [TEST_STEP][PASSED] - verifyResponseStatusCode(a, 200): Verify response status code successfully

11-06-2024T00:10:18 - [MESSAGE][PASSED] - Verify response status code successfully]]></system-out>
         <system-err><![CDATA[]]></system-err>
      </testcase>
      <testcase name="Test Cases/API/API15" time="0.837" classname="Test Cases/API/API15" status="PASSED">
         <system-out><![CDATA[11-06-2024T00:10:18 - [TEST_CASE][PASSED] - Test Cases/API/API15: Test Cases/API/API15

11-06-2024T00:10:18 - [TEST_STEP][PASSED] - a = sendRequest(findTestObject("API/GetUser11")): Send request successfully

11-06-2024T00:10:19 - [MESSAGE][INFO] - HAR: D:\katalon_repo\Katalon\Reports\20240611_000830\Test Suites\Test Suite 2\20240611_000833\requests\main\14.har

11-06-2024T00:10:19 - [MESSAGE][PASSED] - Send request successfully

11-06-2024T00:10:19 - [TEST_STEP][PASSED] - verifyResponseStatusCode(a, 200): Verify response status code successfully

11-06-2024T00:10:19 - [MESSAGE][PASSED] - Verify response status code successfully]]></system-out>
         <system-err><![CDATA[]]></system-err>
      </testcase>
      <system-out><![CDATA[11-06-2024T00:10:08 - [TEST_SUITE][PASSED] - Test Suite 2: Test Cases/API/API15]]></system-out>
      <system-err><![CDATA[]]></system-err>
   </testsuite>
</testsuites>
