<?xml version="1.0" encoding="UTF-8"?>
<testsuites name="Test Suite 1" time="87.622" tests="16" failures="0" errors="0">
   <testsuite name="Test Suite 1" tests="16" failures="0" errors="0" time="87.622" skipped="0" timestamp="14-06-2024T18:23:01" hostname="phongHoai - MSI" id="Test Suites/Test Suites/Test Suite 1">
      <properties>
         <property name="deviceName" value=""/>
         <property name="devicePlatform"/>
         <property name="logFolder" value="D:\\katalon_repo\\Katalon\\Reports\\20240614_182255\\Test Suites\\Test Suite 1\\20240614_182255"/>
         <property name="logFiles" value="D:\\katalon_repo\\Katalon\\Reports\\20240614_182255\\Test Suites\\Test Suite 1\\20240614_182255\\execution0.log"/>
         <property name="attachments" value=""/>
         <property name="hostName" value="phongHoai - MSI"/>
         <property name="os" value="Windows 11 64bit"/>
         <property name="katalonVersion" value="9.5.0.217"/>
         <property name="browser" value="Chrome 125.0.0.0"/>
         <property name="hostAddress" value="192.168.1.11"/>
         <property name="sessionId" value="44ef7c5bfb95a1a2c52769928edc4d32"/>
         <property name="seleniumVersion" value="3.141.59"/>
         <property name="proxyInformation" value="ProxyInformation { proxyOption=NO_PROXY, proxyServerType=HTTP, username=, password=********, proxyServerAddress=, proxyServerPort=0, executionList=&quot;&quot;, isApplyToDesiredCapabilities=true }"/>
         <property name="platform" value="Windows 11"/>
      </properties>
      <testcase name="Test Cases/WEB/Web01" time="5.18" classname="Test Cases/WEB/Web01" status="PASSED">
         <system-out><![CDATA[14-06-2024T18:23:01 - [TEST_CASE][PASSED] - Test Cases/WEB/Web01: Test Cases/WEB/Web01

14-06-2024T18:23:01 - [TEST_STEP][PASSED] - openBrowser(""): Browser is opened with url: ''

14-06-2024T18:23:01 - [MESSAGE][INFO] - Starting 'Chrome' driver

14-06-2024T18:23:01 - [MESSAGE][INFO] - Action delay is set to 0 milliseconds

14-06-2024T18:23:03 - [MESSAGE][PASSED] - Browser is opened with url: ''

14-06-2024T18:23:03 - [TEST_STEP][PASSED] - navigateToUrl("https://katalon-demo-cura.herokuapp.com/"): Navigate to 'https://katalon-demo-cura.herokuapp.com/' successfully

14-06-2024T18:23:06 - [MESSAGE][PASSED] - Navigate to 'https://katalon-demo-cura.herokuapp.com/' successfully

14-06-2024T18:23:06 - [TEST_STEP][PASSED] - verifyElementPresent(findTestObject("Object Repository/Page_CURA Healthcare Service/h1_CURA Healthcare Service"), 0): Object 'Object Repository/Page_CURA Healthcare Service/h1_CURA Healthcare Service' is present

14-06-2024T18:23:06 - [MESSAGE][WARNING] - Timeout '0' is invalid. Using default page load timeout: '30'

14-06-2024T18:23:06 - [MESSAGE][PASSED] - Object 'Object Repository/Page_CURA Healthcare Service/h1_CURA Healthcare Service' is present

14-06-2024T18:23:06 - [TEST_STEP][PASSED] - closeBrowser(): Browser is closed

14-06-2024T18:23:06 - [MESSAGE][PASSED] - Browser is closed]]></system-out>
         <system-err><![CDATA[]]></system-err>
      </testcase>
      <testcase name="Test Cases/WEB/Web02" time="7.51" classname="Test Cases/WEB/Web02" status="PASSED">
         <system-out><![CDATA[14-06-2024T18:23:06 - [TEST_CASE][PASSED] - Test Cases/WEB/Web02: Test Cases/WEB/Web02

14-06-2024T18:23:06 - [TEST_STEP][PASSED] - openBrowser(""): Browser is opened with url: ''

14-06-2024T18:23:06 - [MESSAGE][INFO] - Starting 'Chrome' driver

14-06-2024T18:23:06 - [MESSAGE][INFO] - Action delay is set to 0 milliseconds

14-06-2024T18:23:07 - [MESSAGE][PASSED] - Browser is opened with url: ''

14-06-2024T18:23:07 - [TEST_STEP][PASSED] - navigateToUrl("https://katalon-demo-cura.herokuapp.com/"): Navigate to 'https://katalon-demo-cura.herokuapp.com/' successfully

14-06-2024T18:23:11 - [MESSAGE][PASSED] - Navigate to 'https://katalon-demo-cura.herokuapp.com/' successfully

14-06-2024T18:23:11 - [TEST_STEP][PASSED] - click(findTestObject("Object Repository/Page_CURA Healthcare Service/a_Make Appointment")): Object: 'Object Repository/Page_CURA Healthcare Service/a_Make Appointment' is clicked on

14-06-2024T18:23:12 - [MESSAGE][PASSED] - Object: 'Object Repository/Page_CURA Healthcare Service/a_Make Appointment' is clicked on

14-06-2024T18:23:12 - [TEST_STEP][PASSED] - click(findTestObject("Object Repository/Page_CURA Healthcare Service/button_Login")): Object: 'Object Repository/Page_CURA Healthcare Service/button_Login' is clicked on

14-06-2024T18:23:13 - [MESSAGE][PASSED] - Object: 'Object Repository/Page_CURA Healthcare Service/button_Login' is clicked on

14-06-2024T18:23:13 - [TEST_STEP][PASSED] - verifyElementPresent(findTestObject("Object Repository/Page_CURA Healthcare Service/p_Login failed Please ensure the username a_eb55b5"), 0): Object 'Object Repository/Page_CURA Healthcare Service/p_Login failed Please ensure the username a_eb55b5' is present

14-06-2024T18:23:13 - [MESSAGE][WARNING] - Timeout '0' is invalid. Using default page load timeout: '30'

14-06-2024T18:23:14 - [MESSAGE][PASSED] - Object 'Object Repository/Page_CURA Healthcare Service/p_Login failed Please ensure the username a_eb55b5' is present

14-06-2024T18:23:14 - [TEST_STEP][PASSED] - closeBrowser(): Browser is closed

14-06-2024T18:23:14 - [MESSAGE][PASSED] - Browser is closed]]></system-out>
         <system-err><![CDATA[]]></system-err>
      </testcase>
      <testcase name="Test Cases/WEB/Web03" time="4.105" classname="Test Cases/WEB/Web03" status="PASSED">
         <system-out><![CDATA[14-06-2024T18:23:14 - [TEST_CASE][PASSED] - Test Cases/WEB/Web03: Test Cases/WEB/Web03

14-06-2024T18:23:14 - [TEST_STEP][PASSED] - openBrowser(""): Browser is opened with url: ''

14-06-2024T18:23:14 - [MESSAGE][INFO] - Starting 'Chrome' driver

14-06-2024T18:23:14 - [MESSAGE][INFO] - Action delay is set to 0 milliseconds

14-06-2024T18:23:15 - [MESSAGE][PASSED] - Browser is opened with url: ''

14-06-2024T18:23:15 - [TEST_STEP][PASSED] - navigateToUrl("https://katalon-demo-cura.herokuapp.com/"): Navigate to 'https://katalon-demo-cura.herokuapp.com/' successfully

14-06-2024T18:23:17 - [MESSAGE][PASSED] - Navigate to 'https://katalon-demo-cura.herokuapp.com/' successfully

14-06-2024T18:23:17 - [TEST_STEP][PASSED] - waitForElementPresent(findTestObject("Page_CURA Healthcare Service/p_Atlanta 550 Pharr Road NE Suite 525Atlant_8f4c85"), 0): Object 'Object Repository/Page_CURA Healthcare Service/p_Atlanta 550 Pharr Road NE Suite 525Atlant_8f4c85' is present

14-06-2024T18:23:17 - [MESSAGE][WARNING] - Timeout '0' is invalid. Using default page load timeout: '30'

14-06-2024T18:23:18 - [MESSAGE][PASSED] - Object 'Object Repository/Page_CURA Healthcare Service/p_Atlanta 550 Pharr Road NE Suite 525Atlant_8f4c85' is present

14-06-2024T18:23:18 - [TEST_STEP][PASSED] - closeBrowser(): Browser is closed

14-06-2024T18:23:18 - [MESSAGE][PASSED] - Browser is closed]]></system-out>
         <system-err><![CDATA[]]></system-err>
      </testcase>
      <testcase name="Test Cases/WEB/Web04" time="7.866" classname="Test Cases/WEB/Web04" status="PASSED">
         <system-out><![CDATA[14-06-2024T18:23:18 - [TEST_CASE][PASSED] - Test Cases/WEB/Web04: Test Cases/WEB/Web04

14-06-2024T18:23:18 - [TEST_STEP][PASSED] - openBrowser(""): Browser is opened with url: ''

14-06-2024T18:23:18 - [MESSAGE][INFO] - Starting 'Chrome' driver

14-06-2024T18:23:18 - [MESSAGE][INFO] - Action delay is set to 0 milliseconds

14-06-2024T18:23:19 - [MESSAGE][PASSED] - Browser is opened with url: ''

14-06-2024T18:23:19 - [TEST_STEP][PASSED] - navigateToUrl("https://katalon-demo-cura.herokuapp.com/"): Navigate to 'https://katalon-demo-cura.herokuapp.com/' successfully

14-06-2024T18:23:25 - [MESSAGE][PASSED] - Navigate to 'https://katalon-demo-cura.herokuapp.com/' successfully

14-06-2024T18:23:25 - [TEST_STEP][PASSED] - click(findTestObject("Object Repository/Page_CURA Healthcare Service/a_CURA Healthcare_menu-toggle")): Object: 'Object Repository/Page_CURA Healthcare Service/a_CURA Healthcare_menu-toggle' is clicked on

14-06-2024T18:23:25 - [MESSAGE][PASSED] - Object: 'Object Repository/Page_CURA Healthcare Service/a_CURA Healthcare_menu-toggle' is clicked on

14-06-2024T18:23:25 - [TEST_STEP][PASSED] - verifyElementPresent(findTestObject("Page_CURA Healthcare Service/a_CURA Healthcare"), 0): Object 'Object Repository/Page_CURA Healthcare Service/a_CURA Healthcare' is present

14-06-2024T18:23:25 - [MESSAGE][WARNING] - Timeout '0' is invalid. Using default page load timeout: '30'

14-06-2024T18:23:26 - [MESSAGE][PASSED] - Object 'Object Repository/Page_CURA Healthcare Service/a_CURA Healthcare' is present

14-06-2024T18:23:26 - [TEST_STEP][PASSED] - closeBrowser(): Browser is closed

14-06-2024T18:23:26 - [MESSAGE][PASSED] - Browser is closed]]></system-out>
         <system-err><![CDATA[]]></system-err>
      </testcase>
      <testcase name="Test Cases/WEB/Web05" time="4.928" classname="Test Cases/WEB/Web05" status="PASSED">
         <system-out><![CDATA[14-06-2024T18:23:26 - [TEST_CASE][PASSED] - Test Cases/WEB/Web05: Test Cases/WEB/Web05

14-06-2024T18:23:26 - [TEST_STEP][PASSED] - openBrowser(""): Browser is opened with url: ''

14-06-2024T18:23:26 - [MESSAGE][INFO] - Starting 'Chrome' driver

14-06-2024T18:23:26 - [MESSAGE][INFO] - Action delay is set to 0 milliseconds

14-06-2024T18:23:27 - [MESSAGE][PASSED] - Browser is opened with url: ''

14-06-2024T18:23:27 - [TEST_STEP][PASSED] - navigateToUrl("https://katalon-demo-cura.herokuapp.com/"): Navigate to 'https://katalon-demo-cura.herokuapp.com/' successfully

14-06-2024T18:23:30 - [MESSAGE][PASSED] - Navigate to 'https://katalon-demo-cura.herokuapp.com/' successfully

14-06-2024T18:23:30 - [TEST_STEP][PASSED] - click(findTestObject("Object Repository/Page_CURA Healthcare Service/i_infokatalon.com_fa fa-facebook fa-fw fa-3x")): Object: 'Object Repository/Page_CURA Healthcare Service/i_infokatalon.com_fa fa-facebook fa-fw fa-3x' is clicked on

14-06-2024T18:23:30 - [MESSAGE][PASSED] - Object: 'Object Repository/Page_CURA Healthcare Service/i_infokatalon.com_fa fa-facebook fa-fw fa-3x' is clicked on

14-06-2024T18:23:30 - [TEST_STEP][PASSED] - verifyElementPresent(findTestObject("Page_CURA Healthcare Service/a_Home"), 0): Object 'Object Repository/Page_CURA Healthcare Service/a_Home' is present

14-06-2024T18:23:30 - [MESSAGE][WARNING] - Timeout '0' is invalid. Using default page load timeout: '30'

14-06-2024T18:23:31 - [MESSAGE][PASSED] - Object 'Object Repository/Page_CURA Healthcare Service/a_Home' is present

14-06-2024T18:23:31 - [TEST_STEP][PASSED] - closeBrowser(): Browser is closed

14-06-2024T18:23:31 - [MESSAGE][PASSED] - Browser is closed]]></system-out>
         <system-err><![CDATA[]]></system-err>
      </testcase>
      <testcase name="Test Cases/WEB/Web06" time="4.12" classname="Test Cases/WEB/Web06" status="PASSED">
         <system-out><![CDATA[14-06-2024T18:23:31 - [TEST_CASE][PASSED] - Test Cases/WEB/Web06: Test Cases/WEB/Web06

14-06-2024T18:23:31 - [TEST_STEP][PASSED] - openBrowser(""): Browser is opened with url: ''

14-06-2024T18:23:31 - [MESSAGE][INFO] - Starting 'Chrome' driver

14-06-2024T18:23:31 - [MESSAGE][INFO] - Action delay is set to 0 milliseconds

14-06-2024T18:23:31 - [MESSAGE][PASSED] - Browser is opened with url: ''

14-06-2024T18:23:31 - [TEST_STEP][PASSED] - navigateToUrl("https://katalon-demo-cura.herokuapp.com/"): Navigate to 'https://katalon-demo-cura.herokuapp.com/' successfully

14-06-2024T18:23:34 - [MESSAGE][PASSED] - Navigate to 'https://katalon-demo-cura.herokuapp.com/' successfully

14-06-2024T18:23:34 - [TEST_STEP][PASSED] - verifyElementPresent(findTestObject("Page_CURA Healthcare Service/li_(678) 813-1KMS"), 0): Object 'Object Repository/Page_CURA Healthcare Service/li_(678) 813-1KMS' is present

14-06-2024T18:23:34 - [MESSAGE][WARNING] - Timeout '0' is invalid. Using default page load timeout: '30'

14-06-2024T18:23:35 - [MESSAGE][PASSED] - Object 'Object Repository/Page_CURA Healthcare Service/li_(678) 813-1KMS' is present

14-06-2024T18:23:35 - [TEST_STEP][PASSED] - closeBrowser(): Browser is closed

14-06-2024T18:23:35 - [MESSAGE][PASSED] - Browser is closed]]></system-out>
         <system-err><![CDATA[]]></system-err>
      </testcase>
      <testcase name="Test Cases/WEB/Web07" time="5.353" classname="Test Cases/WEB/Web07" status="PASSED">
         <system-out><![CDATA[14-06-2024T18:23:35 - [TEST_CASE][PASSED] - Test Cases/WEB/Web07: Test Cases/WEB/Web07

14-06-2024T18:23:35 - [TEST_STEP][PASSED] - openBrowser(""): Browser is opened with url: ''

14-06-2024T18:23:35 - [MESSAGE][INFO] - Starting 'Chrome' driver

14-06-2024T18:23:35 - [MESSAGE][INFO] - Action delay is set to 0 milliseconds

14-06-2024T18:23:36 - [MESSAGE][PASSED] - Browser is opened with url: ''

14-06-2024T18:23:36 - [TEST_STEP][PASSED] - navigateToUrl("https://katalon-demo-cura.herokuapp.com/"): Navigate to 'https://katalon-demo-cura.herokuapp.com/' successfully

14-06-2024T18:23:40 - [MESSAGE][PASSED] - Navigate to 'https://katalon-demo-cura.herokuapp.com/' successfully

14-06-2024T18:23:40 - [TEST_STEP][PASSED] - verifyTextPresent("", false): Text '' is present on page 

14-06-2024T18:23:40 - [MESSAGE][PASSED] - Text '' is present on page 

14-06-2024T18:23:40 - [TEST_STEP][PASSED] - closeBrowser(): Browser is closed

14-06-2024T18:23:40 - [MESSAGE][PASSED] - Browser is closed]]></system-out>
         <system-err><![CDATA[]]></system-err>
      </testcase>
      <testcase name="Test Cases/WEB/Web08" time="4.406" classname="Test Cases/WEB/Web08" status="PASSED">
         <system-out><![CDATA[14-06-2024T18:23:40 - [TEST_CASE][PASSED] - Test Cases/WEB/Web08: Test Cases/WEB/Web08

14-06-2024T18:23:40 - [TEST_STEP][PASSED] - openBrowser(""): Browser is opened with url: ''

14-06-2024T18:23:40 - [MESSAGE][INFO] - Starting 'Chrome' driver

14-06-2024T18:23:40 - [MESSAGE][INFO] - Action delay is set to 0 milliseconds

14-06-2024T18:23:41 - [MESSAGE][PASSED] - Browser is opened with url: ''

14-06-2024T18:23:41 - [TEST_STEP][PASSED] - navigateToUrl("https://katalon-demo-cura.herokuapp.com/"): Navigate to 'https://katalon-demo-cura.herokuapp.com/' successfully

14-06-2024T18:23:44 - [MESSAGE][PASSED] - Navigate to 'https://katalon-demo-cura.herokuapp.com/' successfully

14-06-2024T18:23:44 - [TEST_STEP][PASSED] - waitForElementPresent(findTestObject("Page_CURA Healthcare Service/i_infokatalon.com_fa fa-facebook fa-fw fa-3x"), 0): Object 'Object Repository/Page_CURA Healthcare Service/i_infokatalon.com_fa fa-facebook fa-fw fa-3x' is present

14-06-2024T18:23:44 - [MESSAGE][WARNING] - Timeout '0' is invalid. Using default page load timeout: '30'

14-06-2024T18:23:44 - [MESSAGE][PASSED] - Object 'Object Repository/Page_CURA Healthcare Service/i_infokatalon.com_fa fa-facebook fa-fw fa-3x' is present

14-06-2024T18:23:44 - [TEST_STEP][PASSED] - closeBrowser(): Browser is closed

14-06-2024T18:23:45 - [MESSAGE][PASSED] - Browser is closed]]></system-out>
         <system-err><![CDATA[]]></system-err>
      </testcase>
      <testcase name="Test Cases/WEB/Web09" time="4.786" classname="Test Cases/WEB/Web09" status="PASSED">
         <system-out><![CDATA[14-06-2024T18:23:45 - [TEST_CASE][PASSED] - Test Cases/WEB/Web09: Test Cases/WEB/Web09

14-06-2024T18:23:45 - [TEST_STEP][PASSED] - openBrowser(""): Browser is opened with url: ''

14-06-2024T18:23:45 - [MESSAGE][INFO] - Starting 'Chrome' driver

14-06-2024T18:23:45 - [MESSAGE][INFO] - Action delay is set to 0 milliseconds

14-06-2024T18:23:45 - [MESSAGE][PASSED] - Browser is opened with url: ''

14-06-2024T18:23:45 - [TEST_STEP][PASSED] - navigateToUrl("https://katalon-demo-cura.herokuapp.com/"): Navigate to 'https://katalon-demo-cura.herokuapp.com/' successfully

14-06-2024T18:23:49 - [MESSAGE][PASSED] - Navigate to 'https://katalon-demo-cura.herokuapp.com/' successfully

14-06-2024T18:23:49 - [TEST_STEP][PASSED] - verifyElementPresent(findTestObject("Page_CURA Healthcare Service/p_Copyright  CURA Healthcare Service 2024"), 0): Object 'Object Repository/Page_CURA Healthcare Service/p_Copyright  CURA Healthcare Service 2024' is present

14-06-2024T18:23:49 - [MESSAGE][WARNING] - Timeout '0' is invalid. Using default page load timeout: '30'

14-06-2024T18:23:49 - [MESSAGE][PASSED] - Object 'Object Repository/Page_CURA Healthcare Service/p_Copyright  CURA Healthcare Service 2024' is present

14-06-2024T18:23:49 - [TEST_STEP][PASSED] - closeBrowser(): Browser is closed

14-06-2024T18:23:49 - [MESSAGE][PASSED] - Browser is closed]]></system-out>
         <system-err><![CDATA[]]></system-err>
      </testcase>
      <testcase name="Test Cases/WEB/Web10" time="4.044" classname="Test Cases/WEB/Web10" status="PASSED">
         <system-out><![CDATA[14-06-2024T18:23:49 - [TEST_CASE][PASSED] - Test Cases/WEB/Web10: Test Cases/WEB/Web10

14-06-2024T18:23:49 - [TEST_STEP][PASSED] - openBrowser(""): Browser is opened with url: ''

14-06-2024T18:23:49 - [MESSAGE][INFO] - Starting 'Chrome' driver

14-06-2024T18:23:49 - [MESSAGE][INFO] - Action delay is set to 0 milliseconds

14-06-2024T18:23:50 - [MESSAGE][PASSED] - Browser is opened with url: ''

14-06-2024T18:23:50 - [TEST_STEP][PASSED] - navigateToUrl("https://katalon-demo-cura.herokuapp.com/"): Navigate to 'https://katalon-demo-cura.herokuapp.com/' successfully

14-06-2024T18:23:53 - [MESSAGE][PASSED] - Navigate to 'https://katalon-demo-cura.herokuapp.com/' successfully

14-06-2024T18:23:53 - [TEST_STEP][PASSED] - verifyElementPresent(findTestObject("Page_CURA Healthcare Service/div_CURA Healthcare Service        We Care _b17f12"), 0): Object 'Object Repository/Page_CURA Healthcare Service/div_CURA Healthcare Service        We Care _b17f12' is present

14-06-2024T18:23:53 - [MESSAGE][WARNING] - Timeout '0' is invalid. Using default page load timeout: '30'

14-06-2024T18:23:53 - [MESSAGE][PASSED] - Object 'Object Repository/Page_CURA Healthcare Service/div_CURA Healthcare Service        We Care _b17f12' is present

14-06-2024T18:23:53 - [TEST_STEP][PASSED] - closeBrowser(): Browser is closed

14-06-2024T18:23:53 - [MESSAGE][PASSED] - Browser is closed]]></system-out>
         <system-err><![CDATA[]]></system-err>
      </testcase>
      <testcase name="Test Cases/WEB/Web11" time="5.356" classname="Test Cases/WEB/Web11" status="PASSED">
         <system-out><![CDATA[14-06-2024T18:23:53 - [TEST_CASE][PASSED] - Test Cases/WEB/Web11: Test Cases/WEB/Web11

14-06-2024T18:23:53 - [TEST_STEP][PASSED] - openBrowser(""): Browser is opened with url: ''

14-06-2024T18:23:53 - [MESSAGE][INFO] - Starting 'Chrome' driver

14-06-2024T18:23:53 - [MESSAGE][INFO] - Action delay is set to 0 milliseconds

14-06-2024T18:23:54 - [MESSAGE][PASSED] - Browser is opened with url: ''

14-06-2024T18:23:54 - [TEST_STEP][PASSED] - navigateToUrl("https://katalon-demo-cura.herokuapp.com/"): Navigate to 'https://katalon-demo-cura.herokuapp.com/' successfully

14-06-2024T18:23:58 - [MESSAGE][PASSED] - Navigate to 'https://katalon-demo-cura.herokuapp.com/' successfully

14-06-2024T18:23:58 - [TEST_STEP][PASSED] - click(findTestObject("Object Repository/Page_CURA Healthcare Service/a_CURA Healthcare_menu-toggle")): Object: 'Object Repository/Page_CURA Healthcare Service/a_CURA Healthcare_menu-toggle' is clicked on

14-06-2024T18:23:58 - [MESSAGE][PASSED] - Object: 'Object Repository/Page_CURA Healthcare Service/a_CURA Healthcare_menu-toggle' is clicked on

14-06-2024T18:23:58 - [TEST_STEP][PASSED] - verifyElementPresent(findTestObject("Page_CURA Healthcare Service/a_Login"), 0): Object 'Object Repository/Page_CURA Healthcare Service/a_Login' is present

14-06-2024T18:23:58 - [MESSAGE][WARNING] - Timeout '0' is invalid. Using default page load timeout: '30'

14-06-2024T18:23:59 - [MESSAGE][PASSED] - Object 'Object Repository/Page_CURA Healthcare Service/a_Login' is present

14-06-2024T18:23:59 - [TEST_STEP][PASSED] - closeBrowser(): Browser is closed

14-06-2024T18:23:59 - [MESSAGE][PASSED] - Browser is closed]]></system-out>
         <system-err><![CDATA[]]></system-err>
      </testcase>
      <testcase name="Test Cases/WEB/Web12" time="5.355" classname="Test Cases/WEB/Web12" status="PASSED">
         <system-out><![CDATA[14-06-2024T18:23:59 - [TEST_CASE][PASSED] - Test Cases/WEB/Web12: Test Cases/WEB/Web12

14-06-2024T18:23:59 - [TEST_STEP][PASSED] - openBrowser(""): Browser is opened with url: ''

14-06-2024T18:23:59 - [MESSAGE][INFO] - Starting 'Chrome' driver

14-06-2024T18:23:59 - [MESSAGE][INFO] - Action delay is set to 0 milliseconds

14-06-2024T18:23:59 - [MESSAGE][PASSED] - Browser is opened with url: ''

14-06-2024T18:23:59 - [TEST_STEP][PASSED] - navigateToUrl("https://katalon-demo-cura.herokuapp.com/"): Navigate to 'https://katalon-demo-cura.herokuapp.com/' successfully

14-06-2024T18:24:02 - [MESSAGE][PASSED] - Navigate to 'https://katalon-demo-cura.herokuapp.com/' successfully

14-06-2024T18:24:02 - [TEST_STEP][PASSED] - click(findTestObject("Object Repository/Page_CURA Healthcare Service/a_CURA Healthcare_menu-toggle")): Object: 'Object Repository/Page_CURA Healthcare Service/a_CURA Healthcare_menu-toggle' is clicked on

14-06-2024T18:24:03 - [MESSAGE][PASSED] - Object: 'Object Repository/Page_CURA Healthcare Service/a_CURA Healthcare_menu-toggle' is clicked on

14-06-2024T18:24:03 - [TEST_STEP][PASSED] - click(findTestObject("Object Repository/Page_CURA Healthcare Service/a_Login")): Object: 'Object Repository/Page_CURA Healthcare Service/a_Login' is clicked on

14-06-2024T18:24:04 - [MESSAGE][PASSED] - Object: 'Object Repository/Page_CURA Healthcare Service/a_Login' is clicked on

14-06-2024T18:24:04 - [TEST_STEP][PASSED] - verifyElementPresent(findTestObject("Page_CURA Healthcare Service/h2_Login"), 0): Object 'Object Repository/Page_CURA Healthcare Service/h2_Login' is present

14-06-2024T18:24:04 - [MESSAGE][WARNING] - Timeout '0' is invalid. Using default page load timeout: '30'

14-06-2024T18:24:04 - [MESSAGE][PASSED] - Object 'Object Repository/Page_CURA Healthcare Service/h2_Login' is present

14-06-2024T18:24:04 - [TEST_STEP][PASSED] - closeBrowser(): Browser is closed

14-06-2024T18:24:04 - [MESSAGE][PASSED] - Browser is closed]]></system-out>
         <system-err><![CDATA[]]></system-err>
      </testcase>
      <testcase name="Test Cases/WEB/Web13" time="6.225" classname="Test Cases/WEB/Web13" status="PASSED">
         <system-out><![CDATA[14-06-2024T18:24:04 - [TEST_CASE][PASSED] - Test Cases/WEB/Web13: Test Cases/WEB/Web13

14-06-2024T18:24:04 - [TEST_STEP][PASSED] - openBrowser(""): Browser is opened with url: ''

14-06-2024T18:24:04 - [MESSAGE][INFO] - Starting 'Chrome' driver

14-06-2024T18:24:04 - [MESSAGE][INFO] - Action delay is set to 0 milliseconds

14-06-2024T18:24:05 - [MESSAGE][PASSED] - Browser is opened with url: ''

14-06-2024T18:24:05 - [TEST_STEP][PASSED] - navigateToUrl("https://katalon-demo-cura.herokuapp.com/"): Navigate to 'https://katalon-demo-cura.herokuapp.com/' successfully

14-06-2024T18:24:09 - [MESSAGE][PASSED] - Navigate to 'https://katalon-demo-cura.herokuapp.com/' successfully

14-06-2024T18:24:09 - [TEST_STEP][PASSED] - click(findTestObject("Object Repository/Page_CURA Healthcare Service/a_CURA Healthcare_menu-toggle")): Object: 'Object Repository/Page_CURA Healthcare Service/a_CURA Healthcare_menu-toggle' is clicked on

14-06-2024T18:24:09 - [MESSAGE][PASSED] - Object: 'Object Repository/Page_CURA Healthcare Service/a_CURA Healthcare_menu-toggle' is clicked on

14-06-2024T18:24:09 - [TEST_STEP][PASSED] - click(findTestObject("Object Repository/Page_CURA Healthcare Service/a_Login")): Object: 'Object Repository/Page_CURA Healthcare Service/a_Login' is clicked on

14-06-2024T18:24:10 - [MESSAGE][PASSED] - Object: 'Object Repository/Page_CURA Healthcare Service/a_Login' is clicked on

14-06-2024T18:24:10 - [TEST_STEP][PASSED] - verifyElementPresent(findTestObject("Page_CURA Healthcare Service/p_Please login to make appointment"), 0): Object 'Object Repository/Page_CURA Healthcare Service/p_Please login to make appointment' is present

14-06-2024T18:24:10 - [MESSAGE][WARNING] - Timeout '0' is invalid. Using default page load timeout: '30'

14-06-2024T18:24:10 - [MESSAGE][PASSED] - Object 'Object Repository/Page_CURA Healthcare Service/p_Please login to make appointment' is present

14-06-2024T18:24:10 - [TEST_STEP][PASSED] - closeBrowser(): Browser is closed

14-06-2024T18:24:10 - [MESSAGE][PASSED] - Browser is closed]]></system-out>
         <system-err><![CDATA[]]></system-err>
      </testcase>
      <testcase name="Test Cases/WEB/Web14" time="6.075" classname="Test Cases/WEB/Web14" status="PASSED">
         <system-out><![CDATA[14-06-2024T18:24:10 - [TEST_CASE][PASSED] - Test Cases/WEB/Web14: Test Cases/WEB/Web14

14-06-2024T18:24:10 - [TEST_STEP][PASSED] - openBrowser(""): Browser is opened with url: ''

14-06-2024T18:24:10 - [MESSAGE][INFO] - Starting 'Chrome' driver

14-06-2024T18:24:10 - [MESSAGE][INFO] - Action delay is set to 0 milliseconds

14-06-2024T18:24:11 - [MESSAGE][PASSED] - Browser is opened with url: ''

14-06-2024T18:24:11 - [TEST_STEP][PASSED] - navigateToUrl("https://katalon-demo-cura.herokuapp.com/"): Navigate to 'https://katalon-demo-cura.herokuapp.com/' successfully

14-06-2024T18:24:15 - [MESSAGE][PASSED] - Navigate to 'https://katalon-demo-cura.herokuapp.com/' successfully

14-06-2024T18:24:15 - [TEST_STEP][PASSED] - click(findTestObject("Object Repository/Page_CURA Healthcare Service/i_infokatalon.com_fa fa-facebook fa-fw fa-3x")): Object: 'Object Repository/Page_CURA Healthcare Service/i_infokatalon.com_fa fa-facebook fa-fw fa-3x' is clicked on

14-06-2024T18:24:15 - [MESSAGE][PASSED] - Object: 'Object Repository/Page_CURA Healthcare Service/i_infokatalon.com_fa fa-facebook fa-fw fa-3x' is clicked on

14-06-2024T18:24:15 - [TEST_STEP][PASSED] - click(findTestObject("Object Repository/Page_CURA Healthcare Service/a_Login")): Object: 'Object Repository/Page_CURA Healthcare Service/a_Login' is clicked on

14-06-2024T18:24:16 - [MESSAGE][PASSED] - Object: 'Object Repository/Page_CURA Healthcare Service/a_Login' is clicked on

14-06-2024T18:24:16 - [TEST_STEP][PASSED] - verifyElementPresent(findTestObject("Page_CURA Healthcare Service/label_Demo account"), 0): Object 'Object Repository/Page_CURA Healthcare Service/label_Demo account' is present

14-06-2024T18:24:16 - [MESSAGE][WARNING] - Timeout '0' is invalid. Using default page load timeout: '30'

14-06-2024T18:24:16 - [MESSAGE][PASSED] - Object 'Object Repository/Page_CURA Healthcare Service/label_Demo account' is present

14-06-2024T18:24:16 - [TEST_STEP][PASSED] - closeBrowser(): Browser is closed

14-06-2024T18:24:16 - [MESSAGE][PASSED] - Browser is closed]]></system-out>
         <system-err><![CDATA[]]></system-err>
      </testcase>
      <testcase name="Test Cases/WEB/Web15" time="6.1" classname="Test Cases/WEB/Web15" status="PASSED">
         <system-out><![CDATA[14-06-2024T18:24:16 - [TEST_CASE][PASSED] - Test Cases/WEB/Web15: Test Cases/WEB/Web15

14-06-2024T18:24:16 - [TEST_STEP][PASSED] - openBrowser(""): Browser is opened with url: ''

14-06-2024T18:24:16 - [MESSAGE][INFO] - Starting 'Chrome' driver

14-06-2024T18:24:16 - [MESSAGE][INFO] - Action delay is set to 0 milliseconds

14-06-2024T18:24:17 - [MESSAGE][PASSED] - Browser is opened with url: ''

14-06-2024T18:24:17 - [TEST_STEP][PASSED] - navigateToUrl("https://katalon-demo-cura.herokuapp.com/"): Navigate to 'https://katalon-demo-cura.herokuapp.com/' successfully

14-06-2024T18:24:21 - [MESSAGE][PASSED] - Navigate to 'https://katalon-demo-cura.herokuapp.com/' successfully

14-06-2024T18:24:21 - [TEST_STEP][PASSED] - click(findTestObject("Object Repository/Page_CURA Healthcare Service/i_infokatalon.com_fa fa-facebook fa-fw fa-3x")): Object: 'Object Repository/Page_CURA Healthcare Service/i_infokatalon.com_fa fa-facebook fa-fw fa-3x' is clicked on

14-06-2024T18:24:21 - [MESSAGE][PASSED] - Object: 'Object Repository/Page_CURA Healthcare Service/i_infokatalon.com_fa fa-facebook fa-fw fa-3x' is clicked on

14-06-2024T18:24:21 - [TEST_STEP][PASSED] - click(findTestObject("Object Repository/Page_CURA Healthcare Service/a_Login")): Object: 'Object Repository/Page_CURA Healthcare Service/a_Login' is clicked on

14-06-2024T18:24:22 - [MESSAGE][PASSED] - Object: 'Object Repository/Page_CURA Healthcare Service/a_Login' is clicked on

14-06-2024T18:24:22 - [TEST_STEP][PASSED] - verifyElementPresent(findTestObject("Page_CURA Healthcare Service/input_Demo account_form-control"), 0): Object 'Object Repository/Page_CURA Healthcare Service/input_Demo account_form-control' is present

14-06-2024T18:24:22 - [MESSAGE][WARNING] - Timeout '0' is invalid. Using default page load timeout: '30'

14-06-2024T18:24:22 - [MESSAGE][PASSED] - Object 'Object Repository/Page_CURA Healthcare Service/input_Demo account_form-control' is present

14-06-2024T18:24:22 - [TEST_STEP][PASSED] - closeBrowser(): Browser is closed

14-06-2024T18:24:23 - [MESSAGE][PASSED] - Browser is closed]]></system-out>
         <system-err><![CDATA[]]></system-err>
      </testcase>
      <testcase name="Test Cases/WEB/Web16" time="6.067" classname="Test Cases/WEB/Web16" status="PASSED">
         <system-out><![CDATA[14-06-2024T18:24:23 - [TEST_CASE][PASSED] - Test Cases/WEB/Web16: Test Cases/WEB/Web16

14-06-2024T18:24:23 - [TEST_STEP][PASSED] - openBrowser(""): Browser is opened with url: ''

14-06-2024T18:24:23 - [MESSAGE][INFO] - Starting 'Chrome' driver

14-06-2024T18:24:23 - [MESSAGE][INFO] - Action delay is set to 0 milliseconds

14-06-2024T18:24:23 - [MESSAGE][PASSED] - Browser is opened with url: ''

14-06-2024T18:24:23 - [TEST_STEP][PASSED] - navigateToUrl("https://katalon-demo-cura.herokuapp.com/"): Navigate to 'https://katalon-demo-cura.herokuapp.com/' successfully

14-06-2024T18:24:27 - [MESSAGE][PASSED] - Navigate to 'https://katalon-demo-cura.herokuapp.com/' successfully

14-06-2024T18:24:27 - [TEST_STEP][PASSED] - click(findTestObject("Object Repository/Page_CURA Healthcare Service/a_CURA Healthcare_menu-toggle")): Object: 'Object Repository/Page_CURA Healthcare Service/a_CURA Healthcare_menu-toggle' is clicked on

14-06-2024T18:24:27 - [MESSAGE][PASSED] - Object: 'Object Repository/Page_CURA Healthcare Service/a_CURA Healthcare_menu-toggle' is clicked on

14-06-2024T18:24:27 - [TEST_STEP][PASSED] - click(findTestObject("Object Repository/Page_CURA Healthcare Service/a_Login")): Object: 'Object Repository/Page_CURA Healthcare Service/a_Login' is clicked on

14-06-2024T18:24:28 - [MESSAGE][PASSED] - Object: 'Object Repository/Page_CURA Healthcare Service/a_Login' is clicked on

14-06-2024T18:24:28 - [TEST_STEP][PASSED] - verifyElementPresent(findTestObject("Page_CURA Healthcare Service/button_Login"), 0): Object 'Object Repository/Page_CURA Healthcare Service/button_Login' is present

14-06-2024T18:24:28 - [MESSAGE][WARNING] - Timeout '0' is invalid. Using default page load timeout: '30'

14-06-2024T18:24:28 - [MESSAGE][PASSED] - Object 'Object Repository/Page_CURA Healthcare Service/button_Login' is present

14-06-2024T18:24:28 - [TEST_STEP][PASSED] - closeBrowser(): Browser is closed

14-06-2024T18:24:29 - [MESSAGE][PASSED] - Browser is closed]]></system-out>
         <system-err><![CDATA[]]></system-err>
      </testcase>
      <system-out><![CDATA[14-06-2024T18:23:01 - [TEST_SUITE][PASSED] - Test Suite 1: Test Cases/WEB/Web16]]></system-out>
      <system-err><![CDATA[]]></system-err>
   </testsuite>
</testsuites>
