<?xml version="1.0" encoding="UTF-8"?>
<testsuites name="Test Suite Collection 1" time="155.118" tests="32" failures="0" errors="0">
   <testsuite name="Test Suite 1" tests="16" failures="0" errors="0" time="76.878" skipped="0" timestamp="14-06-2024T18:16:10" hostname="phongHoai - MSI" id="Test Suites/Test Suites/Test Suite 1">
      <properties>
         <property name="deviceName" value=""/>
         <property name="devicePlatform"/>
         <property name="logFolder" value="D:\\katalon_repo\\Katalon\\Reports\\20240614_181557\\Test Suites\\Test Suite 1\\20240614_181558"/>
         <property name="logFiles" value="D:\\katalon_repo\\Katalon\\Reports\\20240614_181557\\Test Suites\\Test Suite 1\\20240614_181558\\execution0.log"/>
         <property name="attachments" value=""/>
         <property name="hostName" value="phongHoai - MSI"/>
         <property name="os" value="Windows 11 64bit"/>
         <property name="katalonVersion" value="9.5.0.217"/>
         <property name="browser" value="Chrome 125.0.0.0"/>
         <property name="hostAddress" value="192.168.1.11"/>
         <property name="sessionId" value="967447c41875f2dc7a7d60d15b1a60cf"/>
         <property name="seleniumVersion" value="3.141.59"/>
         <property name="proxyInformation" value="ProxyInformation { proxyOption=NO_PROXY, proxyServerType=HTTP, username=, password=********, proxyServerAddress=, proxyServerPort=0, executionList=&quot;&quot;, isApplyToDesiredCapabilities=true }"/>
         <property name="platform" value="Windows 11"/>
      </properties>
      <testcase name="Test Cases/WEB/Web01" time="5.214" classname="Test Cases/WEB/Web01" status="PASSED">
         <system-out><![CDATA[14-06-2024T18:16:10 - [TEST_CASE][PASSED] - Test Cases/WEB/Web01: Test Cases/WEB/Web01

14-06-2024T18:16:10 - [TEST_STEP][PASSED] - openBrowser(""): Browser is opened with url: ''

14-06-2024T18:16:10 - [MESSAGE][INFO] - Starting 'Chrome' driver

14-06-2024T18:16:10 - [MESSAGE][INFO] - Action delay is set to 0 milliseconds

14-06-2024T18:16:11 - [MESSAGE][PASSED] - Browser is opened with url: ''

14-06-2024T18:16:11 - [TEST_STEP][PASSED] - navigateToUrl("https://katalon-demo-cura.herokuapp.com/"): Navigate to 'https://katalon-demo-cura.herokuapp.com/' successfully

14-06-2024T18:16:14 - [MESSAGE][PASSED] - Navigate to 'https://katalon-demo-cura.herokuapp.com/' successfully

14-06-2024T18:16:14 - [TEST_STEP][PASSED] - verifyElementPresent(findTestObject("Object Repository/Page_CURA Healthcare Service/h1_CURA Healthcare Service"), 0): Object 'Object Repository/Page_CURA Healthcare Service/h1_CURA Healthcare Service' is present

14-06-2024T18:16:15 - [MESSAGE][WARNING] - Timeout '0' is invalid. Using default page load timeout: '30'

14-06-2024T18:16:15 - [MESSAGE][PASSED] - Object 'Object Repository/Page_CURA Healthcare Service/h1_CURA Healthcare Service' is present

14-06-2024T18:16:15 - [TEST_STEP][PASSED] - closeBrowser(): Browser is closed

14-06-2024T18:16:15 - [MESSAGE][PASSED] - Browser is closed]]></system-out>
         <system-err><![CDATA[]]></system-err>
      </testcase>
      <testcase name="Test Cases/WEB/Web02" time="6.317" classname="Test Cases/WEB/Web02" status="PASSED">
         <system-out><![CDATA[14-06-2024T18:16:15 - [TEST_CASE][PASSED] - Test Cases/WEB/Web02: Test Cases/WEB/Web02

14-06-2024T18:16:15 - [TEST_STEP][PASSED] - openBrowser(""): Browser is opened with url: ''

14-06-2024T18:16:15 - [MESSAGE][INFO] - Starting 'Chrome' driver

14-06-2024T18:16:15 - [MESSAGE][INFO] - Action delay is set to 0 milliseconds

14-06-2024T18:16:16 - [MESSAGE][PASSED] - Browser is opened with url: ''

14-06-2024T18:16:16 - [TEST_STEP][PASSED] - navigateToUrl("https://katalon-demo-cura.herokuapp.com/"): Navigate to 'https://katalon-demo-cura.herokuapp.com/' successfully

14-06-2024T18:16:19 - [MESSAGE][PASSED] - Navigate to 'https://katalon-demo-cura.herokuapp.com/' successfully

14-06-2024T18:16:19 - [TEST_STEP][PASSED] - click(findTestObject("Object Repository/Page_CURA Healthcare Service/a_Make Appointment")): Object: 'Object Repository/Page_CURA Healthcare Service/a_Make Appointment' is clicked on

14-06-2024T18:16:20 - [MESSAGE][PASSED] - Object: 'Object Repository/Page_CURA Healthcare Service/a_Make Appointment' is clicked on

14-06-2024T18:16:20 - [TEST_STEP][PASSED] - click(findTestObject("Object Repository/Page_CURA Healthcare Service/button_Login")): Object: 'Object Repository/Page_CURA Healthcare Service/button_Login' is clicked on

14-06-2024T18:16:21 - [MESSAGE][PASSED] - Object: 'Object Repository/Page_CURA Healthcare Service/button_Login' is clicked on

14-06-2024T18:16:21 - [TEST_STEP][PASSED] - verifyElementPresent(findTestObject("Object Repository/Page_CURA Healthcare Service/p_Login failed Please ensure the username a_eb55b5"), 0): Object 'Object Repository/Page_CURA Healthcare Service/p_Login failed Please ensure the username a_eb55b5' is present

14-06-2024T18:16:21 - [MESSAGE][WARNING] - Timeout '0' is invalid. Using default page load timeout: '30'

14-06-2024T18:16:21 - [MESSAGE][PASSED] - Object 'Object Repository/Page_CURA Healthcare Service/p_Login failed Please ensure the username a_eb55b5' is present

14-06-2024T18:16:21 - [TEST_STEP][PASSED] - closeBrowser(): Browser is closed

14-06-2024T18:16:21 - [MESSAGE][PASSED] - Browser is closed]]></system-out>
         <system-err><![CDATA[]]></system-err>
      </testcase>
      <testcase name="Test Cases/WEB/Web03" time="4.169" classname="Test Cases/WEB/Web03" status="PASSED">
         <system-out><![CDATA[14-06-2024T18:16:21 - [TEST_CASE][PASSED] - Test Cases/WEB/Web03: Test Cases/WEB/Web03

14-06-2024T18:16:21 - [TEST_STEP][PASSED] - openBrowser(""): Browser is opened with url: ''

14-06-2024T18:16:21 - [MESSAGE][INFO] - Starting 'Chrome' driver

14-06-2024T18:16:21 - [MESSAGE][INFO] - Action delay is set to 0 milliseconds

14-06-2024T18:16:22 - [MESSAGE][PASSED] - Browser is opened with url: ''

14-06-2024T18:16:22 - [TEST_STEP][PASSED] - navigateToUrl("https://katalon-demo-cura.herokuapp.com/"): Navigate to 'https://katalon-demo-cura.herokuapp.com/' successfully

14-06-2024T18:16:25 - [MESSAGE][PASSED] - Navigate to 'https://katalon-demo-cura.herokuapp.com/' successfully

14-06-2024T18:16:25 - [TEST_STEP][PASSED] - waitForElementPresent(findTestObject("Page_CURA Healthcare Service/p_Atlanta 550 Pharr Road NE Suite 525Atlant_8f4c85"), 0): Object 'Object Repository/Page_CURA Healthcare Service/p_Atlanta 550 Pharr Road NE Suite 525Atlant_8f4c85' is present

14-06-2024T18:16:25 - [MESSAGE][WARNING] - Timeout '0' is invalid. Using default page load timeout: '30'

14-06-2024T18:16:25 - [MESSAGE][PASSED] - Object 'Object Repository/Page_CURA Healthcare Service/p_Atlanta 550 Pharr Road NE Suite 525Atlant_8f4c85' is present

14-06-2024T18:16:25 - [TEST_STEP][PASSED] - closeBrowser(): Browser is closed

14-06-2024T18:16:25 - [MESSAGE][PASSED] - Browser is closed]]></system-out>
         <system-err><![CDATA[]]></system-err>
      </testcase>
      <testcase name="Test Cases/WEB/Web04" time="4.592" classname="Test Cases/WEB/Web04" status="PASSED">
         <system-out><![CDATA[14-06-2024T18:16:25 - [TEST_CASE][PASSED] - Test Cases/WEB/Web04: Test Cases/WEB/Web04

14-06-2024T18:16:26 - [TEST_STEP][PASSED] - openBrowser(""): Browser is opened with url: ''

14-06-2024T18:16:26 - [MESSAGE][INFO] - Starting 'Chrome' driver

14-06-2024T18:16:26 - [MESSAGE][INFO] - Action delay is set to 0 milliseconds

14-06-2024T18:16:26 - [MESSAGE][PASSED] - Browser is opened with url: ''

14-06-2024T18:16:26 - [TEST_STEP][PASSED] - navigateToUrl("https://katalon-demo-cura.herokuapp.com/"): Navigate to 'https://katalon-demo-cura.herokuapp.com/' successfully

14-06-2024T18:16:29 - [MESSAGE][PASSED] - Navigate to 'https://katalon-demo-cura.herokuapp.com/' successfully

14-06-2024T18:16:29 - [TEST_STEP][PASSED] - click(findTestObject("Object Repository/Page_CURA Healthcare Service/a_CURA Healthcare_menu-toggle")): Object: 'Object Repository/Page_CURA Healthcare Service/a_CURA Healthcare_menu-toggle' is clicked on

14-06-2024T18:16:30 - [MESSAGE][PASSED] - Object: 'Object Repository/Page_CURA Healthcare Service/a_CURA Healthcare_menu-toggle' is clicked on

14-06-2024T18:16:30 - [TEST_STEP][PASSED] - verifyElementPresent(findTestObject("Page_CURA Healthcare Service/a_CURA Healthcare"), 0): Object 'Object Repository/Page_CURA Healthcare Service/a_CURA Healthcare' is present

14-06-2024T18:16:30 - [MESSAGE][WARNING] - Timeout '0' is invalid. Using default page load timeout: '30'

14-06-2024T18:16:30 - [MESSAGE][PASSED] - Object 'Object Repository/Page_CURA Healthcare Service/a_CURA Healthcare' is present

14-06-2024T18:16:30 - [TEST_STEP][PASSED] - closeBrowser(): Browser is closed

14-06-2024T18:16:30 - [MESSAGE][PASSED] - Browser is closed]]></system-out>
         <system-err><![CDATA[]]></system-err>
      </testcase>
      <testcase name="Test Cases/WEB/Web05" time="4.329" classname="Test Cases/WEB/Web05" status="PASSED">
         <system-out><![CDATA[14-06-2024T18:16:30 - [TEST_CASE][PASSED] - Test Cases/WEB/Web05: Test Cases/WEB/Web05

14-06-2024T18:16:30 - [TEST_STEP][PASSED] - openBrowser(""): Browser is opened with url: ''

14-06-2024T18:16:30 - [MESSAGE][INFO] - Starting 'Chrome' driver

14-06-2024T18:16:30 - [MESSAGE][INFO] - Action delay is set to 0 milliseconds

14-06-2024T18:16:31 - [MESSAGE][PASSED] - Browser is opened with url: ''

14-06-2024T18:16:31 - [TEST_STEP][PASSED] - navigateToUrl("https://katalon-demo-cura.herokuapp.com/"): Navigate to 'https://katalon-demo-cura.herokuapp.com/' successfully

14-06-2024T18:16:34 - [MESSAGE][PASSED] - Navigate to 'https://katalon-demo-cura.herokuapp.com/' successfully

14-06-2024T18:16:34 - [TEST_STEP][PASSED] - click(findTestObject("Object Repository/Page_CURA Healthcare Service/i_infokatalon.com_fa fa-facebook fa-fw fa-3x")): Object: 'Object Repository/Page_CURA Healthcare Service/i_infokatalon.com_fa fa-facebook fa-fw fa-3x' is clicked on

14-06-2024T18:16:34 - [MESSAGE][PASSED] - Object: 'Object Repository/Page_CURA Healthcare Service/i_infokatalon.com_fa fa-facebook fa-fw fa-3x' is clicked on

14-06-2024T18:16:34 - [TEST_STEP][PASSED] - verifyElementPresent(findTestObject("Page_CURA Healthcare Service/a_Home"), 0): Object 'Object Repository/Page_CURA Healthcare Service/a_Home' is present

14-06-2024T18:16:34 - [MESSAGE][WARNING] - Timeout '0' is invalid. Using default page load timeout: '30'

14-06-2024T18:16:34 - [MESSAGE][PASSED] - Object 'Object Repository/Page_CURA Healthcare Service/a_Home' is present

14-06-2024T18:16:34 - [TEST_STEP][PASSED] - closeBrowser(): Browser is closed

14-06-2024T18:16:34 - [MESSAGE][PASSED] - Browser is closed]]></system-out>
         <system-err><![CDATA[]]></system-err>
      </testcase>
      <testcase name="Test Cases/WEB/Web06" time="4.077" classname="Test Cases/WEB/Web06" status="PASSED">
         <system-out><![CDATA[14-06-2024T18:16:34 - [TEST_CASE][PASSED] - Test Cases/WEB/Web06: Test Cases/WEB/Web06

14-06-2024T18:16:34 - [TEST_STEP][PASSED] - openBrowser(""): Browser is opened with url: ''

14-06-2024T18:16:34 - [MESSAGE][INFO] - Starting 'Chrome' driver

14-06-2024T18:16:34 - [MESSAGE][INFO] - Action delay is set to 0 milliseconds

14-06-2024T18:16:35 - [MESSAGE][PASSED] - Browser is opened with url: ''

14-06-2024T18:16:35 - [TEST_STEP][PASSED] - navigateToUrl("https://katalon-demo-cura.herokuapp.com/"): Navigate to 'https://katalon-demo-cura.herokuapp.com/' successfully

14-06-2024T18:16:38 - [MESSAGE][PASSED] - Navigate to 'https://katalon-demo-cura.herokuapp.com/' successfully

14-06-2024T18:16:38 - [TEST_STEP][PASSED] - verifyElementPresent(findTestObject("Page_CURA Healthcare Service/li_(678) 813-1KMS"), 0): Object 'Object Repository/Page_CURA Healthcare Service/li_(678) 813-1KMS' is present

14-06-2024T18:16:38 - [MESSAGE][WARNING] - Timeout '0' is invalid. Using default page load timeout: '30'

14-06-2024T18:16:38 - [MESSAGE][PASSED] - Object 'Object Repository/Page_CURA Healthcare Service/li_(678) 813-1KMS' is present

14-06-2024T18:16:38 - [TEST_STEP][PASSED] - closeBrowser(): Browser is closed

14-06-2024T18:16:38 - [MESSAGE][PASSED] - Browser is closed]]></system-out>
         <system-err><![CDATA[]]></system-err>
      </testcase>
      <testcase name="Test Cases/WEB/Web07" time="4.019" classname="Test Cases/WEB/Web07" status="PASSED">
         <system-out><![CDATA[14-06-2024T18:16:38 - [TEST_CASE][PASSED] - Test Cases/WEB/Web07: Test Cases/WEB/Web07

14-06-2024T18:16:39 - [TEST_STEP][PASSED] - openBrowser(""): Browser is opened with url: ''

14-06-2024T18:16:39 - [MESSAGE][INFO] - Starting 'Chrome' driver

14-06-2024T18:16:39 - [MESSAGE][INFO] - Action delay is set to 0 milliseconds

14-06-2024T18:16:39 - [MESSAGE][PASSED] - Browser is opened with url: ''

14-06-2024T18:16:39 - [TEST_STEP][PASSED] - navigateToUrl("https://katalon-demo-cura.herokuapp.com/"): Navigate to 'https://katalon-demo-cura.herokuapp.com/' successfully

14-06-2024T18:16:42 - [MESSAGE][PASSED] - Navigate to 'https://katalon-demo-cura.herokuapp.com/' successfully

14-06-2024T18:16:42 - [TEST_STEP][PASSED] - verifyTextPresent("", false): Text '' is present on page 

14-06-2024T18:16:42 - [MESSAGE][PASSED] - Text '' is present on page 

14-06-2024T18:16:42 - [TEST_STEP][PASSED] - closeBrowser(): Browser is closed

14-06-2024T18:16:42 - [MESSAGE][PASSED] - Browser is closed]]></system-out>
         <system-err><![CDATA[]]></system-err>
      </testcase>
      <testcase name="Test Cases/WEB/Web08" time="3.952" classname="Test Cases/WEB/Web08" status="PASSED">
         <system-out><![CDATA[14-06-2024T18:16:42 - [TEST_CASE][PASSED] - Test Cases/WEB/Web08: Test Cases/WEB/Web08

14-06-2024T18:16:43 - [TEST_STEP][PASSED] - openBrowser(""): Browser is opened with url: ''

14-06-2024T18:16:43 - [MESSAGE][INFO] - Starting 'Chrome' driver

14-06-2024T18:16:43 - [MESSAGE][INFO] - Action delay is set to 0 milliseconds

14-06-2024T18:16:43 - [MESSAGE][PASSED] - Browser is opened with url: ''

14-06-2024T18:16:43 - [TEST_STEP][PASSED] - navigateToUrl("https://katalon-demo-cura.herokuapp.com/"): Navigate to 'https://katalon-demo-cura.herokuapp.com/' successfully

14-06-2024T18:16:46 - [MESSAGE][PASSED] - Navigate to 'https://katalon-demo-cura.herokuapp.com/' successfully

14-06-2024T18:16:46 - [TEST_STEP][PASSED] - waitForElementPresent(findTestObject("Page_CURA Healthcare Service/i_infokatalon.com_fa fa-facebook fa-fw fa-3x"), 0): Object 'Object Repository/Page_CURA Healthcare Service/i_infokatalon.com_fa fa-facebook fa-fw fa-3x' is present

14-06-2024T18:16:46 - [MESSAGE][WARNING] - Timeout '0' is invalid. Using default page load timeout: '30'

14-06-2024T18:16:46 - [MESSAGE][PASSED] - Object 'Object Repository/Page_CURA Healthcare Service/i_infokatalon.com_fa fa-facebook fa-fw fa-3x' is present

14-06-2024T18:16:46 - [TEST_STEP][PASSED] - closeBrowser(): Browser is closed

14-06-2024T18:16:46 - [MESSAGE][PASSED] - Browser is closed]]></system-out>
         <system-err><![CDATA[]]></system-err>
      </testcase>
      <testcase name="Test Cases/WEB/Web09" time="4.082" classname="Test Cases/WEB/Web09" status="PASSED">
         <system-out><![CDATA[14-06-2024T18:16:46 - [TEST_CASE][PASSED] - Test Cases/WEB/Web09: Test Cases/WEB/Web09

14-06-2024T18:16:46 - [TEST_STEP][PASSED] - openBrowser(""): Browser is opened with url: ''

14-06-2024T18:16:46 - [MESSAGE][INFO] - Starting 'Chrome' driver

14-06-2024T18:16:46 - [MESSAGE][INFO] - Action delay is set to 0 milliseconds

14-06-2024T18:16:47 - [MESSAGE][PASSED] - Browser is opened with url: ''

14-06-2024T18:16:47 - [TEST_STEP][PASSED] - navigateToUrl("https://katalon-demo-cura.herokuapp.com/"): Navigate to 'https://katalon-demo-cura.herokuapp.com/' successfully

14-06-2024T18:16:50 - [MESSAGE][PASSED] - Navigate to 'https://katalon-demo-cura.herokuapp.com/' successfully

14-06-2024T18:16:50 - [TEST_STEP][PASSED] - verifyElementPresent(findTestObject("Page_CURA Healthcare Service/p_Copyright  CURA Healthcare Service 2024"), 0): Object 'Object Repository/Page_CURA Healthcare Service/p_Copyright  CURA Healthcare Service 2024' is present

14-06-2024T18:16:50 - [MESSAGE][WARNING] - Timeout '0' is invalid. Using default page load timeout: '30'

14-06-2024T18:16:50 - [MESSAGE][PASSED] - Object 'Object Repository/Page_CURA Healthcare Service/p_Copyright  CURA Healthcare Service 2024' is present

14-06-2024T18:16:50 - [TEST_STEP][PASSED] - closeBrowser(): Browser is closed

14-06-2024T18:16:51 - [MESSAGE][PASSED] - Browser is closed]]></system-out>
         <system-err><![CDATA[]]></system-err>
      </testcase>
      <testcase name="Test Cases/WEB/Web10" time="4.183" classname="Test Cases/WEB/Web10" status="PASSED">
         <system-out><![CDATA[14-06-2024T18:16:51 - [TEST_CASE][PASSED] - Test Cases/WEB/Web10: Test Cases/WEB/Web10

14-06-2024T18:16:51 - [TEST_STEP][PASSED] - openBrowser(""): Browser is opened with url: ''

14-06-2024T18:16:51 - [MESSAGE][INFO] - Starting 'Chrome' driver

14-06-2024T18:16:51 - [MESSAGE][INFO] - Action delay is set to 0 milliseconds

14-06-2024T18:16:51 - [MESSAGE][PASSED] - Browser is opened with url: ''

14-06-2024T18:16:51 - [TEST_STEP][PASSED] - navigateToUrl("https://katalon-demo-cura.herokuapp.com/"): Navigate to 'https://katalon-demo-cura.herokuapp.com/' successfully

14-06-2024T18:16:54 - [MESSAGE][PASSED] - Navigate to 'https://katalon-demo-cura.herokuapp.com/' successfully

14-06-2024T18:16:54 - [TEST_STEP][PASSED] - verifyElementPresent(findTestObject("Page_CURA Healthcare Service/div_CURA Healthcare Service        We Care _b17f12"), 0): Object 'Object Repository/Page_CURA Healthcare Service/div_CURA Healthcare Service        We Care _b17f12' is present

14-06-2024T18:16:54 - [MESSAGE][WARNING] - Timeout '0' is invalid. Using default page load timeout: '30'

14-06-2024T18:16:55 - [MESSAGE][PASSED] - Object 'Object Repository/Page_CURA Healthcare Service/div_CURA Healthcare Service        We Care _b17f12' is present

14-06-2024T18:16:55 - [TEST_STEP][PASSED] - closeBrowser(): Browser is closed

14-06-2024T18:16:55 - [MESSAGE][PASSED] - Browser is closed]]></system-out>
         <system-err><![CDATA[]]></system-err>
      </testcase>
      <testcase name="Test Cases/WEB/Web11" time="4.424" classname="Test Cases/WEB/Web11" status="PASSED">
         <system-out><![CDATA[14-06-2024T18:16:55 - [TEST_CASE][PASSED] - Test Cases/WEB/Web11: Test Cases/WEB/Web11

14-06-2024T18:16:55 - [TEST_STEP][PASSED] - openBrowser(""): Browser is opened with url: ''

14-06-2024T18:16:55 - [MESSAGE][INFO] - Starting 'Chrome' driver

14-06-2024T18:16:55 - [MESSAGE][INFO] - Action delay is set to 0 milliseconds

14-06-2024T18:16:55 - [MESSAGE][PASSED] - Browser is opened with url: ''

14-06-2024T18:16:55 - [TEST_STEP][PASSED] - navigateToUrl("https://katalon-demo-cura.herokuapp.com/"): Navigate to 'https://katalon-demo-cura.herokuapp.com/' successfully

14-06-2024T18:16:58 - [MESSAGE][PASSED] - Navigate to 'https://katalon-demo-cura.herokuapp.com/' successfully

14-06-2024T18:16:58 - [TEST_STEP][PASSED] - click(findTestObject("Object Repository/Page_CURA Healthcare Service/a_CURA Healthcare_menu-toggle")): Object: 'Object Repository/Page_CURA Healthcare Service/a_CURA Healthcare_menu-toggle' is clicked on

14-06-2024T18:16:59 - [MESSAGE][PASSED] - Object: 'Object Repository/Page_CURA Healthcare Service/a_CURA Healthcare_menu-toggle' is clicked on

14-06-2024T18:16:59 - [TEST_STEP][PASSED] - verifyElementPresent(findTestObject("Page_CURA Healthcare Service/a_Login"), 0): Object 'Object Repository/Page_CURA Healthcare Service/a_Login' is present

14-06-2024T18:16:59 - [MESSAGE][WARNING] - Timeout '0' is invalid. Using default page load timeout: '30'

14-06-2024T18:16:59 - [MESSAGE][PASSED] - Object 'Object Repository/Page_CURA Healthcare Service/a_Login' is present

14-06-2024T18:16:59 - [TEST_STEP][PASSED] - closeBrowser(): Browser is closed

14-06-2024T18:16:59 - [MESSAGE][PASSED] - Browser is closed]]></system-out>
         <system-err><![CDATA[]]></system-err>
      </testcase>
      <testcase name="Test Cases/WEB/Web12" time="5.573" classname="Test Cases/WEB/Web12" status="PASSED">
         <system-out><![CDATA[14-06-2024T18:16:59 - [TEST_CASE][PASSED] - Test Cases/WEB/Web12: Test Cases/WEB/Web12

14-06-2024T18:16:59 - [TEST_STEP][PASSED] - openBrowser(""): Browser is opened with url: ''

14-06-2024T18:16:59 - [MESSAGE][INFO] - Starting 'Chrome' driver

14-06-2024T18:16:59 - [MESSAGE][INFO] - Action delay is set to 0 milliseconds

14-06-2024T18:17:00 - [MESSAGE][PASSED] - Browser is opened with url: ''

14-06-2024T18:17:00 - [TEST_STEP][PASSED] - navigateToUrl("https://katalon-demo-cura.herokuapp.com/"): Navigate to 'https://katalon-demo-cura.herokuapp.com/' successfully

14-06-2024T18:17:03 - [MESSAGE][PASSED] - Navigate to 'https://katalon-demo-cura.herokuapp.com/' successfully

14-06-2024T18:17:03 - [TEST_STEP][PASSED] - click(findTestObject("Object Repository/Page_CURA Healthcare Service/a_CURA Healthcare_menu-toggle")): Object: 'Object Repository/Page_CURA Healthcare Service/a_CURA Healthcare_menu-toggle' is clicked on

14-06-2024T18:17:03 - [MESSAGE][PASSED] - Object: 'Object Repository/Page_CURA Healthcare Service/a_CURA Healthcare_menu-toggle' is clicked on

14-06-2024T18:17:03 - [TEST_STEP][PASSED] - click(findTestObject("Object Repository/Page_CURA Healthcare Service/a_Login")): Object: 'Object Repository/Page_CURA Healthcare Service/a_Login' is clicked on

14-06-2024T18:17:04 - [MESSAGE][PASSED] - Object: 'Object Repository/Page_CURA Healthcare Service/a_Login' is clicked on

14-06-2024T18:17:04 - [TEST_STEP][PASSED] - verifyElementPresent(findTestObject("Page_CURA Healthcare Service/h2_Login"), 0): Object 'Object Repository/Page_CURA Healthcare Service/h2_Login' is present

14-06-2024T18:17:04 - [MESSAGE][WARNING] - Timeout '0' is invalid. Using default page load timeout: '30'

14-06-2024T18:17:05 - [MESSAGE][PASSED] - Object 'Object Repository/Page_CURA Healthcare Service/h2_Login' is present

14-06-2024T18:17:05 - [TEST_STEP][PASSED] - closeBrowser(): Browser is closed

14-06-2024T18:17:05 - [MESSAGE][PASSED] - Browser is closed]]></system-out>
         <system-err><![CDATA[]]></system-err>
      </testcase>
      <testcase name="Test Cases/WEB/Web13" time="5.387" classname="Test Cases/WEB/Web13" status="PASSED">
         <system-out><![CDATA[14-06-2024T18:17:05 - [TEST_CASE][PASSED] - Test Cases/WEB/Web13: Test Cases/WEB/Web13

14-06-2024T18:17:05 - [TEST_STEP][PASSED] - openBrowser(""): Browser is opened with url: ''

14-06-2024T18:17:05 - [MESSAGE][INFO] - Starting 'Chrome' driver

14-06-2024T18:17:05 - [MESSAGE][INFO] - Action delay is set to 0 milliseconds

14-06-2024T18:17:06 - [MESSAGE][PASSED] - Browser is opened with url: ''

14-06-2024T18:17:06 - [TEST_STEP][PASSED] - navigateToUrl("https://katalon-demo-cura.herokuapp.com/"): Navigate to 'https://katalon-demo-cura.herokuapp.com/' successfully

14-06-2024T18:17:08 - [MESSAGE][PASSED] - Navigate to 'https://katalon-demo-cura.herokuapp.com/' successfully

14-06-2024T18:17:08 - [TEST_STEP][PASSED] - click(findTestObject("Object Repository/Page_CURA Healthcare Service/a_CURA Healthcare_menu-toggle")): Object: 'Object Repository/Page_CURA Healthcare Service/a_CURA Healthcare_menu-toggle' is clicked on

14-06-2024T18:17:09 - [MESSAGE][PASSED] - Object: 'Object Repository/Page_CURA Healthcare Service/a_CURA Healthcare_menu-toggle' is clicked on

14-06-2024T18:17:09 - [TEST_STEP][PASSED] - click(findTestObject("Object Repository/Page_CURA Healthcare Service/a_Login")): Object: 'Object Repository/Page_CURA Healthcare Service/a_Login' is clicked on

14-06-2024T18:17:10 - [MESSAGE][PASSED] - Object: 'Object Repository/Page_CURA Healthcare Service/a_Login' is clicked on

14-06-2024T18:17:10 - [TEST_STEP][PASSED] - verifyElementPresent(findTestObject("Page_CURA Healthcare Service/p_Please login to make appointment"), 0): Object 'Object Repository/Page_CURA Healthcare Service/p_Please login to make appointment' is present

14-06-2024T18:17:10 - [MESSAGE][WARNING] - Timeout '0' is invalid. Using default page load timeout: '30'

14-06-2024T18:17:10 - [MESSAGE][PASSED] - Object 'Object Repository/Page_CURA Healthcare Service/p_Please login to make appointment' is present

14-06-2024T18:17:10 - [TEST_STEP][PASSED] - closeBrowser(): Browser is closed

14-06-2024T18:17:10 - [MESSAGE][PASSED] - Browser is closed]]></system-out>
         <system-err><![CDATA[]]></system-err>
      </testcase>
      <testcase name="Test Cases/WEB/Web14" time="5.455" classname="Test Cases/WEB/Web14" status="PASSED">
         <system-out><![CDATA[14-06-2024T18:17:10 - [TEST_CASE][PASSED] - Test Cases/WEB/Web14: Test Cases/WEB/Web14

14-06-2024T18:17:10 - [TEST_STEP][PASSED] - openBrowser(""): Browser is opened with url: ''

14-06-2024T18:17:10 - [MESSAGE][INFO] - Starting 'Chrome' driver

14-06-2024T18:17:10 - [MESSAGE][INFO] - Action delay is set to 0 milliseconds

14-06-2024T18:17:11 - [MESSAGE][PASSED] - Browser is opened with url: ''

14-06-2024T18:17:11 - [TEST_STEP][PASSED] - navigateToUrl("https://katalon-demo-cura.herokuapp.com/"): Navigate to 'https://katalon-demo-cura.herokuapp.com/' successfully

14-06-2024T18:17:14 - [MESSAGE][PASSED] - Navigate to 'https://katalon-demo-cura.herokuapp.com/' successfully

14-06-2024T18:17:14 - [TEST_STEP][PASSED] - click(findTestObject("Object Repository/Page_CURA Healthcare Service/i_infokatalon.com_fa fa-facebook fa-fw fa-3x")): Object: 'Object Repository/Page_CURA Healthcare Service/i_infokatalon.com_fa fa-facebook fa-fw fa-3x' is clicked on

14-06-2024T18:17:14 - [MESSAGE][PASSED] - Object: 'Object Repository/Page_CURA Healthcare Service/i_infokatalon.com_fa fa-facebook fa-fw fa-3x' is clicked on

14-06-2024T18:17:14 - [TEST_STEP][PASSED] - click(findTestObject("Object Repository/Page_CURA Healthcare Service/a_Login")): Object: 'Object Repository/Page_CURA Healthcare Service/a_Login' is clicked on

14-06-2024T18:17:15 - [MESSAGE][PASSED] - Object: 'Object Repository/Page_CURA Healthcare Service/a_Login' is clicked on

14-06-2024T18:17:15 - [TEST_STEP][PASSED] - verifyElementPresent(findTestObject("Page_CURA Healthcare Service/label_Demo account"), 0): Object 'Object Repository/Page_CURA Healthcare Service/label_Demo account' is present

14-06-2024T18:17:15 - [MESSAGE][WARNING] - Timeout '0' is invalid. Using default page load timeout: '30'

14-06-2024T18:17:15 - [MESSAGE][PASSED] - Object 'Object Repository/Page_CURA Healthcare Service/label_Demo account' is present

14-06-2024T18:17:15 - [TEST_STEP][PASSED] - closeBrowser(): Browser is closed

14-06-2024T18:17:16 - [MESSAGE][PASSED] - Browser is closed]]></system-out>
         <system-err><![CDATA[]]></system-err>
      </testcase>
      <testcase name="Test Cases/WEB/Web15" time="5.491" classname="Test Cases/WEB/Web15" status="PASSED">
         <system-out><![CDATA[14-06-2024T18:17:16 - [TEST_CASE][PASSED] - Test Cases/WEB/Web15: Test Cases/WEB/Web15

14-06-2024T18:17:16 - [TEST_STEP][PASSED] - openBrowser(""): Browser is opened with url: ''

14-06-2024T18:17:16 - [MESSAGE][INFO] - Starting 'Chrome' driver

14-06-2024T18:17:16 - [MESSAGE][INFO] - Action delay is set to 0 milliseconds

14-06-2024T18:17:16 - [MESSAGE][PASSED] - Browser is opened with url: ''

14-06-2024T18:17:16 - [TEST_STEP][PASSED] - navigateToUrl("https://katalon-demo-cura.herokuapp.com/"): Navigate to 'https://katalon-demo-cura.herokuapp.com/' successfully

14-06-2024T18:17:19 - [MESSAGE][PASSED] - Navigate to 'https://katalon-demo-cura.herokuapp.com/' successfully

14-06-2024T18:17:19 - [TEST_STEP][PASSED] - click(findTestObject("Object Repository/Page_CURA Healthcare Service/i_infokatalon.com_fa fa-facebook fa-fw fa-3x")): Object: 'Object Repository/Page_CURA Healthcare Service/i_infokatalon.com_fa fa-facebook fa-fw fa-3x' is clicked on

14-06-2024T18:17:20 - [MESSAGE][PASSED] - Object: 'Object Repository/Page_CURA Healthcare Service/i_infokatalon.com_fa fa-facebook fa-fw fa-3x' is clicked on

14-06-2024T18:17:20 - [TEST_STEP][PASSED] - click(findTestObject("Object Repository/Page_CURA Healthcare Service/a_Login")): Object: 'Object Repository/Page_CURA Healthcare Service/a_Login' is clicked on

14-06-2024T18:17:20 - [MESSAGE][PASSED] - Object: 'Object Repository/Page_CURA Healthcare Service/a_Login' is clicked on

14-06-2024T18:17:20 - [TEST_STEP][PASSED] - verifyElementPresent(findTestObject("Page_CURA Healthcare Service/input_Demo account_form-control"), 0): Object 'Object Repository/Page_CURA Healthcare Service/input_Demo account_form-control' is present

14-06-2024T18:17:20 - [MESSAGE][WARNING] - Timeout '0' is invalid. Using default page load timeout: '30'

14-06-2024T18:17:21 - [MESSAGE][PASSED] - Object 'Object Repository/Page_CURA Healthcare Service/input_Demo account_form-control' is present

14-06-2024T18:17:21 - [TEST_STEP][PASSED] - closeBrowser(): Browser is closed

14-06-2024T18:17:21 - [MESSAGE][PASSED] - Browser is closed]]></system-out>
         <system-err><![CDATA[]]></system-err>
      </testcase>
      <testcase name="Test Cases/WEB/Web16" time="5.461" classname="Test Cases/WEB/Web16" status="PASSED">
         <system-out><![CDATA[14-06-2024T18:17:21 - [TEST_CASE][PASSED] - Test Cases/WEB/Web16: Test Cases/WEB/Web16

14-06-2024T18:17:21 - [TEST_STEP][PASSED] - openBrowser(""): Browser is opened with url: ''

14-06-2024T18:17:21 - [MESSAGE][INFO] - Starting 'Chrome' driver

14-06-2024T18:17:21 - [MESSAGE][INFO] - Action delay is set to 0 milliseconds

14-06-2024T18:17:22 - [MESSAGE][PASSED] - Browser is opened with url: ''

14-06-2024T18:17:22 - [TEST_STEP][PASSED] - navigateToUrl("https://katalon-demo-cura.herokuapp.com/"): Navigate to 'https://katalon-demo-cura.herokuapp.com/' successfully

14-06-2024T18:17:25 - [MESSAGE][PASSED] - Navigate to 'https://katalon-demo-cura.herokuapp.com/' successfully

14-06-2024T18:17:25 - [TEST_STEP][PASSED] - click(findTestObject("Object Repository/Page_CURA Healthcare Service/a_CURA Healthcare_menu-toggle")): Object: 'Object Repository/Page_CURA Healthcare Service/a_CURA Healthcare_menu-toggle' is clicked on

14-06-2024T18:17:25 - [MESSAGE][PASSED] - Object: 'Object Repository/Page_CURA Healthcare Service/a_CURA Healthcare_menu-toggle' is clicked on

14-06-2024T18:17:25 - [TEST_STEP][PASSED] - click(findTestObject("Object Repository/Page_CURA Healthcare Service/a_Login")): Object: 'Object Repository/Page_CURA Healthcare Service/a_Login' is clicked on

14-06-2024T18:17:26 - [MESSAGE][PASSED] - Object: 'Object Repository/Page_CURA Healthcare Service/a_Login' is clicked on

14-06-2024T18:17:26 - [TEST_STEP][PASSED] - verifyElementPresent(findTestObject("Page_CURA Healthcare Service/button_Login"), 0): Object 'Object Repository/Page_CURA Healthcare Service/button_Login' is present

14-06-2024T18:17:26 - [MESSAGE][WARNING] - Timeout '0' is invalid. Using default page load timeout: '30'

14-06-2024T18:17:26 - [MESSAGE][PASSED] - Object 'Object Repository/Page_CURA Healthcare Service/button_Login' is present

14-06-2024T18:17:26 - [TEST_STEP][PASSED] - closeBrowser(): Browser is closed

14-06-2024T18:17:27 - [MESSAGE][PASSED] - Browser is closed]]></system-out>
         <system-err><![CDATA[]]></system-err>
      </testcase>
      <system-out><![CDATA[14-06-2024T18:16:10 - [TEST_SUITE][PASSED] - Test Suite 1: Test Cases/WEB/Web16]]></system-out>
      <system-err><![CDATA[]]></system-err>
   </testsuite>
   <testsuite name="Test Suite 2" tests="15" failures="0" errors="0" time="3.039" skipped="0" timestamp="14-06-2024T18:17:38" hostname="phongHoai - MSI" id="Test Suites/Test Suites/Test Suite 2">
      <properties>
         <property name="deviceName" value=""/>
         <property name="devicePlatform"/>
         <property name="logFolder" value="D:\\katalon_repo\\Katalon\\Reports\\20240614_181557\\Test Suites\\Test Suite 2\\20240614_181600"/>
         <property name="logFiles" value="D:\\katalon_repo\\Katalon\\Reports\\20240614_181557\\Test Suites\\Test Suite 2\\20240614_181600\\execution0.log"/>
         <property name="attachments" value=""/>
         <property name="hostName" value="phongHoai - MSI"/>
         <property name="hostAddress" value="192.168.1.11"/>
         <property name="os" value="Windows 11 64bit"/>
         <property name="katalonVersion" value="9.5.0.217"/>
      </properties>
      <testcase name="Test Cases/API/API01" time="1.55" classname="Test Cases/API/API01" status="PASSED">
         <system-out><![CDATA[14-06-2024T18:17:38 - [TEST_CASE][PASSED] - Test Cases/API/API01: Test Cases/API/API01

14-06-2024T18:17:38 - [TEST_STEP][PASSED] - a = sendRequest(findTestObject("API/GetUsers")): Send request successfully

14-06-2024T18:17:40 - [MESSAGE][INFO] - HAR: D:\katalon_repo\Katalon\Reports\20240614_181557\Test Suites\Test Suite 2\20240614_181600\requests\main\0.har

14-06-2024T18:17:40 - [MESSAGE][PASSED] - Send request successfully

14-06-2024T18:17:40 - [TEST_STEP][PASSED] - verifyResponseStatusCode(a, 200): Verify response status code successfully

14-06-2024T18:17:40 - [MESSAGE][PASSED] - Verify response status code successfully]]></system-out>
         <system-err><![CDATA[]]></system-err>
      </testcase>
      <testcase name="Test Cases/API/API02" time="0.121" classname="Test Cases/API/API02" status="PASSED">
         <system-out><![CDATA[14-06-2024T18:17:40 - [TEST_CASE][PASSED] - Test Cases/API/API02: Test Cases/API/API02

14-06-2024T18:17:40 - [TEST_STEP][PASSED] - a = sendRequest(findTestObject("API/SingleUser")): Send request successfully

14-06-2024T18:17:40 - [MESSAGE][INFO] - HAR: D:\katalon_repo\Katalon\Reports\20240614_181557\Test Suites\Test Suite 2\20240614_181600\requests\main\1.har

14-06-2024T18:17:40 - [MESSAGE][PASSED] - Send request successfully

14-06-2024T18:17:40 - [TEST_STEP][PASSED] - verifyResponseStatusCode(a, 200): Verify response status code successfully

14-06-2024T18:17:40 - [MESSAGE][PASSED] - Verify response status code successfully]]></system-out>
         <system-err><![CDATA[]]></system-err>
      </testcase>
      <testcase name="Test Cases/API/API03" time="0.103" classname="Test Cases/API/API03" status="PASSED">
         <system-out><![CDATA[14-06-2024T18:17:40 - [TEST_CASE][PASSED] - Test Cases/API/API03: Test Cases/API/API03

14-06-2024T18:17:40 - [TEST_STEP][PASSED] - a = sendRequest(findTestObject("API/ListResource")): Send request successfully

14-06-2024T18:17:40 - [MESSAGE][INFO] - HAR: D:\katalon_repo\Katalon\Reports\20240614_181557\Test Suites\Test Suite 2\20240614_181600\requests\main\2.har

14-06-2024T18:17:40 - [MESSAGE][PASSED] - Send request successfully

14-06-2024T18:17:40 - [TEST_STEP][PASSED] - verifyResponseStatusCode(a, 200): Verify response status code successfully

14-06-2024T18:17:40 - [MESSAGE][PASSED] - Verify response status code successfully]]></system-out>
         <system-err><![CDATA[]]></system-err>
      </testcase>
      <testcase name="Test Cases/API/API04" time="0.096" classname="Test Cases/API/API04" status="PASSED">
         <system-out><![CDATA[14-06-2024T18:17:40 - [TEST_CASE][PASSED] - Test Cases/API/API04: Test Cases/API/API04

14-06-2024T18:17:40 - [TEST_STEP][PASSED] - a = sendRequest(findTestObject("API/SingleResource")): Send request successfully

14-06-2024T18:17:40 - [MESSAGE][INFO] - HAR: D:\katalon_repo\Katalon\Reports\20240614_181557\Test Suites\Test Suite 2\20240614_181600\requests\main\3.har

14-06-2024T18:17:40 - [MESSAGE][PASSED] - Send request successfully

14-06-2024T18:17:40 - [TEST_STEP][PASSED] - verifyResponseStatusCode(a, 200): Verify response status code successfully

14-06-2024T18:17:40 - [MESSAGE][PASSED] - Verify response status code successfully]]></system-out>
         <system-err><![CDATA[]]></system-err>
      </testcase>
      <testcase name="Test Cases/API/API05" time="0.101" classname="Test Cases/API/API05" status="PASSED">
         <system-out><![CDATA[14-06-2024T18:17:40 - [TEST_CASE][PASSED] - Test Cases/API/API05: Test Cases/API/API05

14-06-2024T18:17:40 - [TEST_STEP][PASSED] - a = sendRequest(findTestObject("API/CreateUser")): Send request successfully

14-06-2024T18:17:40 - [MESSAGE][INFO] - HAR: D:\katalon_repo\Katalon\Reports\20240614_181557\Test Suites\Test Suite 2\20240614_181600\requests\main\4.har

14-06-2024T18:17:40 - [MESSAGE][PASSED] - Send request successfully

14-06-2024T18:17:40 - [TEST_STEP][PASSED] - verifyResponseStatusCode(a, 200): Verify response status code successfully

14-06-2024T18:17:40 - [MESSAGE][PASSED] - Verify response status code successfully]]></system-out>
         <system-err><![CDATA[]]></system-err>
      </testcase>
      <testcase name="Test Cases/API/API06" time="0.123" classname="Test Cases/API/API06" status="PASSED">
         <system-out><![CDATA[14-06-2024T18:17:40 - [TEST_CASE][PASSED] - Test Cases/API/API06: Test Cases/API/API06

14-06-2024T18:17:40 - [TEST_STEP][PASSED] - a = sendRequest(findTestObject("API/GetUser3")): Send request successfully

14-06-2024T18:17:40 - [MESSAGE][INFO] - HAR: D:\katalon_repo\Katalon\Reports\20240614_181557\Test Suites\Test Suite 2\20240614_181600\requests\main\5.har

14-06-2024T18:17:40 - [MESSAGE][PASSED] - Send request successfully

14-06-2024T18:17:40 - [TEST_STEP][PASSED] - verifyResponseStatusCode(a, 200): Verify response status code successfully

14-06-2024T18:17:40 - [MESSAGE][PASSED] - Verify response status code successfully]]></system-out>
         <system-err><![CDATA[]]></system-err>
      </testcase>
      <testcase name="Test Cases/API/API07" time="0.095" classname="Test Cases/API/API07" status="PASSED">
         <system-out><![CDATA[14-06-2024T18:17:40 - [TEST_CASE][PASSED] - Test Cases/API/API07: Test Cases/API/API07

14-06-2024T18:17:40 - [TEST_STEP][PASSED] - a = sendRequest(findTestObject("API/GetUser4")): Send request successfully

14-06-2024T18:17:40 - [MESSAGE][INFO] - HAR: D:\katalon_repo\Katalon\Reports\20240614_181557\Test Suites\Test Suite 2\20240614_181600\requests\main\6.har

14-06-2024T18:17:40 - [MESSAGE][PASSED] - Send request successfully

14-06-2024T18:17:40 - [TEST_STEP][PASSED] - verifyResponseStatusCode(a, 200): Verify response status code successfully

14-06-2024T18:17:40 - [MESSAGE][PASSED] - Verify response status code successfully]]></system-out>
         <system-err><![CDATA[]]></system-err>
      </testcase>
      <testcase name="Test Cases/API/API08" time="0.093" classname="Test Cases/API/API08" status="PASSED">
         <system-out><![CDATA[14-06-2024T18:17:40 - [TEST_CASE][PASSED] - Test Cases/API/API08: Test Cases/API/API08

14-06-2024T18:17:40 - [TEST_STEP][PASSED] - a = sendRequest(findTestObject("API/GetUser5")): Send request successfully

14-06-2024T18:17:40 - [MESSAGE][INFO] - HAR: D:\katalon_repo\Katalon\Reports\20240614_181557\Test Suites\Test Suite 2\20240614_181600\requests\main\7.har

14-06-2024T18:17:40 - [MESSAGE][PASSED] - Send request successfully

14-06-2024T18:17:40 - [TEST_STEP][PASSED] - verifyResponseStatusCode(a, 200): Verify response status code successfully

14-06-2024T18:17:40 - [MESSAGE][PASSED] - Verify response status code successfully]]></system-out>
         <system-err><![CDATA[]]></system-err>
      </testcase>
      <testcase name="Test Cases/API/API09" time="0.083" classname="Test Cases/API/API09" status="PASSED">
         <system-out><![CDATA[14-06-2024T18:17:40 - [TEST_CASE][PASSED] - Test Cases/API/API09: Test Cases/API/API09

14-06-2024T18:17:40 - [TEST_STEP][PASSED] - a = sendRequest(findTestObject("API/GetUser6")): Send request successfully

14-06-2024T18:17:40 - [MESSAGE][INFO] - HAR: D:\katalon_repo\Katalon\Reports\20240614_181557\Test Suites\Test Suite 2\20240614_181600\requests\main\8.har

14-06-2024T18:17:40 - [MESSAGE][PASSED] - Send request successfully

14-06-2024T18:17:40 - [TEST_STEP][PASSED] - verifyResponseStatusCode(a, 200): Verify response status code successfully

14-06-2024T18:17:40 - [MESSAGE][PASSED] - Verify response status code successfully]]></system-out>
         <system-err><![CDATA[]]></system-err>
      </testcase>
      <testcase name="Test Cases/API/API10" time="0.099" classname="Test Cases/API/API10" status="PASSED">
         <system-out><![CDATA[14-06-2024T18:17:40 - [TEST_CASE][PASSED] - Test Cases/API/API10: Test Cases/API/API10

14-06-2024T18:17:40 - [TEST_STEP][PASSED] - a = sendRequest(findTestObject("API/GetUser7")): Send request successfully

14-06-2024T18:17:41 - [MESSAGE][INFO] - HAR: D:\katalon_repo\Katalon\Reports\20240614_181557\Test Suites\Test Suite 2\20240614_181600\requests\main\9.har

14-06-2024T18:17:41 - [MESSAGE][PASSED] - Send request successfully

14-06-2024T18:17:41 - [TEST_STEP][PASSED] - verifyResponseStatusCode(a, 200): Verify response status code successfully

14-06-2024T18:17:41 - [MESSAGE][PASSED] - Verify response status code successfully]]></system-out>
         <system-err><![CDATA[]]></system-err>
      </testcase>
      <testcase name="Test Cases/API/API11" time="0.082" classname="Test Cases/API/API11" status="PASSED">
         <system-out><![CDATA[14-06-2024T18:17:41 - [TEST_CASE][PASSED] - Test Cases/API/API11: Test Cases/API/API11

14-06-2024T18:17:41 - [TEST_STEP][PASSED] - a = sendRequest(findTestObject("API/GetUser8")): Send request successfully

14-06-2024T18:17:41 - [MESSAGE][INFO] - HAR: D:\katalon_repo\Katalon\Reports\20240614_181557\Test Suites\Test Suite 2\20240614_181600\requests\main\10.har

14-06-2024T18:17:41 - [MESSAGE][PASSED] - Send request successfully

14-06-2024T18:17:41 - [TEST_STEP][PASSED] - verifyResponseStatusCode(a, 200): Verify response status code successfully

14-06-2024T18:17:41 - [MESSAGE][PASSED] - Verify response status code successfully]]></system-out>
         <system-err><![CDATA[]]></system-err>
      </testcase>
      <testcase name="Test Cases/API/API12" time="0.069" classname="Test Cases/API/API12" status="PASSED">
         <system-out><![CDATA[14-06-2024T18:17:41 - [TEST_CASE][PASSED] - Test Cases/API/API12: Test Cases/API/API12

14-06-2024T18:17:41 - [TEST_STEP][PASSED] - a = sendRequest(findTestObject("API/GetUser8")): Send request successfully

14-06-2024T18:17:41 - [MESSAGE][INFO] - HAR: D:\katalon_repo\Katalon\Reports\20240614_181557\Test Suites\Test Suite 2\20240614_181600\requests\main\11.har

14-06-2024T18:17:41 - [MESSAGE][PASSED] - Send request successfully

14-06-2024T18:17:41 - [TEST_STEP][PASSED] - verifyResponseStatusCode(a, 200): Verify response status code successfully

14-06-2024T18:17:41 - [MESSAGE][PASSED] - Verify response status code successfully]]></system-out>
         <system-err><![CDATA[]]></system-err>
      </testcase>
      <testcase name="Test Cases/API/API13" time="0.095" classname="Test Cases/API/API13" status="PASSED">
         <system-out><![CDATA[14-06-2024T18:17:41 - [TEST_CASE][PASSED] - Test Cases/API/API13: Test Cases/API/API13

14-06-2024T18:17:41 - [TEST_STEP][PASSED] - a = sendRequest(findTestObject("API/GetUser9")): Send request successfully

14-06-2024T18:17:41 - [MESSAGE][INFO] - HAR: D:\katalon_repo\Katalon\Reports\20240614_181557\Test Suites\Test Suite 2\20240614_181600\requests\main\12.har

14-06-2024T18:17:41 - [MESSAGE][PASSED] - Send request successfully

14-06-2024T18:17:41 - [TEST_STEP][PASSED] - verifyResponseStatusCode(a, 200): Verify response status code successfully

14-06-2024T18:17:41 - [MESSAGE][PASSED] - Verify response status code successfully]]></system-out>
         <system-err><![CDATA[]]></system-err>
      </testcase>
      <testcase name="Test Cases/API/API14" time="0.085" classname="Test Cases/API/API14" status="PASSED">
         <system-out><![CDATA[14-06-2024T18:17:41 - [TEST_CASE][PASSED] - Test Cases/API/API14: Test Cases/API/API14

14-06-2024T18:17:41 - [TEST_STEP][PASSED] - a = sendRequest(findTestObject("API/GetUser10")): Send request successfully

14-06-2024T18:17:41 - [MESSAGE][INFO] - HAR: D:\katalon_repo\Katalon\Reports\20240614_181557\Test Suites\Test Suite 2\20240614_181600\requests\main\13.har

14-06-2024T18:17:41 - [MESSAGE][PASSED] - Send request successfully

14-06-2024T18:17:41 - [TEST_STEP][PASSED] - verifyResponseStatusCode(a, 200): Verify response status code successfully

14-06-2024T18:17:41 - [MESSAGE][PASSED] - Verify response status code successfully]]></system-out>
         <system-err><![CDATA[]]></system-err>
      </testcase>
      <testcase name="Test Cases/API/API15" time="0.093" classname="Test Cases/API/API15" status="PASSED">
         <system-out><![CDATA[14-06-2024T18:17:41 - [TEST_CASE][PASSED] - Test Cases/API/API15: Test Cases/API/API15

14-06-2024T18:17:41 - [TEST_STEP][PASSED] - a = sendRequest(findTestObject("API/GetUser11")): Send request successfully

14-06-2024T18:17:41 - [MESSAGE][INFO] - HAR: D:\katalon_repo\Katalon\Reports\20240614_181557\Test Suites\Test Suite 2\20240614_181600\requests\main\14.har

14-06-2024T18:17:41 - [MESSAGE][PASSED] - Send request successfully

14-06-2024T18:17:41 - [TEST_STEP][PASSED] - verifyResponseStatusCode(a, 200): Verify response status code successfully

14-06-2024T18:17:41 - [MESSAGE][PASSED] - Verify response status code successfully]]></system-out>
         <system-err><![CDATA[]]></system-err>
      </testcase>
      <system-out><![CDATA[14-06-2024T18:17:38 - [TEST_SUITE][PASSED] - Test Suite 2: Test Cases/API/API15]]></system-out>
      <system-err><![CDATA[]]></system-err>
   </testsuite>
   <testsuite name="Test Suite 3" tests="1" failures="0" errors="0" time="18.04" skipped="0" timestamp="14-06-2024T18:18:20" hostname="phongHoai - MSI" id="Test Suites/Test Suites/Test Suite 3">
      <properties>
         <property name="deviceName" value=""/>
         <property name="devicePlatform"/>
         <property name="logFolder" value="D:\\katalon_repo\\Katalon\\Reports\\20240614_181557\\Test Suites\\Test Suite 3\\20240614_181602"/>
         <property name="logFiles" value="D:\\katalon_repo\\Katalon\\Reports\\20240614_181557\\Test Suites\\Test Suite 3\\20240614_181602\\execution0.log"/>
         <property name="attachments" value="keyes\keyes-current_viewport.png, keyes\keyes-current_viewport1.png, keyes\keyes-current_viewport2.png, keyes\keyes-current_viewport3.png, keyes\keyes-current_viewport4.png, keyes\keyes-current_viewport5.png, keyes\keyes-current_viewport6.png, keyes\keyes-current_viewport7.png, keyes\keyes-current_viewport8.png, keyes\keyes-current_viewport9.png, keyes\keyes-current_viewport10.png, keyes\keyes-current_viewport11.png, keyes\keyes-current_viewport13.png"/>
         <property name="hostName" value="phongHoai - MSI"/>
         <property name="os" value="Windows 11 64bit"/>
         <property name="katalonVersion" value="9.5.0.217"/>
         <property name="browser" value="Chrome 125.0.0.0"/>
         <property name="hostAddress" value="192.168.1.11"/>
         <property name="sessionId" value="87b308439c2f3c2a9fda839d06aa010b"/>
         <property name="seleniumVersion" value="3.141.59"/>
         <property name="proxyInformation" value="ProxyInformation { proxyOption=NO_PROXY, proxyServerType=HTTP, username=, password=********, proxyServerAddress=, proxyServerPort=0, executionList=&quot;&quot;, isApplyToDesiredCapabilities=true }"/>
         <property name="platform" value="Windows 11"/>
      </properties>
      <testcase name="Test Cases/WEB/VisualTesting" time="17.93" classname="Test Cases/WEB/VisualTesting" status="PASSED">
         <system-out><![CDATA[14-06-2024T18:18:20 - [TEST_CASE][PASSED] - Test Cases/WEB/VisualTesting: Test Cases/WEB/VisualTesting

14-06-2024T18:18:20 - [TEST_STEP][PASSED] - openBrowser(""): Browser is opened with url: ''

14-06-2024T18:18:20 - [MESSAGE][INFO] - Starting 'Chrome' driver

14-06-2024T18:18:20 - [MESSAGE][INFO] - Action delay is set to 0 milliseconds

14-06-2024T18:18:21 - [MESSAGE][PASSED] - Browser is opened with url: ''

14-06-2024T18:18:21 - [TEST_STEP][PASSED] - navigateToUrl("https://katalon-demo-cura.herokuapp.com/"): Navigate to 'https://katalon-demo-cura.herokuapp.com/' successfully

14-06-2024T18:18:24 - [MESSAGE][PASSED] - Navigate to 'https://katalon-demo-cura.herokuapp.com/' successfully

14-06-2024T18:18:24 - [TEST_STEP][PASSED] - verifyElementPresent(findTestObject("Object Repository/Page_CURA Healthcare Service/a_Make Appointment"), 0): Object 'Object Repository/Page_CURA Healthcare Service/a_Make Appointment' is present

14-06-2024T18:18:24 - [MESSAGE][WARNING] - Timeout '0' is invalid. Using default page load timeout: '30'

14-06-2024T18:18:25 - [MESSAGE][PASSED] - Object 'Object Repository/Page_CURA Healthcare Service/a_Make Appointment' is present

14-06-2024T18:18:25 - [TEST_STEP][PASSED] - takeScreenshotAsCheckpoint("current_viewport"): Taking screenshot successfully

14-06-2024T18:18:25 - [MESSAGE][INFO] - 0 hidden object(s)

14-06-2024T18:18:25 - [MESSAGE][PASSED] - Taking screenshot successfully
[[ATTACHMENT|keyes\keyes-current_viewport.png]]

14-06-2024T18:18:25 - [TEST_STEP][PASSED] - takeScreenshotAsCheckpoint("current_viewport1"): Taking screenshot successfully

14-06-2024T18:18:26 - [MESSAGE][INFO] - 0 hidden object(s)

14-06-2024T18:18:26 - [MESSAGE][PASSED] - Taking screenshot successfully
[[ATTACHMENT|keyes\keyes-current_viewport1.png]]

14-06-2024T18:18:26 - [TEST_STEP][PASSED] - takeScreenshotAsCheckpoint("current_viewport2"): Taking screenshot successfully

14-06-2024T18:18:27 - [MESSAGE][INFO] - 0 hidden object(s)

14-06-2024T18:18:27 - [MESSAGE][PASSED] - Taking screenshot successfully
[[ATTACHMENT|keyes\keyes-current_viewport2.png]]

14-06-2024T18:18:27 - [TEST_STEP][PASSED] - takeScreenshotAsCheckpoint("current_viewport3"): Taking screenshot successfully

14-06-2024T18:18:28 - [MESSAGE][INFO] - 0 hidden object(s)

14-06-2024T18:18:28 - [MESSAGE][PASSED] - Taking screenshot successfully
[[ATTACHMENT|keyes\keyes-current_viewport3.png]]

14-06-2024T18:18:28 - [TEST_STEP][PASSED] - takeScreenshotAsCheckpoint("current_viewport4"): Taking screenshot successfully

14-06-2024T18:18:29 - [MESSAGE][INFO] - 0 hidden object(s)

14-06-2024T18:18:29 - [MESSAGE][PASSED] - Taking screenshot successfully
[[ATTACHMENT|keyes\keyes-current_viewport4.png]]

14-06-2024T18:18:29 - [TEST_STEP][PASSED] - takeScreenshotAsCheckpoint("current_viewport5"): Taking screenshot successfully

14-06-2024T18:18:30 - [MESSAGE][INFO] - 0 hidden object(s)

14-06-2024T18:18:30 - [MESSAGE][PASSED] - Taking screenshot successfully
[[ATTACHMENT|keyes\keyes-current_viewport5.png]]

14-06-2024T18:18:30 - [TEST_STEP][PASSED] - takeScreenshotAsCheckpoint("current_viewport6"): Taking screenshot successfully

14-06-2024T18:18:31 - [MESSAGE][INFO] - 0 hidden object(s)

14-06-2024T18:18:31 - [MESSAGE][PASSED] - Taking screenshot successfully
[[ATTACHMENT|keyes\keyes-current_viewport6.png]]

14-06-2024T18:18:31 - [TEST_STEP][PASSED] - takeScreenshotAsCheckpoint("current_viewport7"): Taking screenshot successfully

14-06-2024T18:18:32 - [MESSAGE][INFO] - 0 hidden object(s)

14-06-2024T18:18:32 - [MESSAGE][PASSED] - Taking screenshot successfully
[[ATTACHMENT|keyes\keyes-current_viewport7.png]]

14-06-2024T18:18:32 - [TEST_STEP][PASSED] - takeScreenshotAsCheckpoint("current_viewport8"): Taking screenshot successfully

14-06-2024T18:18:33 - [MESSAGE][INFO] - 0 hidden object(s)

14-06-2024T18:18:33 - [MESSAGE][PASSED] - Taking screenshot successfully
[[ATTACHMENT|keyes\keyes-current_viewport8.png]]

14-06-2024T18:18:33 - [TEST_STEP][PASSED] - takeScreenshotAsCheckpoint("current_viewport9"): Taking screenshot successfully

14-06-2024T18:18:34 - [MESSAGE][INFO] - 0 hidden object(s)

14-06-2024T18:18:34 - [MESSAGE][PASSED] - Taking screenshot successfully
[[ATTACHMENT|keyes\keyes-current_viewport9.png]]

14-06-2024T18:18:34 - [TEST_STEP][PASSED] - takeScreenshotAsCheckpoint("current_viewport10"): Taking screenshot successfully

14-06-2024T18:18:35 - [MESSAGE][INFO] - 0 hidden object(s)

14-06-2024T18:18:35 - [MESSAGE][PASSED] - Taking screenshot successfully
[[ATTACHMENT|keyes\keyes-current_viewport10.png]]

14-06-2024T18:18:35 - [TEST_STEP][PASSED] - takeScreenshotAsCheckpoint("current_viewport11"): Taking screenshot successfully

14-06-2024T18:18:36 - [MESSAGE][INFO] - 0 hidden object(s)

14-06-2024T18:18:36 - [MESSAGE][PASSED] - Taking screenshot successfully
[[ATTACHMENT|keyes\keyes-current_viewport11.png]]

14-06-2024T18:18:36 - [TEST_STEP][PASSED] - takeScreenshotAsCheckpoint("current_viewport13"): Taking screenshot successfully

14-06-2024T18:18:37 - [MESSAGE][INFO] - 0 hidden object(s)

14-06-2024T18:18:37 - [MESSAGE][PASSED] - Taking screenshot successfully
[[ATTACHMENT|keyes\keyes-current_viewport13.png]]

14-06-2024T18:18:37 - [TEST_STEP][PASSED] - closeBrowser(): Browser is closed

14-06-2024T18:18:38 - [MESSAGE][PASSED] - Browser is closed]]></system-out>
         <system-err><![CDATA[]]></system-err>
      </testcase>
      <system-out><![CDATA[14-06-2024T18:18:20 - [TEST_SUITE][PASSED] - Test Suite 3: Test Cases/WEB/VisualTesting]]></system-out>
      <system-err><![CDATA[]]></system-err>
   </testsuite>
</testsuites>
