<?xml version="1.0" encoding="UTF-8"?>
<testsuites name="Test Suite 2" time="5.052" tests="1" failures="0" errors="0">
   <testsuite name="Test Suite 2" tests="1" failures="0" errors="0" time="5.052" skipped="0" timestamp="09-06-2024T17:27:00" hostname="phongHoai - MSI" id="Test Suites/Test Suites/Test Suite 2">
      <properties>
         <property name="deviceName" value=""/>
         <property name="devicePlatform"/>
         <property name="logFolder" value="D:\\katalon_repo\\Katalon\\Reports\\20240609_172653\\Test Suites\\Test Suite 2\\20240609_172654"/>
         <property name="logFiles" value="D:\\katalon_repo\\Katalon\\Reports\\20240609_172653\\Test Suites\\Test Suite 2\\20240609_172654\\execution0.log"/>
         <property name="attachments" value=""/>
         <property name="hostName" value="phongHoai - MSI"/>
         <property name="os" value="Windows 11 64bit"/>
         <property name="katalonVersion" value="9.5.0.217"/>
         <property name="browser" value="Chrome 125.0.0.0"/>
         <property name="hostAddress" value="192.168.1.55"/>
         <property name="sessionId" value="c75d5ce27ae0ec5eecafe62ad7983a79"/>
         <property name="seleniumVersion" value="3.141.59"/>
         <property name="proxyInformation" value="ProxyInformation { proxyOption=NO_PROXY, proxyServerType=HTTP, username=, password=********, proxyServerAddress=, proxyServerPort=0, executionList=&quot;&quot;, isApplyToDesiredCapabilities=true }"/>
         <property name="platform" value="Windows 11"/>
      </properties>
      <testcase name="Test Cases/WEB/Web01" time="4.947" classname="Test Cases/WEB/Web01" status="PASSED">
         <system-out><![CDATA[09-06-2024T17:27:00 - [TEST_CASE][PASSED] - Test Cases/WEB/Web01: Test Cases/WEB/Web01

09-06-2024T17:27:00 - [TEST_STEP][PASSED] - openBrowser(""): Browser is opened with url: ''

09-06-2024T17:27:00 - [MESSAGE][INFO] - Starting 'Chrome' driver

09-06-2024T17:27:00 - [MESSAGE][INFO] - Action delay is set to 0 milliseconds

09-06-2024T17:27:01 - [MESSAGE][PASSED] - Browser is opened with url: ''

09-06-2024T17:27:01 - [TEST_STEP][PASSED] - navigateToUrl("https://katalon-demo-cura.herokuapp.com/"): Navigate to 'https://katalon-demo-cura.herokuapp.com/' successfully

09-06-2024T17:27:04 - [MESSAGE][PASSED] - Navigate to 'https://katalon-demo-cura.herokuapp.com/' successfully

09-06-2024T17:27:04 - [TEST_STEP][PASSED] - verifyElementPresent(findTestObject("Object Repository/Page_CURA Healthcare Service/h1_CURA Healthcare Service"), 0): Object 'Object Repository/Page_CURA Healthcare Service/h1_CURA Healthcare Service' is present

09-06-2024T17:27:04 - [MESSAGE][WARNING] - Timeout '0' is invalid. Using default page load timeout: '30'

09-06-2024T17:27:04 - [MESSAGE][PASSED] - Object 'Object Repository/Page_CURA Healthcare Service/h1_CURA Healthcare Service' is present

09-06-2024T17:27:04 - [TEST_STEP][PASSED] - closeBrowser(): Browser is closed

09-06-2024T17:27:05 - [MESSAGE][PASSED] - Browser is closed]]></system-out>
         <system-err><![CDATA[]]></system-err>
      </testcase>
      <system-out><![CDATA[09-06-2024T17:27:00 - [TEST_SUITE][PASSED] - Test Suite 2: Test Cases/WEB/Web01]]></system-out>
      <system-err><![CDATA[]]></system-err>
   </testsuite>
</testsuites>
